number,values_0,values_1,datetime_start,datetime_complete,duration,params_batch_size,params_feature_rate,params_lr,params_n_tree,params_tree_depth,state
0,0.24380922783768497,0.4433283153191727,2025-01-30 08:04:42.132387,2025-01-30 09:49:48.767799,0 days 01:45:06.635412,128,0.2,0.0001322692126635218,87,2,COMPLETE
1,0.11952006523337422,0.5312842330366183,2025-01-30 09:49:48.770433,2025-01-30 10:20:28.990184,0 days 00:30:40.219751,128,0.15000000000000002,0.0003962484182411067,32,4,COMPLETE
2,0.29299894252939074,0.4254614713255819,2025-01-30 10:20:28.995426,2025-01-30 10:53:59.792097,0 days 00:33:30.796671,256,0.35,0.0004921133083344536,37,1,COMPLETE
3,0.1667307744700357,0.4881474176777659,2025-01-30 10:53:59.795482,2025-01-30 12:43:10.216647,0 days 01:49:10.421165,128,0.30000000000000004,0.00010162984704776957,88,4,COMPLETE
4,0.24680344556492093,0.4460237895409561,2025-01-30 12:43:10.219125,2025-01-30 12:54:30.369768,0 days 00:11:20.150643,128,0.15000000000000002,0.0005274375263708319,12,2,COMPLETE
5,0.15417375353500623,0.5060340969740484,2025-01-30 12:54:30.372328,2025-01-30 14:11:40.457033,0 days 01:17:10.084705,256,0.15000000000000002,0.0001943500746964067,62,2,COMPLETE
6,0.30307738756107294,0.4154619932265759,2025-01-30 14:11:40.459844,2025-01-30 14:26:59.187713,0 days 00:15:18.727869,256,0.5,0.0004900157530335821,27,2,COMPLETE
7,0.10322383573169887,0.5431768386138323,2025-01-30 14:26:59.192164,2025-01-30 15:12:47.686087,0 days 00:45:48.493923,128,0.25,0.00011200902884067708,31,4,COMPLETE
8,0.15042545575559735,0.5188340383014722,2025-01-30 15:12:47.690221,2025-01-30 15:38:07.014362,0 days 00:25:19.324141,256,0.25,0.0004823538027355603,44,4,COMPLETE
9,0.28679323753656655,0.43640763590590287,2025-01-30 15:38:07.018876,2025-01-30 16:39:35.445830,0 days 01:01:28.426954,256,0.4,0.0002855677577615133,70,1,COMPLETE
10,0.03906913003970238,0.7967765221741518,2025-01-30 16:39:35.449052,2025-01-30 16:42:11.616350,0 days 00:02:36.167298,256,0.75,0.0008748412963076036,6,5,COMPLETE
11,0.30902720386061655,0.4181361239595048,2025-01-30 16:42:11.618669,2025-01-30 16:53:20.427030,0 days 00:11:08.808361,256,0.65,0.0007545638006388725,24,1,COMPLETE
12,0.31339761789837617,0.4152847556422724,2025-01-30 16:53:20.429914,2025-01-30 17:00:30.043010,0 days 00:07:09.613096,256,0.65,0.0008899922240251793,21,1,COMPLETE
13,0.2357849467000283,0.45514480430405657,2025-01-30 17:00:30.044940,2025-01-30 17:05:31.864674,0 days 00:05:01.819734,256,0.75,0.0009675143280197898,19,3,COMPLETE
14,0.30770418918922593,0.4192493491123802,2025-01-30 17:05:31.867620,2025-01-30 17:22:17.883329,0 days 00:16:46.015709,256,0.95,0.0006973394908860096,54,1,COMPLETE
15,0.24387651930635648,0.45691318204259446,2025-01-30 17:22:17.887218,2025-01-30 17:28:47.325782,0 days 00:06:29.438564,256,0.65,0.0007412648360151746,20,3,COMPLETE
16,0.2628258247707997,0.4361836627606749,2025-01-30 17:28:47.327813,2025-01-30 17:37:48.032846,0 days 00:09:00.705033,256,0.6,0.0009757556001300098,47,3,COMPLETE
17,0.19262470018738337,0.4932402493537655,2025-01-30 17:37:48.035971,2025-01-30 18:24:48.433657,0 days 00:47:00.397686,256,0.9,0.0006798779394380426,99,5,COMPLETE
18,0.3165654998551167,0.4176242002851015,2025-01-30 18:24:48.435733,2025-01-30 18:35:52.635678,0 days 00:11:04.199945,128,0.5,0.0006587738164410909,21,1,COMPLETE
19,0.27476415155854345,0.43981183722908457,2025-01-30 18:35:52.638737,2025-01-30 18:43:20.548839,0 days 00:07:27.910102,128,0.45000000000000007,0.00031809380381016045,6,1,COMPLETE
20,0.3075196572601912,0.4098416013355271,2025-01-30 18:43:20.549825,2025-01-30 18:51:47.734835,0 days 00:08:27.185010,128,0.8,0.0006451773283654509,39,2,COMPLETE
21,0.30385023751217755,0.41896037797528274,2025-01-30 18:51:47.740725,2025-01-30 19:00:08.008778,0 days 00:08:20.268053,128,0.85,0.0005756253883622789,39,2,COMPLETE
22,0.3276378270982698,0.40069011644388386,2025-01-30 19:00:08.014721,2025-01-30 19:18:37.738256,0 days 00:18:29.723535,128,0.8,0.0003911580310082955,56,2,COMPLETE
23,0.2729058187775009,0.4320436250965221,2025-01-30 19:18:37.742909,2025-01-30 19:35:57.565236,0 days 00:17:19.822327,128,0.8,0.00035823851223975797,72,3,COMPLETE
24,0.3083228454628426,0.4104419670987921,2025-01-30 19:35:57.569619,2025-01-30 19:57:14.264688,0 days 00:21:16.695069,128,0.75,0.0002622121034846833,58,2,COMPLETE
25,0.2681526707483527,0.4334794294466606,2025-01-30 19:57:14.269614,2025-01-30 20:17:49.170108,0 days 00:20:34.900494,128,0.95,0.00022118752044980567,66,3,COMPLETE
26,0.3121220509805839,0.4090447092022119,2025-01-30 20:17:49.173785,2025-01-30 20:38:19.147514,0 days 00:20:29.973729,128,0.85,0.0003985670212482614,78,2,COMPLETE
27,0.3078707586645724,0.41079523961425146,2025-01-30 20:38:19.150885,2025-01-30 21:02:05.917038,0 days 00:23:46.766153,128,0.6,0.0003923896846794474,77,2,COMPLETE
28,0.2715841230187648,0.429728424439786,2025-01-30 21:02:05.922761,2025-01-30 21:26:54.873982,0 days 00:24:48.951221,128,0.55,0.00040135042490245624,81,3,COMPLETE
29,0.30836687503273214,0.41450847961580034,2025-01-30 21:26:54.880245,2025-01-30 21:49:52.045798,0 days 00:22:57.165553,128,0.85,0.00017953818936188745,50,2,COMPLETE
30,0.16038720141438625,0.5065644399724349,2025-01-30 21:49:52.052284,2025-01-30 23:11:50.470737,0 days 01:21:58.418453,128,0.7000000000000001,0.0001286615228678452,92,5,COMPLETE
31,0.30558378026908434,0.4187046508376052,2025-01-30 23:11:50.476530,2025-01-30 23:57:58.435340,0 days 00:46:07.958810,128,0.85,0.00014994830602411662,56,1,COMPLETE
32,0.2751555582504451,0.43026527830596645,2025-01-30 23:57:58.437016,2025-01-31 00:22:38.968911,0 days 00:24:40.531895,128,0.7000000000000001,0.00032342645719211303,78,3,COMPLETE
33,0.29716261193959037,0.4187328575774032,2025-01-31 00:22:38.972954,2025-01-31 00:48:28.185075,0 days 00:25:49.212121,128,0.9,0.0002641395890459131,66,2,COMPLETE
34,0.15922593834896248,0.5075339917913694,2025-01-31 00:48:28.192200,2025-01-31 01:29:58.457895,0 days 00:41:30.265695,128,0.1,0.0004410210885889458,43,4,COMPLETE
35,0.30735493488277754,0.418413584195447,2025-01-31 01:29:58.463545,2025-01-31 02:09:09.443318,0 days 00:39:10.979773,128,0.8,0.00036204499074944484,85,1,COMPLETE
36,0.3253000651660038,0.40639994880185687,2025-01-31 02:09:09.445610,2025-01-31 02:21:45.729784,0 days 00:12:36.284174,128,0.7000000000000001,0.000532504488014409,60,2,COMPLETE
37,0.3179918597000694,0.4074811792806214,2025-01-31 02:21:45.734731,2025-01-31 02:32:54.602795,0 days 00:11:08.868064,128,0.9,0.0005908648516057015,61,2,COMPLETE
38,0.30173045345436345,0.41228836496998833,2025-01-31 02:32:54.605983,2025-01-31 02:49:27.877338,0 days 00:16:33.271355,128,0.35,0.0005666589009160533,51,2,COMPLETE
39,0.22926815606812695,0.458810460108597,2025-01-31 02:49:27.879353,2025-01-31 03:07:19.525504,0 days 00:17:51.646151,128,0.9,0.0004887379972062563,62,4,COMPLETE
40,0.28471937404914305,0.4257727113473432,2025-01-31 03:07:19.528446,2025-01-31 03:16:16.298210,0 days 00:08:56.769764,128,0.7000000000000001,0.0004309421464858604,32,2,COMPLETE
41,0.274467416950215,0.4352481405327689,2025-01-31 03:16:16.303697,2025-01-31 03:36:42.616460,0 days 00:20:26.312763,128,0.5,0.0003541874451586278,61,3,COMPLETE
42,0.1810140079340103,0.49146711514539787,2025-01-31 03:36:42.624161,2025-01-31 04:05:42.848343,0 days 00:29:00.224182,128,0.8,0.00010269495309535015,46,4,COMPLETE
43,0.1641757738750743,0.5107127262480856,2025-01-31 04:05:42.855491,2025-01-31 04:58:37.394822,0 days 00:52:54.539331,128,0.2,0.00045387247455635783,73,5,COMPLETE
44,0.3060095843205507,0.4175336336954059,2025-01-31 04:58:37.397931,2025-01-31 05:35:49.822486,0 days 00:37:12.424555,128,0.75,0.0002829306002800751,67,1,COMPLETE
45,0.30717390949942847,0.4142792589624153,2025-01-31 05:35:49.824352,2025-01-31 06:11:16.487553,0 days 00:35:26.663201,256,0.85,0.00021401162085201981,59,2,COMPLETE
46,0.2239452189771264,0.45756946940529025,2025-01-31 06:11:16.493611,2025-01-31 06:25:41.698289,0 days 00:14:25.204678,128,0.30000000000000004,0.0005305228403198383,31,3,COMPLETE
47,0.29853949267746105,0.42205946395553157,2025-01-31 06:25:41.701092,2025-01-31 07:03:27.120330,0 days 00:37:45.419238,256,0.6,0.00040556629472453666,53,1,COMPLETE
48,0.1483343168132724,0.5260322709705697,2025-01-31 07:03:27.124065,2025-01-31 07:08:26.092105,0 days 00:04:58.968040,128,0.95,0.0005132864915584144,14,4,COMPLETE
49,0.2922222515686074,0.41772803671640835,2025-01-31 07:08:26.095675,2025-01-31 07:25:31.547907,0 days 00:17:05.452232,256,0.4,0.0006076992611936677,36,2,COMPLETE
