number,values_0,values_1,datetime_start,datetime_complete,duration,params_colsample_bytree,params_gamma,params_learning_rate,params_max_depth,params_min_child_weight,params_n_estimators,params_reg_alpha,params_reg_lambda,params_subsample,state
0,0.14723352126621794,0.544362460678542,2024-12-11 10:41:37.581850,2024-12-11 10:41:47.699235,0 days 00:00:10.117385,0.9061314168702587,0.18132177505023328,0.6854692000122512,60,34,271,2.222385691833215,1.2034356342273496,0.5320120748271108,COMPLETE
1,0.2170833688279608,0.4189464447531789,2024-12-11 10:41:47.699910,2024-12-11 10:42:18.527714,0 days 00:00:30.827804,0.6145124348163835,1.6708507414695486,0.5893767406169566,49,36,1664,2.5945887837447588,1.766811825951387,0.9690426746783836,COMPLETE
2,0.15222988406922056,0.49703137098986633,2024-12-11 10:42:18.528384,2024-12-11 10:42:53.976788,0 days 00:00:35.448404,0.6822450527533639,0.7011346606600815,0.7923723984050433,35,1,1827,2.5844136193367415,2.4544175184442585,0.6281198363915714,COMPLETE
3,0.14610731400543336,0.4915782759537201,2024-12-11 10:42:53.977460,2024-12-11 10:43:26.445133,0 days 00:00:32.467673,0.7960751600742633,0.5811704226888647,0.9646080107734756,17,34,1670,2.5921240101392873,0.8913421964203337,0.9363038977869211,COMPLETE
4,0.15512847668836244,0.5110852317544172,2024-12-11 10:43:26.445814,2024-12-11 10:43:52.247342,0 days 00:00:25.801528,0.5000319402835396,2.7324994383445196,0.8574981449433164,14,44,1373,2.301438100334934,1.6161648013478345,0.5382368740361434,COMPLETE
5,0.22851785930933483,0.42177123795236326,2024-12-11 10:43:52.248031,2024-12-11 10:44:28.145738,0 days 00:00:35.897707,0.5805195917327202,2.9004880707109133,0.4257439298371046,68,45,1953,0.7653369067538913,1.5861124463299852,0.6140960882600228,COMPLETE
6,0.16584896857256134,0.4712015220471222,2024-12-11 10:44:28.146455,2024-12-11 10:44:51.849112,0 days 00:00:23.702657,0.7477722761944525,0.500056119702919,0.6574464985452425,38,10,1139,0.32864814484024446,2.1049522084760177,0.7776522143063813,COMPLETE
7,0.19590186857943276,0.46270644630123636,2024-12-11 10:44:51.849813,2024-12-11 10:45:04.320747,0 days 00:00:12.470934,0.7592762484574419,2.978887470648507,0.5352714225480921,2,17,574,0.10512938656447858,0.5269584465993351,0.5086157530405819,COMPLETE
8,0.2551771372866586,0.41067157053081643,2024-12-11 10:45:04.321494,2024-12-11 10:45:21.023945,0 days 00:00:16.702451,0.642351935183809,1.0994935662339693,0.3138813854678463,72,31,774,1.0805713354870299,2.3123562964298063,0.74444536555586,COMPLETE
9,0.2826764696931834,0.3920601155288209,2024-12-11 10:45:21.024617,2024-12-11 10:45:56.249055,0 days 00:00:35.224438,0.6949753189596104,1.790460363813577,0.12262552916653705,60,16,1787,0.9811754029588775,1.7781373108843852,0.8689144858403899,COMPLETE
10,0.2810562098008325,0.40232382619512386,2024-12-11 10:45:56.249742,2024-12-11 10:47:42.243845,0 days 00:01:45.994103,0.9578509021674229,1.815446555112798,0.0019075350694218313,53,21,1270,1.5574953385266412,2.9823700126540755,0.9053782496189497,COMPLETE
11,0.2871423701708927,0.39619610801206795,2024-12-11 10:47:42.244552,2024-12-11 10:48:16.577053,0 days 00:00:34.332501,0.9504729757217801,1.84347036770638,0.028072090610174225,54,21,1359,1.4986005524732715,2.93693917661624,0.8761254883795669,COMPLETE
12,0.2723726485022405,0.3974875871802742,2024-12-11 10:48:16.577728,2024-12-11 10:48:47.397987,0 days 00:00:30.820259,0.9954672797109655,2.110435613417345,0.09214362081137509,48,14,1419,1.6202205051348784,2.938472644458225,0.838395041078702,COMPLETE
13,0.2646322980909421,0.3999950905871089,2024-12-11 10:48:47.398665,2024-12-11 10:49:07.214669,0 days 00:00:19.816004,0.8747762857873105,1.3099197958997193,0.17654895447016133,61,24,898,1.1714869915963095,2.5637991166826115,0.9989829255778162,COMPLETE
14,0.2554662877880657,0.3995538424648677,2024-12-11 10:49:07.215344,2024-12-11 10:49:38.719972,0 days 00:00:31.504628,0.8458116266696258,2.1714856843098067,0.22852325524757594,26,7,1546,1.7935453526408802,2.1376215541303076,0.8665080638501045,COMPLETE
15,0.295100587394058,0.3924956721775792,2024-12-11 10:49:38.720749,2024-12-11 10:50:09.612936,0 days 00:00:30.892187,0.9307281637448511,1.2917048609714652,0.025498133809022796,58,27,1079,2.9880060201261136,0.060550268553881015,0.8524890586972576,COMPLETE
16,0.28641734982397665,0.3947420153927911,2024-12-11 10:50:09.613614,2024-12-11 10:50:16.640762,0 days 00:00:07.027148,0.8497548766658519,1.0356780091383584,0.13111931503126134,43,28,168,2.9265085409821285,0.03807812346696729,0.8085816492677375,COMPLETE
17,0.2615114247579822,0.40236862325214845,2024-12-11 10:50:16.641435,2024-12-11 10:50:28.111963,0 days 00:00:11.470528,0.9154623036764801,1.3974137220337595,0.28880233712066067,64,39,467,2.902057452139298,0.07408076778283235,0.7469910372314637,COMPLETE
18,0.21844903276953626,0.41569176976735617,2024-12-11 10:50:28.112662,2024-12-11 10:50:49.750234,0 days 00:00:21.637572,0.810075893792572,0.956873127898812,0.4105021963205757,73,27,1028,2.0557610373652735,0.613000162584934,0.926384723078334,COMPLETE
19,0.2991033022802192,0.3904054150142543,2024-12-11 10:50:49.750975,2024-12-11 10:51:25.951833,0 days 00:00:36.200858,0.9805134247591066,0.03282822976780042,0.08852957097126155,29,48,780,2.0672251864918194,1.1540234532224705,0.8229135679202688,COMPLETE
20,0.21646587127320985,0.4489466391583541,2024-12-11 10:51:25.952512,2024-12-11 10:51:46.147652,0 days 00:00:20.195140,0.9888101630139567,0.052949902151767425,0.42465269916635806,28,48,699,1.8973014109141864,1.255177112955336,0.7050765041473352,COMPLETE
21,0.2769568533562771,0.400252981664816,2024-12-11 10:51:46.148356,2024-12-11 10:52:05.564258,0 days 00:00:19.415902,0.999962063079071,0.029123300836238597,0.16659252711153577,24,39,382,2.055330235371914,1.261515112517643,0.8290401741069326,COMPLETE
22,0.29172149436406347,0.39256392848110705,2024-12-11 10:52:05.564967,2024-12-11 10:52:37.890759,0 days 00:00:32.325792,0.928295554987584,0.3510153157843615,0.06347379085952977,10,50,917,0.5545599708461392,1.8928900816730674,0.7987079062007615,COMPLETE
23,0.26645476156479253,0.4073643974859367,2024-12-11 10:52:37.891445,2024-12-11 10:52:52.511771,0 days 00:00:14.620326,0.8958303813373407,0.6937977275370294,0.2361053991138936,35,43,608,1.2802713376068788,1.4449656330594673,0.8678674407921381,COMPLETE
24,0.2944062954089087,0.3951838616799404,2024-12-11 10:52:52.512460,2024-12-11 10:53:02.014368,0 days 00:00:09.501908,0.9347769093099055,0.3412166417622895,0.10466111593001144,22,41,92,0.8534045311342753,0.9553067722331119,0.6897218176458569,COMPLETE
25,0.2969063931248672,0.3913959488249602,2024-12-11 10:53:02.015031,2024-12-11 10:53:31.030713,0 days 00:00:29.015682,0.962545695999451,0.7940573116619518,0.04014464061804948,29,50,848,1.3172302410409416,1.8768184223444377,0.7806105918659743,COMPLETE
26,0.22122513725675522,0.4417296648400722,2024-12-11 10:53:31.031424,2024-12-11 10:53:56.108054,0 days 00:00:25.076630,0.9603938984348155,0.01344633790146241,0.3729712483788328,29,47,842,1.387194052379437,0.3123764308007073,0.7671693339515524,COMPLETE
27,0.2758763732992199,0.43127300530629425,2024-12-11 10:53:56.108729,2024-12-11 10:54:19.750563,0 days 00:00:23.641834,0.8659883198821094,0.27279175206670103,0.5012847299341152,1,30,1129,1.7249033526557416,0.8961038822159595,0.8208356600281494,COMPLETE
28,0.22878148628404102,0.41918399166237047,2024-12-11 10:54:19.751191,2024-12-11 10:54:32.291848,0 days 00:00:12.540657,0.9593413783554828,0.47791264655033766,0.3141685378172868,40,37,480,1.4652614289999646,0.6373102895273155,0.900559033496322,COMPLETE
29,0.30461751828796285,0.39328348873143637,2024-12-11 10:54:32.292568,2024-12-11 10:55:39.283432,0 days 00:01:06.990864,0.8988072764326818,0.18915056935056562,0.00840799492827947,31,2,303,2.2573709922051552,1.4542675104991831,0.7899143243967153,COMPLETE
30,0.3003566136698027,0.38877540303188624,2024-12-11 10:55:39.284136,2024-12-11 10:55:57.267274,0 days 00:00:17.983138,0.895132342693584,0.24748867496804658,0.069949182787711,32,1,307,2.301361297965141,1.137946840019699,0.786515052685976,COMPLETE
31,0.30985445678744516,0.3874644045357948,2024-12-11 10:55:57.267994,2024-12-11 10:56:20.214047,0 days 00:00:22.946053,0.8888235853477768,0.21866057044878318,0.04733079908738138,32,1,281,2.3643752805317972,1.353956963179284,0.788198612650216,COMPLETE
32,0.25255946954505804,0.4012536483075169,2024-12-11 10:56:20.214718,2024-12-11 10:56:31.871490,0 days 00:00:11.656772,0.8954155701787285,0.28750719212286974,0.17653984015710902,45,1,288,2.2598481840641833,1.4341511392333082,0.7186520524141387,COMPLETE
33,0.1586304950806925,0.4528400515741341,2024-12-11 10:56:31.872183,2024-12-11 10:56:39.563358,0 days 00:00:07.691175,0.8303145894629659,0.18334230789370107,0.678531130398587,34,5,215,2.405032640259355,1.0447528765543352,0.7967095604757437,COMPLETE
34,0.18511213559137832,0.4277327282445893,2024-12-11 10:56:39.564069,2024-12-11 10:56:43.434903,0 days 00:00:03.870834,0.8804767447845451,0.5507301849637388,0.603092059883958,19,4,55,2.4823164344824313,1.2559975513067636,0.9579021514900472,COMPLETE
35,0.14248430566634082,0.4957082991754193,2024-12-11 10:56:43.435572,2024-12-11 10:56:52.147568,0 days 00:00:08.711996,0.7925580971117591,0.7309739473638347,0.7363114534991261,32,10,314,2.734265223847353,1.138656102706661,0.6493153131157909,COMPLETE
36,0.11648314861698368,0.5134556742298403,2024-12-11 10:56:52.148270,2024-12-11 10:57:03.074218,0 days 00:00:10.925948,0.9101507603438714,0.4611250436408704,0.9432982144557853,13,1,409,2.129563406858753,1.609874795499264,0.7323624185050126,COMPLETE
37,0.2784158519278511,0.3936087768872806,2024-12-11 10:57:03.074925,2024-12-11 10:57:27.601783,0 days 00:00:24.526858,0.7645249730028187,0.17768882112101425,0.07524782426535592,37,8,575,2.3888605901909883,1.472777192462971,0.570214099643391,COMPLETE
38,0.17661988814377755,0.4524442552953075,2024-12-11 10:57:27.602456,2024-12-11 10:57:32.605358,0 days 00:00:05.002902,0.7204358650341858,2.55952729103964,0.8242961321087305,6,4,168,2.6447479807076495,0.7118456331635525,0.6634755640257128,COMPLETE
39,0.15372382459407577,0.46725217479349535,2024-12-11 10:57:32.606030,2024-12-11 10:57:41.228990,0 days 00:00:08.622960,0.8188762702468536,0.8935720303593231,0.7568746098212916,20,12,328,2.2699771718705652,0.8636189234758049,0.7659649578263013,COMPLETE
40,0.1720535789038508,0.44954789669191014,2024-12-11 10:57:41.229681,2024-12-11 10:58:20.841260,0 days 00:00:39.611579,0.7930805470200558,0.6306991955378682,0.5967612613816593,41,3,1994,1.953505331175492,1.7172497002562128,0.6884645264063542,COMPLETE
41,0.1252927154738829,0.5086768962431787,2024-12-11 10:58:20.841938,2024-12-11 10:58:33.015922,0 days 00:00:12.173984,0.5078234198837428,0.17713762892416424,0.8986801053431601,30,7,487,2.5128542259904263,1.3319207875410526,0.7849134023801816,COMPLETE
42,0.29523653606624406,0.3926710858363627,2024-12-11 10:58:33.016610,2024-12-11 10:58:44.369456,0 days 00:00:11.352846,0.6745479606434492,1.1703503514135194,0.053834612927548674,32,1,240,2.182020412103637,1.1433831645669235,0.5835812145533517,COMPLETE
43,0.31676588193316846,0.38736261217647117,2024-12-11 10:58:44.370175,2024-12-11 10:59:36.661869,0 days 00:00:52.291694,0.8577561389656525,0.8529698227597036,0.009260198071543269,24,10,727,0.06763595306232228,1.8113301824833639,0.7595912218299264,COMPLETE
44,0.3173720178240978,0.38505274434709674,2024-12-11 10:59:36.662555,2024-12-11 11:00:13.605272,0 days 00:00:36.942717,0.7460081393577735,0.8524130162853479,0.016503916774302015,16,19,722,0.0669144273311843,1.9806043847648944,0.7310226607135641,COMPLETE
45,0.320006995826492,0.3837122211025608,2024-12-11 11:00:13.605957,2024-12-11 11:01:34.136569,0 days 00:01:20.530612,0.7321091539815728,0.8536257784575628,0.007118156795668901,15,19,1284,0.0397606715898274,2.026326249205963,0.5068570768144947,COMPLETE
46,0.30240340603160254,0.3949225673805471,2024-12-11 11:01:34.137269,2024-12-11 11:03:04.792802,0 days 00:01:30.655533,0.7273480344065677,1.4881522442128574,0.002165203094404695,15,20,1260,0.010651735061936587,2.0330564937232527,0.5194724970275524,COMPLETE
47,0.18490180601636866,0.4781981896341437,2024-12-11 11:03:04.793516,2024-12-11 11:03:35.255656,0 days 00:00:30.462140,0.6351764761707333,1.5967199687885456,0.534825218951228,7,18,1537,0.1827313862572041,2.2904040242024375,0.508724955012866,COMPLETE
48,0.0690105583671832,0.7237008099149312,2024-12-11 11:03:35.256343,2024-12-11 11:04:02.637731,0 days 00:00:27.381388,0.7699511817985862,0.8708341743044455,0.9946626937750114,11,24,1276,0.3355089116534073,2.6301550948658967,0.6063771302103798,COMPLETE
49,0.3153072735803718,0.3881968392139533,2024-12-11 11:04:02.638422,2024-12-11 11:06:17.728215,0 days 00:02:15.089793,0.6838002092738201,1.0962547797391482,0.0022007119732576673,16,15,1714,0.24847156971980264,1.7166960330172056,0.5423115979614478,COMPLETE
50,0.25403904584753645,0.4072113542913125,2024-12-11 11:06:17.728946,2024-12-11 11:06:54.959182,0 days 00:00:37.230236,0.7382527916683794,1.1178635184566263,0.145804277164831,17,15,1792,0.2325133289740416,1.7107433317216354,0.5379256495291633,COMPLETE
51,0.32497591074301907,0.38343066724771785,2024-12-11 11:06:54.959894,2024-12-11 11:07:56.952029,0 days 00:01:01.992135,0.707556033711346,0.9898814399589163,0.011313846563384026,6,18,1700,0.414514472497369,2.018378408292295,0.501254392613424,COMPLETE
52,0.2910301912165599,0.39448093932690415,2024-12-11 11:07:56.952722,2024-12-11 11:08:32.430910,0 days 00:00:35.478188,0.6871240892572532,1.2489865857624172,0.11429076198775188,5,19,1693,0.6832502847953378,2.008244477720485,0.5013615665219029,COMPLETE
53,0.2768381779746083,0.41493435836603043,2024-12-11 11:08:32.431601,2024-12-11 11:10:06.023370,0 days 00:01:33.591769,0.7062981988656926,0.9910990889236837,0.0008318918952555723,4,13,1926,0.9738091348665829,2.1924866368807714,0.5520481351461467,COMPLETE
54,0.1378095463227868,0.5367244335562986,2024-12-11 11:10:06.024129,2024-12-11 11:10:37.571615,0 days 00:00:31.547486,0.6697082115895808,1.0420942955578607,0.6507785873547189,9,22,1564,0.4582769540168927,2.400758170475809,0.5291300120925262,COMPLETE
55,0.186431154036171,0.4528683838754791,2024-12-11 11:10:37.572357,2024-12-11 11:11:13.451588,0 days 00:00:35.879231,0.5907163096107424,1.378229487556262,0.48183473094177715,68,17,1851,1.1642001326250786,1.870893756198233,0.5513561413933019,COMPLETE
56,0.24623206629687858,0.4197972491680967,2024-12-11 11:11:13.452288,2024-12-11 11:11:44.751042,0 days 00:00:31.298754,0.7116696253691723,0.7913130718870462,0.21136980859469354,3,23,1449,0.6927277412673603,2.0234036262042903,0.5209742908408725,COMPLETE
57,0.2977807084089439,0.391613602733164,2024-12-11 11:11:44.751721,2024-12-11 11:12:20.608336,0 days 00:00:35.856615,0.7468190927427971,1.2113381457286618,0.1232539145554983,8,11,1704,1.6411882820559547,2.2378266852920063,0.5076823410975129,COMPLETE
58,0.30820630257795,0.39048940065618415,2024-12-11 11:12:20.609034,2024-12-11 11:13:02.074252,0 days 00:00:41.465218,0.697348507027764,1.0819277040967132,0.04370047514055271,12,33,1615,0.8827614765797239,2.116321627439627,0.5001908988480593,COMPLETE
59,0.3002504394415971,0.39047684423422463,2024-12-11 11:13:02.074963,2024-12-11 11:13:41.028840,0 days 00:00:38.953877,0.6580555179598034,1.7375218187698092,0.08857478145996202,16,16,1880,0.5354429369823217,2.7229973662852993,0.5485335635085484,COMPLETE
60,0.3137690792267897,0.3873697435633133,2024-12-11 11:13:41.029554,2024-12-11 11:14:22.814659,0 days 00:00:41.785105,0.7334749230529599,0.9216191374958295,0.03915565084104,3,25,1733,1.0340905802659441,2.37744554124911,0.5736755091989718,COMPLETE
61,0.27554490378933016,0.43192571311481565,2024-12-11 11:14:22.815372,2024-12-11 11:14:50.731230,0 days 00:00:27.915858,0.7295168272718722,0.9603250504369052,0.8291554870955216,1,14,1440,0.3072109640039423,2.3744585553501807,0.9879027160377388,COMPLETE
62,0.3198745624494287,0.38536935738640077,2024-12-11 11:14:50.731935,2024-12-11 11:15:31.129958,0 days 00:00:40.398023,0.6938184206790748,1.8868400358966781,0.03390604047268108,57,21,1737,0.035645163184362505,2.2168320547021865,0.5261627487949074,COMPLETE
63,0.0889851490913936,0.6180591880577684,2024-12-11 11:15:31.130667,2024-12-11 11:16:05.267760,0 days 00:00:34.137093,0.7057878842667723,2.9654323658291846,0.8944247432081234,52,26,1736,0.01755748887905978,1.6504025953362635,0.5299335712476928,COMPLETE
64,0.28439605127277834,0.40024656953118976,2024-12-11 11:16:05.268504,2024-12-11 11:16:32.414158,0 days 00:00:27.145654,0.6838933951284285,2.0328327589306237,0.15479459319195432,4,20,1342,1.0975169076227629,2.478204308060082,0.5795458565882498,COMPLETE
65,0.31219482123569076,0.3879176966222473,2024-12-11 11:16:32.414828,2024-12-11 11:17:06.819344,0 days 00:00:34.404516,0.753728677247168,1.3078218040237866,0.0326448630779028,56,30,1212,0.14218666027408322,1.7832373209711085,0.6077243202242053,COMPLETE
66,0.27630696809839794,0.3973582492373214,2024-12-11 11:17:06.820058,2024-12-11 11:17:39.295495,0 days 00:00:32.475437,0.6223547365864608,2.461764935319777,0.09543244353020758,9,18,1622,0.4181306025851377,0.45033789465529006,0.8528860219744967,COMPLETE
67,0.26414758674154803,0.3980924256494485,2024-12-11 11:17:39.296222,2024-12-11 11:17:59.212717,0 days 00:00:19.916495,0.6644893165652607,2.835657274913733,0.20401096046346995,69,16,969,0.6159604084762855,1.561888172739238,0.8956583397990172,COMPLETE
68,0.275880328375672,0.3980710055003298,2024-12-11 11:17:59.213436,2024-12-11 11:18:35.972230,0 days 00:00:36.758794,0.8651254141140889,1.156013270917582,0.12924144070196317,63,24,1773,0.9617178262548067,2.2895025034882144,0.9563188567802445,COMPLETE
69,0.2550130702320882,0.4113975672224054,2024-12-11 11:18:35.972927,2024-12-11 11:19:06.710347,0 days 00:00:30.737420,0.6502998960995334,1.4983517619596114,0.2441924688311219,75,22,1517,0.7936034469216409,2.1952575451863643,0.5191621069447764,COMPLETE
70,0.23483865581318572,0.4288131921313327,2024-12-11 11:19:06.711042,2024-12-11 11:19:31.382038,0 days 00:00:24.670996,0.6899581042674334,0.6174629241008791,0.34038646869042377,25,20,1157,0.7457942922659212,1.9520510986563273,0.6290213300900747,COMPLETE
71,0.2987260369311772,0.3924307183769118,2024-12-11 11:19:31.382738,2024-12-11 11:20:03.620938,0 days 00:00:32.238200,0.7552154631931296,1.3198987833320779,0.028010993247199585,13,29,1195,0.11885950861065431,1.8091943039867933,0.9261595089168077,COMPLETE
72,0.22819059248684206,0.41997836111967307,2024-12-11 11:20:03.621629,2024-12-11 11:20:18.721090,0 days 00:00:15.099461,0.780009657600169,1.5956233796056523,0.4022867580159169,48,35,691,1.276815123883447,1.799522344907293,0.8095075537470527,COMPLETE
73,0.25723871157906597,0.42186674854005296,2024-12-11 11:20:18.721765,2024-12-11 11:20:46.172102,0 days 00:00:27.450337,0.7328264263275778,1.9220619534640635,0.28103473613196817,6,44,1338,0.5481729926644957,2.074120027958206,0.5406516562471936,COMPLETE
74,0.22666882649653805,0.42864816715648535,2024-12-11 11:20:46.172812,2024-12-11 11:21:23.834298,0 days 00:00:37.661486,0.7449102061746381,0.8680008836556784,0.4656202747689526,56,15,1907,0.847115122685721,0.13615029014320346,0.7576171747434494,COMPLETE
75,0.29658408398691033,0.397192250725474,2024-12-11 11:21:23.835018,2024-12-11 11:21:46.209112,0 days 00:00:22.374094,0.7167036645294316,2.199697169551955,0.060379096851685896,2,18,1061,1.5129402940120207,2.7981160696050345,0.5664106078437514,COMPLETE
76,0.3134961562394502,0.3870192607985456,2024-12-11 11:21:46.209815,2024-12-11 11:22:39.564715,0 days 00:00:53.354900,0.8093331738362161,1.033238001525327,0.02551423737935566,19,32,1994,0.4394507340225682,1.9407473064136984,0.7418842385636074,COMPLETE
77,0.11794074060212759,0.5648822730016404,2024-12-11 11:22:39.565431,2024-12-11 11:23:10.434356,0 days 00:00:30.868925,0.7769177826582142,1.0424378888004258,0.715073895166535,19,9,1475,0.420679564154059,1.9460602136813958,0.516056484253885,COMPLETE
78,0.16493941969011325,0.45957633086034344,2024-12-11 11:23:10.435058,2024-12-11 11:23:31.596885,0 days 00:00:21.161827,0.977739309216886,0.7049076806739067,0.7886211578202831,11,13,985,1.8303727521578437,2.1133441838107427,0.8799455108362535,COMPLETE
79,0.217076809500735,0.4384368080036799,2024-12-11 11:23:31.597636,2024-12-11 11:23:59.429740,0 days 00:00:27.832104,0.6754642956296186,0.40896740245031016,0.6297714230132369,21,33,1396,2.781249714566842,2.4916852061045516,0.9978949322140531,COMPLETE
80,0.13133028625928939,0.5399693565339345,2024-12-11 11:23:59.430436,2024-12-11 11:24:39.861839,0 days 00:00:40.431403,0.9275642802768167,1.1299669684141769,0.5674376603723732,6,42,1969,0.252311995589763,1.5301598625231427,0.5274227400092854,COMPLETE
81,0.3087380721703128,0.3893482452478549,2024-12-11 11:24:39.862665,2024-12-11 11:25:21.199978,0 days 00:00:41.337313,0.8401823741878843,1.2487094782649284,0.028072382450783244,14,46,1628,1.702653126115556,2.1651625933197423,0.8397442379866147,COMPLETE
82,0.30293117021346283,0.3894360217020363,2024-12-11 11:25:21.200682,2024-12-11 11:26:03.399035,0 days 00:00:42.198353,0.7561915664994784,0.532436653891493,0.08678700176276755,45,39,1839,1.9239198352918359,2.877675953576954,0.7103840045592158,COMPLETE
83,0.3211218657679903,0.38444759100977266,2024-12-11 11:26:03.399753,2024-12-11 11:26:50.701711,0 days 00:00:47.301958,0.7018654305494444,0.914729137406538,0.027546872442843377,51,22,1575,0.3679421809748443,1.6818587066652315,0.5004140158320959,COMPLETE
84,0.23147353164551335,0.4165902338673976,2024-12-11 11:26:50.702427,2024-12-11 11:27:23.548678,0 days 00:00:32.846251,0.6989052719126465,0.9303900179802949,0.37061184910576345,23,21,1654,1.5789302118917725,1.6537350532044193,0.7322453413390344,COMPLETE
