number,values_0,values_1,datetime_start,datetime_complete,duration,params_batch_size,params_dropout,params_lr,params_n_layers,params_neurons,state
0,0.46421817276060173,0.4263109545433338,2024-12-11 15:32:46.040116,2024-12-11 15:33:19.618687,0 days 00:00:33.578571,16,0.4,0.0002563295323285927,3,1400,COMPLETE
1,0.5165060666307776,0.38221496881036743,2024-12-11 15:33:19.619643,2024-12-11 15:33:51.460956,0 days 00:00:31.841313,64,0.4,0.00013697377603101858,1,600,COMPLETE
2,0.5049743685638082,0.39034936700031375,2024-12-11 15:33:51.461763,2024-12-11 15:34:11.370632,0 days 00:00:19.908869,32,0.25,0.00042394963644979805,1,500,COMPLETE
3,0.5031884149474031,0.39265327548300927,2024-12-11 15:34:11.371502,2024-12-11 15:34:41.111137,0 days 00:00:29.739635,16,0.05,0.00012927067197522347,1,200,COMPLETE
4,0.5351241187218909,0.375840770153339,2024-12-11 15:34:41.111924,2024-12-11 15:35:15.549045,0 days 00:00:34.437121,16,0.05,0.00043092481715714735,2,900,COMPLETE
5,0.5416510662354295,0.36933075318404557,2024-12-11 15:35:15.551491,2024-12-11 15:35:52.558406,0 days 00:00:37.006915,32,0.2,0.0001367975039623793,3,600,COMPLETE
6,0.5216148484255267,0.3776825713748289,2024-12-11 15:35:52.559284,2024-12-11 15:36:29.657525,0 days 00:00:37.098241,64,0.15000000000000002,0.0008827601646113127,3,1800,COMPLETE
7,0.490758259207134,0.39602349055002534,2024-12-11 15:36:29.658536,2024-12-11 15:36:52.805167,0 days 00:00:23.146631,64,0.05,0.000618422059280506,1,1200,COMPLETE
8,0.5114913449215078,0.3830782985245192,2024-12-11 15:36:52.805916,2024-12-11 15:37:32.823378,0 days 00:00:40.017462,128,0.25,0.0003564747578040789,3,1800,COMPLETE
9,0.5198027613233435,0.3822194182519262,2024-12-11 15:37:32.824129,2024-12-11 15:37:58.188369,0 days 00:00:25.364240,32,0.45,0.00012926366389144763,1,1200,COMPLETE
10,0.5294587112139719,0.3789070015822194,2024-12-11 15:37:58.189083,2024-12-11 15:38:30.286000,0 days 00:00:32.096917,32,0.15000000000000002,0.00020201829096102233,2,200,COMPLETE
11,0.5358118939315409,0.3762342618539989,2024-12-11 15:38:30.288899,2024-12-11 15:39:01.169366,0 days 00:00:30.880467,32,0.30000000000000004,0.00019831812836560822,2,700,COMPLETE
12,0.5253436784141284,0.3750527357984885,2024-12-11 15:39:01.170117,2024-12-11 15:39:38.090590,0 days 00:00:36.920473,32,0.25,0.00010232330674119657,3,700,COMPLETE
13,0.5094559296702861,0.38306774277477007,2024-12-11 15:39:38.097039,2024-12-11 15:40:08.375525,0 days 00:00:30.278486,128,0.15000000000000002,0.00022402130033968368,2,400,COMPLETE
14,0.514758297142966,0.39277896298488846,2024-12-11 15:40:08.376242,2024-12-11 15:40:35.956950,0 days 00:00:27.580708,32,0.35000000000000003,0.00018267487590627226,3,900,COMPLETE
15,0.4897159957286892,0.41071375760357026,2024-12-11 15:40:35.957671,2024-12-11 15:41:03.404343,0 days 00:00:27.446672,32,0.5,0.00016535802550745685,2,1500,COMPLETE
16,0.5081101540508758,0.3891897942231239,2024-12-11 15:41:03.405101,2024-12-11 15:41:24.430328,0 days 00:00:21.025227,128,0.30000000000000004,0.0002665247485193124,2,800,COMPLETE
17,0.5262337320526361,0.37556822883979424,2024-12-11 15:41:24.431038,2024-12-11 15:42:28.427943,0 days 00:01:03.996905,32,0.2,0.00010420312455071126,3,100,COMPLETE
18,0.5347515022414724,0.37005863621997653,2024-12-11 15:42:28.431073,2024-12-11 15:43:19.067623,0 days 00:00:50.636550,32,0.0,0.00017586747511149145,3,2000,COMPLETE
19,0.5206960439365375,0.3814876857493373,2024-12-11 15:43:19.071669,2024-12-11 15:43:51.527494,0 days 00:00:32.455825,128,0.0,0.00029358198803491854,3,400,COMPLETE
20,0.5318304360944508,0.3867985717649183,2024-12-11 15:43:51.527964,2024-12-11 15:44:28.667417,0 days 00:00:37.139453,64,0.1,0.00016163959264423917,3,2000,COMPLETE
21,0.5253645645728703,0.3871580678981812,2024-12-11 15:44:28.671678,2024-12-11 15:45:07.814240,0 days 00:00:39.142562,32,0.35000000000000003,0.00021332777473592212,2,1100,COMPLETE
22,0.516010679223956,0.3899454324812779,2024-12-11 15:45:07.814913,2024-12-11 15:45:43.697217,0 days 00:00:35.882304,32,0.5,0.00015410637078019514,2,600,COMPLETE
23,0.5386551591860333,0.3746440412488249,2024-12-11 15:45:43.701630,2024-12-11 15:46:44.707471,0 days 00:01:01.005841,16,0.2,0.00018606957899192322,3,400,COMPLETE
24,0.5295716107926183,0.37212633867147354,2024-12-11 15:46:44.708173,2024-12-11 15:47:35.055324,0 days 00:00:50.347151,16,0.2,0.0001157575847489063,3,300,COMPLETE
25,0.541048829492294,0.37182274358091255,2024-12-11 15:47:35.056006,2024-12-11 15:48:04.497305,0 days 00:00:29.441299,32,0.0,0.0001478607551679321,3,1000,COMPLETE
26,0.5298810098359023,0.37767293184720285,2024-12-11 15:48:04.500983,2024-12-11 15:48:33.730883,0 days 00:00:29.229900,32,0.0,0.00013751862924660073,3,1000,COMPLETE
27,0.5332392238337278,0.3799735118515086,2024-12-11 15:48:33.738412,2024-12-11 15:49:05.386812,0 days 00:00:31.648400,32,0.1,0.00011524196852128026,2,1400,COMPLETE
28,0.5156332041834261,0.3834698087885814,2024-12-11 15:49:05.392088,2024-12-11 15:49:40.107297,0 days 00:00:34.715209,128,0.30000000000000004,0.00015178763575750506,2,800,COMPLETE
29,0.5024970484783984,0.396642603151232,2024-12-11 15:49:40.108014,2024-12-11 15:50:08.988219,0 days 00:00:28.880205,64,0.4,0.0002701735794457153,3,600,COMPLETE
30,0.4378989414247313,0.44433613099056685,2024-12-11 15:50:08.994755,2024-12-11 15:50:37.444683,0 days 00:00:28.449928,16,0.45,0.0002394918897932775,3,1300,COMPLETE
31,0.5290882603658948,0.38181796147347047,2024-12-11 15:50:37.446626,2024-12-11 15:51:13.063659,0 days 00:00:35.617033,32,0.2,0.000176582956813894,3,400,COMPLETE
32,0.5029998768465442,0.3992699769522142,2024-12-11 15:51:13.066542,2024-12-11 15:51:49.127917,0 days 00:00:36.061375,16,0.35000000000000003,0.0009721659052777103,1,1600,COMPLETE
33,0.497029071724217,0.39485005690932284,2024-12-11 15:51:49.131366,2024-12-11 15:52:11.285013,0 days 00:00:22.153647,32,0.1,0.00014217717753434018,1,500,COMPLETE
34,0.49615403739854685,0.4032655136718998,2024-12-11 15:52:11.287799,2024-12-11 15:52:40.078265,0 days 00:00:28.790466,64,0.45,0.00018647503460921547,3,1000,COMPLETE
35,0.5111347403729218,0.3938408046671833,2024-12-11 15:52:40.084347,2024-12-11 15:53:09.548516,0 days 00:00:29.464169,16,0.4,0.0003293256157294813,1,100,COMPLETE
36,0.5251447135797719,0.373916355864914,2024-12-11 15:53:09.549314,2024-12-11 15:53:41.541633,0 days 00:00:31.992319,32,0.2,0.00012987365873627112,2,800,COMPLETE
37,0.5451011023503711,0.3705005805728569,2024-12-11 15:53:41.543770,2024-12-11 15:54:08.700705,0 days 00:00:27.156935,64,0.05,0.0004965012788607497,2,500,COMPLETE
38,0.5474946269101998,0.3686545814694061,2024-12-11 15:54:08.705239,2024-12-11 15:54:41.017830,0 days 00:00:32.312591,64,0.05,0.0004822102552974659,2,600,COMPLETE
39,0.5415519648124592,0.3719616430282888,2024-12-11 15:54:41.023862,2024-12-11 15:55:14.392429,0 days 00:00:33.368567,64,0.05,0.0004678789408621779,2,600,COMPLETE
40,0.5313452306815754,0.378203908282024,2024-12-11 15:55:14.394670,2024-12-11 15:55:35.734917,0 days 00:00:21.340247,64,0.05,0.0005051306912720624,2,500,COMPLETE
41,0.5408221061960571,0.3707753261376909,2024-12-11 15:55:35.736971,2024-12-11 15:56:08.065638,0 days 00:00:32.328667,64,0.05,0.0005720538799291468,2,700,COMPLETE
42,0.5294821355989712,0.3783028987846556,2024-12-11 15:56:08.066402,2024-12-11 15:56:42.281182,0 days 00:00:34.214780,64,0.1,0.0006875573301481727,2,1700,COMPLETE
43,0.5342052687116567,0.3800173352233,2024-12-11 15:56:42.287358,2024-12-11 15:57:18.044819,0 days 00:00:35.757461,64,0.05,0.00038268325807460003,2,2000,COMPLETE
44,0.46949891788338405,0.40109853058683986,2024-12-11 15:57:18.051005,2024-12-11 15:57:35.063522,0 days 00:00:17.012517,64,0.0,0.0003903680300533604,1,700,COMPLETE
45,0.5420410056113395,0.37063786856967135,2024-12-11 15:57:35.066717,2024-12-11 15:58:04.985604,0 days 00:00:29.918887,64,0.15000000000000002,0.000633557854481665,2,300,COMPLETE
46,0.5261973016285915,0.38725905946699923,2024-12-11 15:58:04.991625,2024-12-11 15:58:27.786681,0 days 00:00:22.795056,64,0.15000000000000002,0.0007401564106782728,1,300,COMPLETE
47,0.5405861265730495,0.3754100323051113,2024-12-11 15:58:27.790188,2024-12-11 15:59:05.458477,0 days 00:00:37.668289,64,0.1,0.0004323976262587458,2,900,COMPLETE
48,0.5436661841868797,0.36933590715454023,2024-12-11 15:59:05.463479,2024-12-11 15:59:35.811783,0 days 00:00:30.348304,64,0.15000000000000002,0.0003415670415431244,2,500,COMPLETE
49,0.5361210128304947,0.3739703896192349,2024-12-11 15:59:35.818052,2024-12-11 16:00:15.520271,0 days 00:00:39.702219,64,0.05,0.00051694150764304,2,1200,COMPLETE
50,0.52461986271428,0.3744515569856124,2024-12-11 16:00:15.525918,2024-12-11 16:00:48.891703,0 days 00:00:33.365785,128,0.15000000000000002,0.0006037083119348972,2,200,COMPLETE
51,0.5121987912671802,0.3877859952911781,2024-12-11 16:00:48.895934,2024-12-11 16:01:14.706330,0 days 00:00:25.810396,64,0.0,0.00034195210152517723,2,1900,COMPLETE
52,0.5445375715830382,0.3677327740127839,2024-12-11 16:01:14.709596,2024-12-11 16:01:51.775914,0 days 00:00:37.066318,64,0.1,0.00030178116383316225,2,1100,COMPLETE
53,0.4907951937574341,0.39773729307712163,2024-12-11 16:01:51.781222,2024-12-11 16:02:09.809442,0 days 00:00:18.028220,64,0.1,0.00028934106783623346,1,1100,COMPLETE
54,0.5366616909031048,0.3751417675942037,2024-12-11 16:02:09.812681,2024-12-11 16:02:47.532187,0 days 00:00:37.719506,64,0.15000000000000002,0.00036642800788503396,2,1300,COMPLETE
55,0.4837736602832548,0.4017736575592029,2024-12-11 16:02:47.537775,2024-12-11 16:03:10.150833,0 days 00:00:22.613058,64,0.1,0.0003161270515597381,1,1200,COMPLETE
56,0.535975950499532,0.3714827813515092,2024-12-11 16:03:10.154440,2024-12-11 16:03:36.445668,0 days 00:00:26.291228,64,0.05,0.0004334340158558513,2,1400,COMPLETE
57,0.508014957916557,0.3849293007456261,2024-12-11 16:03:36.451385,2024-12-11 16:04:00.618195,0 days 00:00:24.166810,128,0.1,0.0004008288329954702,2,1100,COMPLETE
58,0.5263291525797417,0.37636228891485046,2024-12-11 16:04:00.624374,2024-12-11 16:04:29.038843,0 days 00:00:28.414469,64,0.15000000000000002,0.00024312088923235088,2,900,COMPLETE
59,0.48117416598028456,0.4020378090379359,2024-12-11 16:04:29.043858,2024-12-11 16:04:49.307149,0 days 00:00:20.263291,64,0.0,0.000810933578272335,1,1500,COMPLETE
60,0.541571718423558,0.37999702416195413,2024-12-11 16:04:49.310689,2024-12-11 16:05:18.416406,0 days 00:00:29.105717,64,0.05,0.00036176204114456547,2,1300,COMPLETE
61,0.5275589294356673,0.37991436964388176,2024-12-11 16:05:18.421926,2024-12-11 16:05:45.887381,0 days 00:00:27.465455,64,0.05,0.00030787519510939933,2,1800,COMPLETE
62,0.5178873832939936,0.3806305648245552,2024-12-11 16:05:45.893547,2024-12-11 16:06:14.788966,0 days 00:00:28.895419,128,0.1,0.0003366985587105856,2,300,COMPLETE
63,0.5406760494251548,0.37863389517468377,2024-12-11 16:06:14.789948,2024-12-11 16:06:44.707063,0 days 00:00:29.917115,16,0.0,0.00021734990799496487,2,500,COMPLETE
64,0.535296263928899,0.3736644833319621,2024-12-11 16:06:44.710497,2024-12-11 16:07:21.545260,0 days 00:00:36.834763,64,0.1,0.0005568313047392307,2,800,COMPLETE
65,0.520307573072578,0.3782507095494204,2024-12-11 16:07:21.550849,2024-12-11 16:07:48.311739,0 days 00:00:26.760890,64,0.15000000000000002,0.0004790608599398795,2,100,COMPLETE
66,0.5290303398350712,0.38689925596403507,2024-12-11 16:07:48.315869,2024-12-11 16:08:21.858236,0 days 00:00:33.542367,64,0.25,0.000660323039631215,2,1600,COMPLETE
67,0.5165891568719931,0.3774073796940259,2024-12-11 16:08:21.863990,2024-12-11 16:08:47.806112,0 days 00:00:25.942122,16,0.0,0.00026176339412149334,2,200,COMPLETE
68,0.5265106815229046,0.3823505041825744,2024-12-11 16:08:47.806881,2024-12-11 16:09:16.440112,0 days 00:00:28.633231,128,0.05,0.00028956721178191564,2,600,COMPLETE
69,0.5247951031040009,0.3809789782435859,2024-12-11 16:09:16.446074,2024-12-11 16:09:45.999059,0 days 00:00:29.552985,64,0.05,0.00020579692773424382,2,400,COMPLETE
70,0.5301835335298785,0.37812938204317303,2024-12-11 16:09:45.999849,2024-12-11 16:10:18.026761,0 days 00:00:32.026912,64,0.1,0.0004127431199119717,2,900,COMPLETE
71,0.5362339643534055,0.36571864996145215,2024-12-11 16:10:18.029737,2024-12-11 16:10:58.274391,0 days 00:00:40.244654,64,0.05,0.0005688187126975885,2,700,COMPLETE
72,0.5345683019942732,0.36996886042100174,2024-12-11 16:10:58.277377,2024-12-11 16:11:28.404407,0 days 00:00:30.127030,64,0.0,0.0006274048884458622,2,700,COMPLETE
73,0.5297053206157963,0.3779221345641273,2024-12-11 16:11:28.405192,2024-12-11 16:11:54.496610,0 days 00:00:26.091418,64,0.05,0.0006261215210375295,2,700,COMPLETE
74,0.5367225996571131,0.37021508930949854,2024-12-11 16:11:54.498958,2024-12-11 16:12:19.777386,0 days 00:00:25.278428,64,0.0,0.0005296157183574554,2,600,COMPLETE
75,0.5364527929195567,0.37385039709719886,2024-12-11 16:12:19.782067,2024-12-11 16:12:44.524524,0 days 00:00:24.742457,64,0.05,0.0005575995564207549,2,500,COMPLETE
76,0.43543942719616846,0.4519376739245392,2024-12-11 16:12:44.529173,2024-12-11 16:13:06.205256,0 days 00:00:21.676083,16,0.5,0.0004778729797249604,2,800,COMPLETE
77,0.5081942085353826,0.38482652017669017,2024-12-11 16:13:06.206076,2024-12-11 16:13:31.339207,0 days 00:00:25.133131,64,0.30000000000000004,0.00045525128309050866,2,700,COMPLETE
78,0.5395394508041644,0.37209564792953187,2024-12-11 16:13:31.344197,2024-12-11 16:14:03.662384,0 days 00:00:32.318187,64,0.05,0.0007250248331730015,2,600,COMPLETE
79,0.5240134105516555,0.3761005068171766,2024-12-11 16:14:03.663207,2024-12-11 16:14:34.382640,0 days 00:00:30.719433,128,0.0,0.0005023026818293583,2,700,COMPLETE
80,0.5029533196191529,0.3981765311778753,2024-12-11 16:14:34.383491,2024-12-11 16:14:57.451328,0 days 00:00:23.067837,64,0.45,0.0005945913608098912,2,500,COMPLETE
81,0.5250166953330376,0.3773113314351421,2024-12-11 16:14:57.452890,2024-12-11 16:15:25.456845,0 days 00:00:28.003955,64,0.0,0.0005291262841169114,2,300,COMPLETE
82,0.5295343127362262,0.37160892394538464,2024-12-11 16:15:25.457823,2024-12-11 16:15:46.466754,0 days 00:00:21.008931,64,0.05,0.0006441735686545275,2,600,COMPLETE
83,0.48273154364496274,0.40031780943322115,2024-12-11 16:15:46.467804,2024-12-11 16:16:09.809768,0 days 00:00:23.341964,64,0.35000000000000003,0.0005382102213676651,2,800,COMPLETE
84,0.5263239908405108,0.3747690687288595,2024-12-11 16:16:09.814617,2024-12-11 16:16:47.939297,0 days 00:00:38.124680,16,0.0,0.0005768650047204494,2,1000,COMPLETE
85,0.5299157775693848,0.37382836557832066,2024-12-11 16:16:47.940188,2024-12-11 16:17:15.489511,0 days 00:00:27.549323,64,0.05,0.0006058296167376891,2,400,COMPLETE
86,0.5340222357642824,0.3712459856730771,2024-12-11 16:17:15.494145,2024-12-11 16:17:41.858853,0 days 00:00:26.364708,64,0.1,0.0004470524047721879,2,600,COMPLETE
87,0.5449863526999188,0.36513605797004484,2024-12-11 16:17:41.863617,2024-12-11 16:18:12.846400,0 days 00:00:30.982783,32,0.0,0.0005035957635941423,3,500,COMPLETE
88,0.5330607696430574,0.3838069991499922,2024-12-11 16:18:12.847139,2024-12-11 16:18:46.446681,0 days 00:00:33.599542,32,0.25,0.0004218764189922324,3,500,COMPLETE
89,0.5313628467977382,0.37755177947572555,2024-12-11 16:18:46.453389,2024-12-11 16:19:10.619260,0 days 00:00:24.165871,32,0.0,0.0003871918831124098,3,400,COMPLETE
90,0.5391601591550131,0.36533897018803396,2024-12-11 16:19:10.620030,2024-12-11 16:19:43.105878,0 days 00:00:32.485848,32,0.0,0.0009355689923990127,3,500,COMPLETE
91,0.547146126521837,0.3662794360650125,2024-12-11 16:19:43.106652,2024-12-11 16:20:23.730887,0 days 00:00:40.624235,32,0.0,0.0009308509076762613,3,700,COMPLETE
92,0.5383197035894296,0.36697307779672605,2024-12-11 16:20:23.731754,2024-12-11 16:20:55.553909,0 days 00:00:31.822155,32,0.0,0.0009123181876378273,3,500,COMPLETE
93,0.5473291849731423,0.3624982791953311,2024-12-11 16:20:55.554768,2024-12-11 16:21:40.904727,0 days 00:00:45.349959,32,0.0,0.0008707196509849002,3,500,COMPLETE
94,0.5439753246599789,0.3676637297568863,2024-12-11 16:21:40.911068,2024-12-11 16:22:14.772742,0 days 00:00:33.861674,32,0.0,0.0009793709014644602,3,400,COMPLETE
95,0.4573293287071526,0.5042174870132927,2024-12-11 16:22:14.778772,2024-12-11 16:22:44.493848,0 days 00:00:29.715076,32,0.4,0.0007963687290154244,3,1900,COMPLETE
96,0.5507293470176492,0.3618071120212908,2024-12-11 16:22:44.494739,2024-12-11 16:23:17.699138,0 days 00:00:33.204399,32,0.0,0.000998274976970411,3,300,COMPLETE
97,0.4175739142397286,0.4305866981696941,2024-12-11 16:23:17.699981,2024-12-11 16:23:36.363503,0 days 00:00:18.663522,32,0.5,0.0009851675883801583,3,200,COMPLETE
98,0.5398878059560734,0.37235864826987897,2024-12-11 16:23:36.366201,2024-12-11 16:24:05.056366,0 days 00:00:28.690165,32,0.0,0.0009373849972146553,3,200,COMPLETE
99,0.5164536371432624,0.3943185996712767,2024-12-11 16:24:05.062140,2024-12-11 16:24:31.715973,0 days 00:00:26.653833,32,0.30000000000000004,0.0008603386096244716,3,300,COMPLETE
