number,values_0,values_1,datetime_start,datetime_complete,duration,params_amount_heads,params_attn_dropout,params_batch_size,params_dropout,params_encoder_output_dim,params_ff_dropout,params_head_dim,params_layer_norm,params_lr,params_n_layers,params_neurons,params_transformer_depth,state
0,0.26639094948768616,0.4806133806705475,2025-01-14 10:07:49.177336,2025-01-14 10:26:14.862547,0 days 00:18:25.685211,6,0.45,64,0.05,322,0.30000000000000004,59,0,0.0013942488092945475,3,1200,7,COMPLETE
1,-0.004840540699660778,0.5847637057304382,2025-01-14 10:26:14.863854,2025-01-14 10:31:08.403496,0 days 00:04:53.539642,6,0.05,32,0.2,303,0.35000000000000003,88,1,0.0031716924594260313,2,2000,3,COMPLETE
2,0.12125028669834137,0.5386807322502136,2025-01-14 10:31:08.404475,2025-01-14 10:41:29.804374,0 days 00:10:21.399899,6,0.25,128,0.5,167,0.35000000000000003,103,0,0.003693670107013336,3,700,5,COMPLETE
3,-0.0038685440085828304,0.5843601226806641,2025-01-14 10:41:29.805397,2025-01-14 10:52:06.661527,0 days 00:10:36.856130,7,0.45,32,0.25,333,0.15000000000000002,122,1,0.00935406233712559,2,1100,6,COMPLETE
4,-0.00026946066645905375,0.5830801725387573,2025-01-14 10:52:06.662640,2025-01-14 10:53:45.001299,0 days 00:01:38.338659,5,0.5,32,0.4,163,0.2,48,1,0.003111847868520458,2,500,2,COMPLETE
5,0.04355982691049576,0.5680493116378784,2025-01-14 10:53:45.002181,2025-01-14 11:01:23.915875,0 days 00:07:38.913694,4,0.4,32,0.1,337,0.30000000000000004,61,0,0.004686473491162724,1,900,6,COMPLETE
6,-0.006291532423347235,0.5851519703865051,2025-01-14 11:01:23.916841,2025-01-14 11:09:54.647401,0 days 00:08:30.730560,7,0.45,32,0.4,307,0.05,47,1,0.0027229940851260788,3,1700,7,COMPLETE
7,0.18528158962726593,0.5117365717887878,2025-01-14 11:09:54.648417,2025-01-14 11:17:34.307251,0 days 00:07:39.658834,5,0.15000000000000002,128,0.2,159,0.35000000000000003,118,1,0.0015811173396045924,3,100,4,COMPLETE
8,0.22753958404064178,0.49722155928611755,2025-01-14 11:17:34.308252,2025-01-14 11:23:43.015100,0 days 00:06:08.706848,4,0.5,128,0.30000000000000004,237,0.1,84,1,0.0007574910406762583,1,500,3,COMPLETE
9,0.49178630113601685,0.3840804994106293,2025-01-14 11:23:43.015899,2025-01-14 11:30:34.907777,0 days 00:06:51.891878,3,0.5,32,0.15000000000000002,207,0.05,43,0,0.0008933043298531778,2,400,4,COMPLETE
10,0.4763506054878235,0.39424586296081543,2025-01-14 11:30:34.908602,2025-01-14 11:36:39.206449,0 days 00:06:04.297847,2,0.30000000000000004,16,0.0,232,0.5,33,0,0.000246094213125031,2,100,4,COMPLETE
11,0.495901495218277,0.383010596036911,2025-01-14 11:36:39.207431,2025-01-14 11:43:13.374821,0 days 00:06:34.167390,2,0.30000000000000004,16,0.0,224,0.5,36,0,0.00028929703483085786,2,100,4,COMPLETE
12,0.48943376541137695,0.38357168436050415,2025-01-14 11:43:13.375596,2025-01-14 11:52:24.791972,0 days 00:09:11.416376,2,0.0,16,0.1,197,0.5,33,0,0.0001328017816545442,1,300,5,COMPLETE
13,0.467660516500473,0.3994239866733551,2025-01-14 11:52:24.792743,2025-01-14 11:57:32.509979,0 days 00:05:07.717236,3,0.30000000000000004,16,0.0,272,0.45,68,0,0.00044059994812829545,2,100,3,COMPLETE
14,0.4538811147212982,0.4012063443660736,2025-01-14 11:57:32.510892,2025-01-14 12:01:09.362622,0 days 00:03:36.851730,3,0.15000000000000002,16,0.1,205,0.45,46,0,0.00011367158591965027,1,400,2,COMPLETE
15,0.4874873161315918,0.38760608434677124,2025-01-14 12:01:09.363504,2025-01-14 12:06:01.370629,0 days 00:04:52.007125,2,0.2,64,0.0,130,0.0,32,0,0.00034365530097773015,2,700,4,COMPLETE
16,0.48991289734840393,0.3841175138950348,2025-01-14 12:06:01.371500,2025-01-14 12:17:48.477285,0 days 00:11:47.105785,3,0.35000000000000003,16,0.15000000000000002,279,0.2,73,0,0.0006615837737394306,2,1500,5,COMPLETE
17,0.480630099773407,0.38813143968582153,2025-01-14 12:17:48.478190,2025-01-14 12:24:04.989539,0 days 00:06:16.511349,2,0.1,16,0.05,263,0.45,45,0,0.00019797818766514346,3,300,3,COMPLETE
18,0.45854800939559937,0.3993828594684601,2025-01-14 12:24:04.990508,2025-01-14 12:34:37.433318,0 days 00:10:32.442810,3,0.25,64,0.35000000000000003,213,0.25,99,0,0.0004510106707747411,1,900,6,COMPLETE
19,0.4795965254306793,0.39093899726867676,2025-01-14 12:34:37.434151,2025-01-14 12:43:34.539170,0 days 00:08:57.105019,4,0.35000000000000003,16,0.15000000000000002,254,0.4,57,0,0.00016427124329414691,2,700,4,COMPLETE
20,0.4532562792301178,0.40412378311157227,2025-01-14 12:43:34.540055,2025-01-14 12:48:04.915301,0 days 00:04:30.375246,2,0.0,16,0.5,179,0.25,42,1,0.00010502649812619525,3,1400,2,COMPLETE
21,0.48788613080978394,0.3851199150085449,2025-01-14 12:48:04.916162,2025-01-14 12:55:10.399209,0 days 00:07:05.483047,2,0.1,16,0.05,205,0.5,36,0,0.0002951909081652669,1,300,5,COMPLETE
22,0.4758819043636322,0.39313411712646484,2025-01-14 12:55:10.400186,2025-01-14 13:02:53.036785,0 days 00:07:42.636599,3,0.2,16,0.1,220,0.4,55,0,0.00017956938180505518,2,300,5,COMPLETE
23,0.456397145986557,0.4027641713619232,2025-01-14 13:02:53.037637,2025-01-14 13:07:51.083509,0 days 00:04:58.045872,2,0.35000000000000003,64,0.0,189,0.1,38,0,0.000582973768530192,2,100,4,COMPLETE
24,0.3394390344619751,0.45179858803749084,2025-01-14 13:07:51.084330,2025-01-14 13:13:14.659671,0 days 00:05:23.575341,3,0.30000000000000004,128,0.05,135,0.5,128,0,0.0009341107893432999,2,1900,3,COMPLETE
25,0.48395290970802307,0.391868531703949,2025-01-14 13:13:14.660816,2025-01-14 13:19:52.405790,0 days 00:06:37.744974,2,0.0,16,0.1,247,0.0,68,0,0.0003517737025223228,1,500,4,COMPLETE
26,0.48332858085632324,0.3851955533027649,2025-01-14 13:19:52.406728,2025-01-14 13:28:22.749805,0 days 00:08:30.343077,3,0.2,16,0.0,191,0.4,52,0,0.00024647904219445254,2,300,5,COMPLETE
27,0.40993499755859375,0.423480361700058,2025-01-14 13:28:22.750720,2025-01-14 13:42:47.698806,0 days 00:14:24.948086,2,0.4,16,0.15000000000000002,294,0.30000000000000004,40,1,0.0004614967904368689,1,200,6,COMPLETE
28,0.44394606351852417,0.409900039434433,2025-01-14 13:42:47.699579,2025-01-14 13:51:43.548955,0 days 00:08:55.849376,4,0.1,64,0.45,351,0.2,108,0,0.0009944321549701758,3,600,3,COMPLETE
29,0.07639744132757187,0.5550074577331543,2025-01-14 13:51:43.549549,2025-01-14 14:00:37.570014,0 days 00:08:54.020465,5,0.4,128,0.05,221,0.30000000000000004,63,0,0.0013963098661134504,3,1300,7,COMPLETE
30,0.4556906223297119,0.39768537878990173,2025-01-14 14:00:37.570887,2025-01-14 14:11:55.495407,0 days 00:11:17.924520,2,0.15000000000000002,64,0.05,287,0.15000000000000002,77,0,0.00014031646057196588,2,900,4,COMPLETE
31,0.49039798974990845,0.38507241010665894,2025-01-14 14:11:55.496531,2025-01-14 14:22:03.220452,0 days 00:10:07.723921,3,0.35000000000000003,16,0.15000000000000002,273,0.2,32,0,0.0006944586070547448,2,1500,5,COMPLETE
32,0.4672573506832123,0.3978692889213562,2025-01-14 14:22:03.221382,2025-01-14 14:30:17.738287,0 days 00:08:14.516905,2,0.30000000000000004,16,0.25,229,0.4,94,0,0.00021193528597027948,2,200,5,COMPLETE
33,0.4582299590110779,0.3983636498451233,2025-01-14 14:30:17.739216,2025-01-14 14:39:50.912075,0 days 00:09:33.172859,7,0.25,32,0.2,250,0.35000000000000003,51,1,0.00014273153794806215,2,1700,3,COMPLETE
34,0.49636754393577576,0.3794476389884949,2025-01-14 14:39:50.912937,2025-01-14 14:49:39.132907,0 days 00:09:48.219970,6,0.35000000000000003,16,0.0,198,0.45,41,0,0.0002960449054599562,2,200,4,COMPLETE
35,0.008472430519759655,0.5843695402145386,2025-01-14 14:49:39.133883,2025-01-14 14:53:36.830864,0 days 00:03:57.696981,6,0.5,128,0.30000000000000004,149,0.45,110,1,0.001730482273942597,2,400,4,COMPLETE
36,-0.004301905632019043,0.5846500396728516,2025-01-14 14:53:36.831705,2025-01-14 14:55:31.161627,0 days 00:01:54.329922,6,0.4,32,0.0,182,0.35000000000000003,41,1,0.0010530054235660161,3,2000,2,COMPLETE
37,-0.005957507994025946,0.5849231481552124,2025-01-14 14:55:31.162822,2025-01-14 15:03:55.075784,0 days 00:08:23.912962,6,0.45,32,0.1,201,0.15000000000000002,91,1,0.008515311963667858,1,1000,6,COMPLETE
38,0.37265437841415405,0.43926137685775757,2025-01-14 15:03:55.076743,2025-01-14 15:19:31.652606,0 days 00:15:36.575863,7,0.5,16,0.45,174,0.30000000000000004,63,1,0.0002804211511200706,2,600,7,COMPLETE
39,0.34804898500442505,0.4489831328392029,2025-01-14 15:19:31.653634,2025-01-14 15:36:09.096068,0 days 00:16:37.442434,5,0.05,128,0.25,315,0.25,51,0,0.00036427943647571,3,200,4,COMPLETE
40,-0.005365478806197643,0.5851778388023376,2025-01-14 15:36:09.096923,2025-01-14 15:38:59.945239,0 days 00:02:50.848316,7,0.45,32,0.35000000000000003,151,0.05,84,1,0.002163807290200649,2,1100,3,COMPLETE
41,0.2915787100791931,0.4650137424468994,2025-01-14 15:38:59.946384,2025-01-14 15:49:16.307521,0 days 00:10:16.361137,5,0.35000000000000003,16,0.05,195,0.35000000000000003,75,0,0.003963305806676305,2,400,5,COMPLETE
42,0.4903023838996887,0.3907357156276703,2025-01-14 15:49:16.308569,2025-01-14 15:57:03.916168,0 days 00:07:47.607599,6,0.25,16,0.0,168,0.5,44,0,0.0005204607873685118,2,200,4,COMPLETE
43,0.30578067898750305,0.4607849717140198,2025-01-14 15:57:03.917373,2025-01-14 16:04:05.192372,0 days 00:07:01.274999,6,0.4,64,0.15000000000000002,217,0.1,38,1,0.0006086348601891494,2,1800,3,COMPLETE
44,0.47370290756225586,0.39241471886634827,2025-01-14 16:04:05.193261,2025-01-14 16:24:37.562760,0 days 00:20:32.369499,7,0.30000000000000004,16,0.2,327,0.2,48,0,0.000818701915170808,1,1500,5,COMPLETE
45,0.47002774477005005,0.39559048414230347,2025-01-14 16:24:37.563932,2025-01-14 16:32:54.309744,0 days 00:08:16.745812,5,0.2,16,0.1,160,0.45,69,0,0.0012013407503503343,2,100,4,COMPLETE
46,-0.0012484074104577303,0.5849121809005737,2025-01-14 16:32:54.310837,2025-01-14 16:38:53.810862,0 days 00:05:59.500025,4,0.45,128,0.0,207,0.25,55,1,0.0055677629586165095,3,800,6,COMPLETE
47,0.48645028471946716,0.385894238948822,2025-01-14 16:38:53.811795,2025-01-14 16:47:16.408784,0 days 00:08:22.596989,7,0.05,32,0.45,239,0.05,119,0,0.00021244835870925607,1,500,2,COMPLETE
48,0.48117905855178833,0.3936377167701721,2025-01-14 16:47:16.409734,2025-01-14 16:56:46.105389,0 days 00:09:29.695655,6,0.15000000000000002,16,0.30000000000000004,183,0.35000000000000003,36,0,0.0006807151553685191,2,400,4,COMPLETE
49,0.4339279532432556,0.41614919900894165,2025-01-14 16:56:46.106704,2025-01-14 17:07:01.643883,0 days 00:10:15.537179,5,0.35000000000000003,16,0.4,228,0.4,44,1,0.0003970111182707856,2,600,3,COMPLETE
50,0.4541865289211273,0.4101877808570862,2025-01-14 17:07:01.645252,2025-01-14 17:24:37.685782,0 days 00:17:36.040530,6,0.25,64,0.5,196,0.45,60,0,0.0002882175466916152,3,1200,7,COMPLETE
51,0.4989202916622162,0.38861268758773804,2025-01-14 17:24:37.687116,2025-01-14 17:38:57.639500,0 days 00:14:19.952384,4,0.35000000000000003,16,0.15000000000000002,211,0.2,34,0,0.0007130779350031629,2,100,5,COMPLETE
52,0.4927632212638855,0.384143590927124,2025-01-14 17:38:57.640845,2025-01-14 17:48:19.529722,0 days 00:09:21.888877,4,0.35000000000000003,16,0.1,214,0.15000000000000002,34,0,0.000540820166348149,2,100,5,COMPLETE
53,0.4761015772819519,0.39327654242515564,2025-01-14 17:48:19.530676,2025-01-14 17:56:36.064793,0 days 00:08:16.534117,4,0.30000000000000004,16,0.2,213,0.15000000000000002,34,0,0.0005143788446277435,2,100,5,COMPLETE
54,0.46795234084129333,0.39710113406181335,2025-01-14 17:56:36.065908,2025-01-14 18:01:48.699914,0 days 00:05:12.634006,4,0.35000000000000003,16,0.05,171,0.2,48,0,0.0008478683613401873,2,300,4,COMPLETE
55,0.4707779884338379,0.3953433930873871,2025-01-14 18:01:48.701007,2025-01-14 18:12:39.947734,0 days 00:10:51.246727,5,0.45,16,0.1,261,0.25,42,0,0.00040645842205010055,2,200,5,COMPLETE
56,0.48765701055526733,0.3928183913230896,2025-01-14 18:12:39.948720,2025-01-14 18:21:39.130460,0 days 00:08:59.181740,4,0.4,16,0.0,187,0.30000000000000004,37,0,0.00031834246007507265,2,100,6,COMPLETE
57,0.4913442134857178,0.3869624733924866,2025-01-14 18:21:39.131548,2025-01-14 18:29:18.997588,0 days 00:07:39.866040,5,0.35000000000000003,16,0.05,200,0.15000000000000002,32,0,0.0005698479647389269,2,300,4,COMPLETE
58,0.34590068459510803,0.452429860830307,2025-01-14 18:29:18.998543,2025-01-14 18:40:07.680266,0 days 00:10:48.681723,5,0.30000000000000004,128,0.15000000000000002,208,0.1,47,0,0.00024139673266035784,2,200,5,COMPLETE
59,0.3256320059299469,0.46196261048316956,2025-01-14 18:40:07.681235,2025-01-14 18:45:26.960137,0 days 00:05:19.278902,4,0.4,16,0.35000000000000003,221,0.5,41,0,0.00269138601098924,1,100,4,COMPLETE
60,0.4549480974674225,0.4026302397251129,2025-01-14 18:45:26.961290,2025-01-14 19:01:03.280483,0 days 00:15:36.319193,7,0.30000000000000004,64,0.1,233,0.2,54,0,0.00045192576201125764,2,400,6,COMPLETE
61,0.494911253452301,0.38850247859954834,2025-01-14 19:01:03.281636,2025-01-14 19:16:01.626224,0 days 00:14:58.344588,3,0.35000000000000003,16,0.15000000000000002,345,0.2,36,0,0.000707314921607894,2,300,5,COMPLETE
62,0.48374176025390625,0.392147958278656,2025-01-14 19:16:01.627159,2025-01-14 19:23:13.852514,0 days 00:07:12.225355,4,0.35000000000000003,16,0.2,211,0.25,36,0,0.0007576616314562733,2,300,4,COMPLETE
63,0.47327643632888794,0.3953408896923065,2025-01-14 19:23:13.853517,2025-01-14 19:41:30.421569,0 days 00:18:16.568052,3,0.4,16,0.15000000000000002,350,0.30000000000000004,127,0,0.00011306566950632435,2,200,5,COMPLETE
64,0.49100857973098755,0.3844109773635864,2025-01-14 19:41:30.422552,2025-01-14 19:51:30.863625,0 days 00:10:00.441073,6,0.35000000000000003,16,0.05,177,0.0,99,0,0.00035927957918832247,2,100,4,COMPLETE
65,0.4740487039089203,0.3912741541862488,2025-01-14 19:51:30.864829,2025-01-14 20:02:06.259213,0 days 00:10:35.394384,4,0.30000000000000004,32,0.15000000000000002,194,0.45,45,0,0.00010095389683696451,2,500,5,COMPLETE
66,0.4895840585231781,0.3846842646598816,2025-01-14 20:02:06.260322,2025-01-14 20:10:17.778456,0 days 00:08:11.518134,3,0.35000000000000003,16,0.25,225,0.4,40,0,0.0001740778227615945,2,200,4,COMPLETE
67,0.3883787989616394,0.436367928981781,2025-01-14 20:10:17.779444,2025-01-14 20:16:30.998551,0 days 00:06:13.219107,4,0.30000000000000004,128,0.0,302,0.1,34,0,0.00014232292927907455,3,400,2,COMPLETE
68,0.4705583155155182,0.397755891084671,2025-01-14 20:16:30.999507,2025-01-14 20:29:33.982077,0 days 00:13:02.982570,6,0.25,64,0.1,200,0.2,110,0,0.0004920921543095493,1,1600,5,COMPLETE
69,0.4906153082847595,0.38798126578330994,2025-01-14 20:29:33.983095,2025-01-14 20:39:54.534545,0 days 00:10:20.551450,5,0.4,16,0.05,187,0.15000000000000002,49,0,0.0003239825241297575,2,1900,6,COMPLETE
70,0.4809640049934387,0.3930540978908539,2025-01-14 20:39:54.535638,2025-01-14 20:51:11.655928,0 days 00:11:17.120290,7,0.0,16,0.2,246,0.35000000000000003,38,0,0.00024977036636981325,2,100,4,COMPLETE
71,0.4314236640930176,0.42247599363327026,2025-01-14 20:51:11.656940,2025-01-14 20:59:15.834202,0 days 00:08:04.177262,6,0.5,16,0.0,176,0.0,101,0,0.001245948797511636,2,100,4,COMPLETE
72,0.48381051421165466,0.3897079825401306,2025-01-14 20:59:15.835482,2025-01-14 21:06:55.961492,0 days 00:07:40.126010,4,0.35000000000000003,16,0.05,213,0.5,81,0,0.00034761600914097473,2,300,4,COMPLETE
73,0.4892139434814453,0.38696712255477905,2025-01-14 21:06:55.962540,2025-01-14 21:14:32.997736,0 days 00:07:37.035196,7,0.05,32,0.0,202,0.25,43,0,0.0009261556883378055,2,1300,3,COMPLETE
74,0.49514245986938477,0.3866017758846283,2025-01-14 21:14:32.998981,2025-01-14 21:32:53.462642,0 days 00:18:20.463661,4,0.15000000000000002,16,0.0,338,0.4,105,0,0.0004001881643924274,2,300,5,COMPLETE
75,0.33643874526023865,0.4566640853881836,2025-01-14 21:32:53.463589,2025-01-14 21:41:21.796267,0 days 00:08:28.332678,5,0.1,128,0.0,151,0.45,97,0,0.0016800285812004715,2,200,4,COMPLETE
76,0.47908830642700195,0.3861399292945862,2025-01-14 21:41:21.797186,2025-01-14 21:52:44.547512,0 days 00:11:22.750326,6,0.15000000000000002,16,0.05,219,0.4,87,0,0.0004068892587683865,3,800,5,COMPLETE
77,0.44077086448669434,0.41270121932029724,2025-01-14 21:52:44.548725,2025-01-14 22:01:54.869019,0 days 00:09:10.320294,3,0.2,64,0.0,164,0.5,58,1,0.00020210527219492833,2,100,7,COMPLETE
78,0.4906276762485504,0.38206490874290466,2025-01-14 22:01:54.869948,2025-01-14 22:09:16.912832,0 days 00:07:22.042884,6,0.5,16,0.30000000000000004,133,0.45,34,0,0.0005803365092007725,1,200,4,COMPLETE
79,0.4916456639766693,0.3873116374015808,2025-01-14 22:09:16.913728,2025-01-14 22:15:49.117913,0 days 00:06:32.204185,5,0.45,16,0.30000000000000004,135,0.45,106,0,0.000609753069658232,2,400,3,COMPLETE
80,0.47868719696998596,0.3941303491592407,2025-01-14 22:15:49.118848,2025-01-14 22:26:06.257553,0 days 00:10:17.138705,5,0.2,16,0.25,183,0.45,39,0,0.0010727484371539256,2,200,5,COMPLETE
81,0.4803769588470459,0.39054757356643677,2025-01-14 22:26:06.258601,2025-01-14 22:37:34.698326,0 days 00:11:28.439725,6,0.4,16,0.0,234,0.45,114,0,0.0002912922190716096,2,200,4,COMPLETE
82,0.4792332053184509,0.3943617045879364,2025-01-14 22:37:34.699260,2025-01-14 22:44:55.991527,0 days 00:07:21.292267,6,0.5,32,0.05,191,0.5,34,0,0.0019254157384552243,2,300,4,COMPLETE
83,0.48336172103881836,0.3882676064968109,2025-01-14 22:44:55.992473,2025-01-14 22:54:14.450577,0 days 00:09:18.458104,4,0.45,16,0.35000000000000003,204,0.4,32,0,0.00016219129728099898,2,100,5,COMPLETE
84,0.3582027852535248,0.44466105103492737,2025-01-14 22:54:14.451420,2025-01-14 23:04:21.241517,0 days 00:10:06.790097,7,0.25,16,0.05,225,0.4,46,1,0.0013644963568210475,2,100,4,COMPLETE
85,0.4678550660610199,0.4019084870815277,2025-01-14 23:04:21.242320,2025-01-14 23:11:58.325627,0 days 00:07:37.083307,3,0.1,16,0.4,213,0.45,51,0,0.0003779698791248828,1,200,5,COMPLETE
86,0.1902954876422882,0.5073207020759583,2025-01-14 23:11:58.326336,2025-01-14 23:25:57.146895,0 days 00:13:58.820559,5,0.35000000000000003,128,0.0,280,0.15000000000000002,40,0,0.0004459573002861979,2,1000,6,COMPLETE
87,0.47537851333618164,0.3952955901622772,2025-01-14 23:25:57.147562,2025-01-14 23:38:04.367444,0 days 00:12:07.219882,6,0.25,64,0.0,316,0.5,43,0,0.0005714697942223381,3,300,3,COMPLETE
88,0.4824523329734802,0.3896956443786621,2025-01-14 23:38:04.368406,2025-01-14 23:48:16.349080,0 days 00:10:11.980674,7,0.15000000000000002,16,0.4,196,0.4,35,1,0.00012873237244079782,2,1700,4,COMPLETE
89,-0.09428969770669937,0.6036070585250854,2025-01-14 23:48:16.349967,2025-01-14 23:52:15.149960,0 days 00:03:58.799993,2,0.4,32,0.30000000000000004,242,0.2,39,0,0.009945841291978457,1,2000,5,COMPLETE
90,0.2023882418870926,0.5037501454353333,2025-01-14 23:52:15.150762,2025-01-14 23:58:24.940651,0 days 00:06:09.789889,4,0.30000000000000004,16,0.0,180,0.05,72,0,0.0051224820738332575,2,500,4,COMPLETE
91,0.49138331413269043,0.388480007648468,2025-01-14 23:58:24.941462,2025-01-15 00:08:56.579848,0 days 00:10:31.638386,6,0.35000000000000003,16,0.15000000000000002,206,0.45,37,0,0.0007482580439139694,2,300,5,COMPLETE
92,0.48517364263534546,0.38668638467788696,2025-01-15 00:08:56.580598,2025-01-15 00:15:07.892662,0 days 00:06:11.312064,6,0.35000000000000003,16,0.5,218,0.2,125,0,0.00026753012480283645,2,100,2,COMPLETE
93,0.47527560591697693,0.39554935693740845,2025-01-15 00:15:07.893489,2025-01-15 00:22:46.877318,0 days 00:07:38.983829,6,0.35000000000000003,16,0.2,198,0.45,42,0,0.00032430489487998476,2,200,4,COMPLETE
94,0.2675597667694092,0.47761088609695435,2025-01-15 00:22:46.878247,2025-01-15 00:34:26.113276,0 days 00:11:39.235029,6,0.35000000000000003,128,0.45,190,0.25,35,1,0.00022294680857210756,2,1200,7,COMPLETE
95,0.4801234304904938,0.38689059019088745,2025-01-15 00:34:26.114142,2025-01-15 00:43:16.618663,0 days 00:08:50.504521,6,0.30000000000000004,16,0.15000000000000002,208,0.15000000000000002,45,0,0.0001892700673589899,2,1400,4,COMPLETE
96,0.45600730180740356,0.4000820517539978,2025-01-15 00:43:16.619571,2025-01-15 01:03:28.499087,0 days 00:20:11.879516,6,0.35000000000000003,64,0.1,336,0.2,66,0,0.00022732510236915483,2,200,5,COMPLETE
97,-0.0029491186141967773,0.5844857692718506,2025-01-15 01:03:28.500107,2025-01-15 01:26:54.304812,0 days 00:23:25.804705,4,0.35000000000000003,16,0.1,344,0.4,50,0,0.008119325691385985,3,800,5,COMPLETE
98,-0.004114174749702215,0.5846553444862366,2025-01-15 01:26:54.305707,2025-01-15 01:31:38.190612,0 days 00:04:43.884905,6,0.4,32,0.05,174,0.5,53,1,0.0031811376588267042,2,1800,6,COMPLETE
99,0.4888134002685547,0.38824462890625,2025-01-15 01:31:38.191422,2025-01-15 01:38:41.196999,0 days 00:07:03.005577,4,0.4,16,0.0,265,0.45,32,0,0.0006848656624226872,2,300,3,COMPLETE
