number,values_0,values_1,datetime_start,datetime_complete,duration,params_colsample_bytree,params_gamma,params_learning_rate,params_max_depth,params_min_child_weight,params_n_estimators,params_reg_alpha,params_reg_lambda,params_subsample,state
85,0.47992093101260974,0.39915590960571495,2024-12-11 09:57:08.583603,2024-12-11 09:57:41.898386,0 days 00:00:33.314783,0.7159197495783488,0.4875368620225324,0.1926441163517641,34,47,1672,2.6608609617116015,2.304662365917509,0.6682461283016305,COMPLETE
86,0.40187332435190665,0.43492197982744524,2024-12-11 09:57:41.899105,2024-12-11 09:57:48.807477,0 days 00:00:06.908372,0.6332020312013017,2.521997337571177,0.5278411211479838,42,44,301,2.448316534000466,2.1421409378440845,0.645183663680269,COMPLETE
87,0.4421634057893205,0.4199059824637068,2024-12-11 09:57:48.808208,2024-12-11 09:57:59.097413,0 days 00:00:10.289205,0.9538682012705825,2.995590952083303,0.2207870388751937,36,33,459,1.5907636425572556,2.0411422450510286,0.5771512998663624,COMPLETE
88,0.5382589022992942,0.37288467573044726,2024-12-11 09:57:59.098116,2024-12-11 09:59:01.062832,0 days 00:01:01.964716,0.666235561432894,0.06129544009570101,0.027672166146303634,28,35,968,0.30886201218065534,2.3887538594520485,0.6973756894700158,COMPLETE
89,0.48018472348218627,0.4012535421066823,2024-12-11 09:59:01.063557,2024-12-11 09:59:24.461248,0 days 00:00:23.397691,0.6874894697054077,0.07280858459837361,0.2736127810326701,23,35,949,0.11119872555905755,2.5768397968769694,0.7192699058727666,COMPLETE
90,0.5089568158211545,0.38352835924879763,2024-12-11 09:59:24.461964,2024-12-11 09:59:49.969802,0 days 00:00:25.507838,0.9994132357563174,0.2989522188873983,0.0945592717676098,27,30,874,0.30858944797351384,2.7377671525362692,0.6895808791635962,COMPLETE
91,0.5285311168212918,0.37251097345719164,2024-12-11 09:59:49.970574,2024-12-11 10:00:45.750859,0 days 00:00:55.780285,0.6638834018795211,0.05812676273708477,0.033292544330891995,15,32,1008,0.46429726662867976,2.4009413866837654,0.6986458414993196,COMPLETE
92,0.3844522040264084,0.449468187869415,2024-12-11 10:00:45.751596,2024-12-11 10:01:08.875202,0 days 00:00:23.123606,0.6654025832678165,0.040778597514186554,0.5029513523922798,15,28,1003,0.4475005057379502,2.652767611656619,0.6709132647354248,COMPLETE
93,0.5133394772187944,0.3893080851896052,2024-12-11 10:01:08.875945,2024-12-11 10:01:34.703710,0 days 00:00:25.827765,0.9308597801501939,1.2591336170246037,0.02732574579237873,17,32,795,0.1621069779992564,2.4279700180991695,0.7015543401549008,COMPLETE
94,0.27560163340519644,0.5478557367141048,2024-12-11 10:01:34.704443,2024-12-11 10:01:58.165937,0 days 00:00:23.461494,0.855071645329494,0.1726075697030227,0.8740689250745095,21,34,1087,0.33660657981125996,2.4191198364149855,0.6818576155708165,COMPLETE
95,0.5140356770727322,0.381279071176038,2024-12-11 10:01:58.166698,2024-12-11 10:02:37.500568,0 days 00:00:39.333870,0.6991975760700377,0.006164282265652105,0.12173873574998287,14,36,931,0.5011266746628268,2.521847780109795,0.7119488319308181,COMPLETE
96,0.45985822081102007,0.40462262534303406,2024-12-11 10:02:37.501295,2024-12-11 10:02:55.600367,0 days 00:00:18.099072,0.7363243188716662,1.1422763146013826,0.31360178845991793,20,33,903,0.22882099861185445,2.9984473677011803,0.7601222449139975,COMPLETE
97,0.402824349246153,0.4366095735926924,2024-12-11 10:02:55.601111,2024-12-11 10:03:15.483216,0 days 00:00:19.882105,0.6769405653453963,0.8679993183569041,0.5518719786093453,72,35,1015,0.36441077856291004,2.3756092681387444,0.7402378892817939,COMPLETE
98,0.4513813723897118,0.4136150494513198,2024-12-11 10:03:15.483935,2024-12-11 10:03:31.291262,0 days 00:00:15.807327,0.8074949921375622,0.959131128196956,0.35500798416766555,24,31,758,0.5663266945668675,2.258638942577246,0.792363454969827,COMPLETE
99,0.4170404208038116,0.4298351571204947,2024-12-11 10:03:31.292048,2024-12-11 10:03:53.253162,0 days 00:00:21.961114,0.7559990502070082,0.0995039665284999,0.4582687653485333,63,37,976,0.07049289265523531,2.5243562887112985,0.6939530253847163,COMPLETE
