number,values_0,values_1,datetime_start,datetime_complete,duration,params_colsample_bytree,params_gamma,params_learning_rate,params_max_depth,params_min_child_weight,params_n_estimators,params_reg_alpha,params_reg_lambda,params_subsample,state
0,0.47495910386015233,0.37584569432381837,2024-12-11 13:32:54.804684,2024-12-11 13:33:08.801434,0 days 00:00:13.996750,0.7521202683721031,1.6203197084156835,0.161526006702325,60,12,571,1.0462720439198328,1.3313515638351323,0.7167713016877173,COMPLETE
1,0.43123847628520684,0.39012283870406606,2024-12-11 13:33:08.802099,2024-12-11 13:33:29.811338,0 days 00:00:21.009239,0.7889914160976647,2.081352155490313,0.3834174981012091,70,39,1031,2.8808682018845926,2.9002511355998446,0.9376304148691468,COMPLETE
2,0.4415333845270183,0.38767988084204824,2024-12-11 13:33:29.811972,2024-12-11 13:33:53.889847,0 days 00:00:24.077875,0.9123029026273451,0.5516192989438066,0.3322045306982388,64,44,1106,1.4686574542976032,2.408294974890072,0.8552199382284008,COMPLETE
3,0.38276288025781385,0.41650256750382564,2024-12-11 13:33:53.890522,2024-12-11 13:34:02.266179,0 days 00:00:08.375657,0.5146581695926756,1.6769232291084086,0.6465281789245921,11,13,342,1.200615793901918,0.6713884333039079,0.7346427405983983,COMPLETE
4,0.3849819627228163,0.4050556923145655,2024-12-11 13:34:02.266852,2024-12-11 13:34:17.711753,0 days 00:00:15.444901,0.5590049755057984,1.3253074963037195,0.45529606913506715,14,4,726,1.7027125769835052,0.889303916594387,0.9265984186422397,COMPLETE
5,0.4306359939761887,0.39958288490778293,2024-12-11 13:34:17.712482,2024-12-11 13:34:52.232492,0 days 00:00:34.520010,0.6075391445543741,0.29958267722870224,0.45405124943490477,22,46,1723,1.1921455716877583,0.48388741806004565,0.8409054285809976,COMPLETE
6,0.46412492241406084,0.3857600694041512,2024-12-11 13:34:52.233212,2024-12-11 13:35:27.939247,0 days 00:00:35.706035,0.8089406702813895,1.929661742196203,0.15581648047273258,71,23,1801,2.3065383983151184,1.935543881622479,0.9902006175245954,COMPLETE
7,0.39765708529350025,0.41398189511172534,2024-12-11 13:35:27.940000,2024-12-11 13:36:02.517312,0 days 00:00:34.577312,0.6472272702407653,2.6346561485556816,0.6750141563089945,51,14,1832,1.7024443288502966,2.537016575254728,0.5360939378579557,COMPLETE
8,0.4869772475880801,0.37862680384354724,2024-12-11 13:36:02.518056,2024-12-11 13:36:22.765878,0 days 00:00:20.247822,0.5362282460304387,1.2906905778527173,0.016530925042308724,49,21,195,0.06123805692438669,1.0858773692020893,0.9714066772938611,COMPLETE
9,0.28711751113769013,0.49666428753127645,2024-12-11 13:36:22.766568,2024-12-11 13:36:32.489443,0 days 00:00:09.722875,0.8219019382049066,0.42727498151547283,0.9241265491945544,65,41,348,2.497276856332621,2.7582802880079313,0.7160374211488838,COMPLETE
10,0.43161584327943725,0.48661400901746354,2024-12-11 13:36:32.490127,2024-12-11 13:36:45.898644,0 days 00:00:13.408517,0.65412028989288,1.0134040449496722,0.006120852580393096,38,29,92,0.08959999685719905,0.08020448769130684,0.9779839642466873,COMPLETE
11,0.5035597783783048,0.36700643726708604,2024-12-11 13:36:45.899328,2024-12-11 13:37:14.749571,0 days 00:00:28.850243,0.7102227008950831,1.0806008014738322,0.020700042481160478,43,24,624,0.016438409137281007,1.2687732616202054,0.8146742874297065,COMPLETE
12,0.5156042073112318,0.36171239609784517,2024-12-11 13:37:14.750255,2024-12-11 13:39:13.728993,0 days 00:01:58.978738,0.9659083276631224,0.9139429018479952,0.004018889401642689,38,27,1357,0.08031015332394915,1.556965559185337,0.6157403864665119,COMPLETE
13,0.47034599395716753,0.37770372809693975,2024-12-11 13:39:13.729689,2024-12-11 13:39:45.278332,0 days 00:00:31.548643,0.979750153684197,0.8735455649029729,0.17522697701127138,28,32,1409,0.5252322508228822,1.880064717788115,0.5719526135936137,COMPLETE
14,0.5048878697817302,0.3678791651776965,2024-12-11 13:39:45.278981,2024-12-11 13:42:10.973351,0 days 00:02:25.694370,0.9005472732383504,0.13907953823564778,0.0030994718115127198,36,34,1391,0.6694170980518419,1.6287496731544577,0.6190381524461102,COMPLETE
15,0.4475218898765174,0.39288284796429374,2024-12-11 13:42:10.974068,2024-12-11 13:42:45.848794,0 days 00:00:34.874726,0.9806315160672302,0.03225501765907879,0.30287465909141525,3,33,1390,0.5792991986174713,1.8257733147187754,0.634771634759269,COMPLETE
16,0.3264324461292748,0.4603967796597842,2024-12-11 13:42:45.849475,2024-12-11 13:43:14.616902,0 days 00:00:28.767427,0.9165061875562543,0.8059729395131601,0.5924307527286767,33,36,1385,0.5783163148919065,1.61383634104025,0.6342373764880066,COMPLETE
17,0.4335547253663485,0.38914982226275296,2024-12-11 13:43:14.617609,2024-12-11 13:43:48.669922,0 days 00:00:34.052313,0.8868247148651752,0.6483764288984613,0.23679550006588787,52,3,1540,0.35870059807795207,2.219716129659786,0.5064664124898284,COMPLETE
18,0.33619227942703944,0.45159996254390977,2024-12-11 13:43:48.670581,2024-12-11 13:44:17.809686,0 days 00:00:29.139105,0.9994880294554507,0.06287831396402166,0.554931815698108,23,16,1190,0.8220232026874005,1.5550330618802577,0.6190761577372208,COMPLETE
19,0.4889552002251095,0.3684483880803035,2024-12-11 13:44:17.810404,2024-12-11 13:44:40.715889,0 days 00:00:22.905485,0.8783292492952706,1.121831558960313,0.10750968700614694,41,49,911,0.317939933528435,2.140110858055554,0.5836806115519262,COMPLETE
20,0.4576343490854483,0.3806953057919787,2024-12-11 13:44:40.716564,2024-12-11 13:45:12.760682,0 days 00:00:32.044118,0.945843288938221,2.915830544200589,0.2671205023682122,32,28,1608,0.8723946194110078,1.4883478622837902,0.668987475970798,COMPLETE
21,0.48939319739120446,0.366922190731627,2024-12-11 13:45:12.761349,2024-12-11 13:45:57.644645,0 days 00:00:44.883296,0.8605277609953993,0.7916722099073197,0.06712251498173584,42,20,1988,0.04236607121526359,1.2590430469690173,0.784820280554869,COMPLETE
22,0.5044875526580421,0.3640889682395106,2024-12-11 13:45:57.645320,2024-12-11 13:46:28.677446,0 days 00:00:31.032126,0.9430694648225926,1.0946927071878727,0.07532464420806917,46,27,1288,0.26024972365710747,1.0882353633887243,0.6849286125701771,COMPLETE
23,0.4820732159524173,0.37094907243547903,2024-12-11 13:46:28.678103,2024-12-11 13:47:00.969135,0 days 00:00:32.291032,0.9511744337614783,0.368305713359792,0.10561438572117028,23,7,1238,0.32752641260011317,0.9803942985130203,0.6789336880472487,COMPLETE
24,0.4598412066162897,0.3800508109352023,2024-12-11 13:47:00.969862,2024-12-11 13:47:20.740432,0 days 00:00:19.770570,0.93964597732428,1.4211681408564538,0.21755241090050623,57,18,868,0.7434897693084149,1.7047593223627413,0.5674190186970526,COMPLETE
25,0.49939235033564816,0.3641796355794985,2024-12-11 13:47:20.741095,2024-12-11 13:47:53.269701,0 days 00:00:32.528606,0.8441944495361046,0.6509848535215136,0.07230318978536165,47,29,1280,0.4149363786983416,2.0922837987389915,0.7653091230170151,COMPLETE
26,0.48967566572324656,0.37743166963297814,2024-12-11 13:47:53.270354,2024-12-11 13:49:52.832020,0 days 00:01:59.561666,0.9000672159312917,1.2149457701462136,0.0022165620527670542,33,35,1572,0.28680357761145475,2.9866377671921582,0.5071111081210803,COMPLETE
27,0.5001611136116224,0.3666416701437478,2024-12-11 13:49:52.832725,2024-12-11 13:50:14.054551,0 days 00:00:21.221826,0.8449078688410643,0.9223235158944263,0.12320133198351238,13,27,863,0.7125980015412927,1.4651534371088455,0.6782148251308538,COMPLETE
28,0.4510653606050493,0.38072213592772686,2024-12-11 13:50:14.055270,2024-12-11 13:50:44.952357,0 days 00:00:30.897087,0.9977839135763221,1.4968830269385465,0.2400247928581603,29,10,1467,0.18825334642100766,1.7122513151318077,0.6035571696699874,COMPLETE
29,0.4708392923777399,0.37585045103202974,2024-12-11 13:50:44.953029,2024-12-11 13:51:08.460888,0 days 00:00:23.507859,0.7511386993719895,1.699204522890243,0.1932836472579166,55,24,1124,0.9966078449493538,1.3149484640213354,0.7139958833620006,COMPLETE
30,0.4651710199749918,0.37802188338642967,2024-12-11 13:51:08.461554,2024-12-11 13:51:43.566754,0 days 00:00:35.105200,0.9474173634894947,0.197277321925157,0.15936290735247188,75,30,1288,0.5123457203244756,1.1386407721708578,0.546723541390594,COMPLETE
31,0.5033993990553457,0.3645605915266775,2024-12-11 13:51:43.567489,2024-12-11 13:52:02.811941,0 days 00:00:19.244452,0.7177597716350248,1.0086678491625298,0.0648120971984208,42,24,603,0.026099777614626986,1.3865107596586286,0.5979395446714403,COMPLETE
32,0.4841333890682319,0.3716765209170374,2024-12-11 13:52:02.812673,2024-12-11 13:52:25.930684,0 days 00:00:23.118011,0.7931415776567192,2.2795190514909778,0.07157910918171298,38,38,1006,0.2529194757104169,1.4011583097265723,0.6560957138492173,COMPLETE
33,0.24452641056687244,0.5392408708325426,2024-12-11 13:52:25.931370,2024-12-11 13:53:01.497169,0 days 00:00:35.565799,0.9119255801474327,0.5621189398395161,0.9417318737752898,46,25,1681,2.9224974009219435,2.4022279215327265,0.5982603611007988,COMPLETE
34,0.446545525430359,0.3845777408304375,2024-12-11 13:53:01.497970,2024-12-11 13:53:12.846456,0 days 00:00:11.348486,0.7500424683047201,1.627272715048628,0.31214671768437624,63,42,462,0.19635814068663726,1.9702040506936354,0.6145675331036854,COMPLETE
35,0.4470687459935535,0.3854843355206384,2024-12-11 13:53:12.847162,2024-12-11 13:53:35.265682,0 days 00:00:22.418520,0.7847693051620903,1.1607513004245296,0.357280815438453,27,20,1057,2.09562012759463,1.7587220121677074,0.9125721144896197,COMPLETE
36,0.37691575494405477,0.42220056916313764,2024-12-11 13:53:35.266396,2024-12-11 13:53:51.127290,0 days 00:00:15.860894,0.87482908801857,1.4347010222295777,0.7428378745157715,37,32,715,2.7047316580267866,1.6091698894715993,0.7070621813199989,COMPLETE
37,0.442682043937429,0.3865174707468628,2024-12-11 13:53:51.128113,2024-12-11 13:54:28.070620,0 days 00:00:36.942507,0.7117822390721746,1.9535160184656646,0.38885701322255994,18,50,1917,1.3942181363783186,0.7075535167472553,0.8802713166382948,COMPLETE
38,0.47102786572938093,0.37426144380148185,2024-12-11 13:54:28.071318,2024-12-11 13:55:01.709259,0 days 00:00:33.637941,0.577963485563008,0.45938866992295624,0.14320895300127892,18,1,1513,2.1051264749188654,2.762671271119041,0.7574542508376183,COMPLETE
39,0.3926074270566734,0.4121191350241932,2024-12-11 13:55:01.709966,2024-12-11 13:55:35.656841,0 days 00:00:33.946875,0.5247618135892341,0.25935570434410427,0.4623984825700202,35,11,1692,1.1045395129290256,1.1497221179317345,0.7345851287986415,COMPLETE
40,0.47663608392590434,0.3708077107785678,2024-12-11 13:55:35.657529,2024-12-11 13:56:00.555029,0 days 00:00:24.897500,0.9230285929996519,1.3271522848192892,0.20662402013057946,4,22,1173,1.4272846618678738,0.8228963061150053,0.5464277412345737,COMPLETE
41,0.5016932478499643,0.3637734558678293,2024-12-11 13:56:00.555681,2024-12-11 13:56:32.484036,0 days 00:00:31.928355,0.9630366243846968,0.7586729162543733,0.07777314294512455,47,27,1334,1.65402881235593,2.0464962660354984,0.6486244938108668,COMPLETE
42,0.31097827388954463,0.47245188334321353,2024-12-11 13:56:32.484781,2024-12-11 13:56:59.465160,0 days 00:00:26.980379,0.9643815794401952,0.9994056881163048,0.9938377308150541,7,26,1326,1.8005557833525,0.46188862099639616,0.8512943760616531,COMPLETE
43,0.4993373625342635,0.3671183305553711,2024-12-11 13:56:59.465919,2024-12-11 13:57:39.973325,0 days 00:00:40.507406,0.5148330953264073,0.7082163601046146,0.05029358551462747,45,45,1820,0.16245592586042995,1.4167831320486783,0.9575762748783183,COMPLETE
44,0.5042969602625652,0.363735660058501,2024-12-11 13:57:39.974026,2024-12-11 13:58:08.731375,0 days 00:00:28.757349,0.9719087881007156,1.0006027394543495,0.04234588343789767,38,18,970,2.767018253085806,2.3306705260686544,0.6407607258604524,COMPLETE
45,0.4566453559230245,0.410550592724073,2024-12-11 13:58:08.732109,2024-12-11 13:59:16.360515,0 days 00:01:07.628406,0.5037360737938148,1.7455844742681834,0.002162919831195804,40,17,980,2.983656699479556,1.9585860801245487,0.6941406873620621,COMPLETE
46,0.4645307380709075,0.38321562686824107,2024-12-11 13:59:16.361225,2024-12-11 13:59:20.665508,0 days 00:00:04.304283,0.9269169506276116,2.269059049019914,0.12569548791128954,52,35,50,0.05304449617511167,1.837936022767813,0.8166318891968274,COMPLETE
47,0.37901102439865514,0.41747486753021146,2024-12-11 13:59:20.666244,2024-12-11 13:59:49.537862,0 days 00:00:28.871618,0.9048617013822413,0.9513107187454792,0.8179915705397287,30,31,1447,2.7503036243540713,2.257068089191428,0.995763640926608,COMPLETE
48,0.4239124977934816,0.3976197309497369,2024-12-11 13:59:49.538611,2024-12-11 13:59:57.313796,0 days 00:00:07.775185,0.6458396607723813,1.2525556207897488,0.41220541874286987,67,14,274,1.2676415570627357,2.6341278836129485,0.6264863839504026,COMPLETE
49,0.356467761500245,0.45332948747415924,2024-12-11 13:59:57.314514,2024-12-11 14:00:12.244795,0 days 00:00:14.930281,0.967681470928194,0.5216864115653479,0.544680841348814,25,38,553,0.444167436970804,1.6327419453634864,0.5910114193290165,COMPLETE
50,0.513135822364789,0.3596794447071895,2024-12-11 14:00:12.245542,2024-12-11 14:00:58.874224,0 days 00:00:46.628682,0.984997874228241,0.8816175407230658,0.033621271738333,19,23,1651,0.16063734816620856,0.02368580460891545,0.6477173697562114,COMPLETE
51,0.5146345499743784,0.36021795506316306,2024-12-11 14:00:58.875057,2024-12-11 14:01:41.373667,0 days 00:00:42.498610,0.9848799792599965,1.0967147082583921,0.0397228170350429,9,23,1633,0.13077600838975884,0.05961425474189789,0.6481986855747174,COMPLETE
52,0.517880042199578,0.3579876568985399,2024-12-11 14:01:41.374458,2024-12-11 14:02:28.919481,0 days 00:00:47.545023,0.9814168115043208,0.8424362182699304,0.030724501203455257,9,23,1615,0.2124133923463261,0.1367894033417174,0.6445984028761105,COMPLETE
53,0.4250984753663648,0.39245223077368685,2024-12-11 14:02:28.920227,2024-12-11 14:03:06.303885,0 days 00:00:37.383658,0.9818588782463938,0.18354974028077653,0.2688832640886093,8,19,1645,0.6332857642807992,0.049861580923176996,0.6426726012465507,COMPLETE
54,0.5092607478689736,0.36190780260869815,2024-12-11 14:03:06.304604,2024-12-11 14:03:42.612424,0 days 00:00:36.307820,0.5675802243360795,0.8655852553129868,0.03426995270054986,1,22,1897,0.46306267606486656,0.19239431511537183,0.6499858258777208,COMPLETE
55,0.48981595329045263,0.3724083375925894,2024-12-11 14:03:42.613137,2024-12-11 14:04:16.217309,0 days 00:00:33.604172,0.5480953381781007,0.3644475441331622,0.1737874842184246,1,22,1758,0.4105888000815803,0.15762872726886393,0.6610450155135599,COMPLETE
56,0.5005590408508913,0.36723556362203275,2024-12-11 14:04:16.217998,2024-12-11 14:05:02.271289,0 days 00:00:46.053291,0.5706271596310759,0.8654622761966991,0.036527540844295284,17,14,1889,0.5250008281874071,0.22459305727997486,0.7032336235113664,COMPLETE
57,0.320700506218585,0.4593508659603504,2024-12-11 14:05:02.272024,2024-12-11 14:05:38.464034,0 days 00:00:36.192010,0.9987409035454119,0.6255794287086787,0.6368963848963423,9,16,1753,0.14906741253354264,0.3303843423996643,0.7306603867999375,COMPLETE
58,0.3676474775498378,0.4309220374530211,2024-12-11 14:05:38.464836,2024-12-11 14:06:11.541452,0 days 00:00:33.076616,0.9259594339859781,0.8759863087612276,0.5210630363134043,12,22,1600,0.8915306374087686,0.03888546262515802,0.660277881425741,COMPLETE
59,0.47207342988284945,0.3837188904755111,2024-12-11 14:06:11.542263,2024-12-11 14:06:44.051786,0 days 00:00:32.509523,0.6915508223449259,2.992891451128262,0.03789437094247233,10,9,1513,2.4437336388726885,0.4214956343911069,0.636698758680355,COMPLETE
60,0.4922216320153298,0.36811659503109506,2024-12-11 14:06:44.052518,2024-12-11 14:07:23.906120,0 days 00:00:39.853602,0.9792434377214103,1.0742061717183808,0.09887751464803309,5,5,1864,0.6136016151543872,0.5488426177496221,0.6830821312331472,COMPLETE
61,0.48035368455960936,0.3712847132178447,2024-12-11 14:07:23.906856,2024-12-11 14:08:16.352688,0 days 00:00:52.445832,0.8911168459874921,0.00983095874712292,0.14306675990604845,16,20,1640,0.34863077335495696,0.23525601570589139,0.6171672886655701,COMPLETE
62,0.42486454992155603,0.3935232542522578,2024-12-11 14:08:16.353457,2024-12-11 14:08:21.768038,0 days 00:00:05.414581,0.6017354713396611,1.5508377787782157,0.46797470597547175,15,47,173,0.9896731685646207,0.14499392043647052,0.8791931628845756,COMPLETE
63,0.505880194424952,0.36311660909633653,2024-12-11 14:08:21.768734,2024-12-11 14:09:10.692966,0 days 00:00:48.924232,0.8201334915227294,0.7308204546655092,0.030651501696518202,21,18,1772,0.1239287948299129,0.3075416637647226,0.7832954940798829,COMPLETE
64,0.426806212515321,0.39821333672677983,2024-12-11 14:09:10.693674,2024-12-11 14:09:28.910261,0 days 00:00:18.216587,0.7719139130520885,0.8037239050144421,0.34530046015705207,20,25,785,0.7945699310434523,0.30207306252450034,0.5764254457928863,COMPLETE
65,0.376616157745318,0.4158384233956804,2024-12-11 14:09:28.910948,2024-12-11 14:10:07.784598,0 days 00:00:38.873650,0.9343030416075102,2.7398139876371363,0.5962793114258433,6,18,1985,0.11339391845070851,0.5727289021120596,0.7230372759222372,COMPLETE
66,0.5144328348609616,0.35867614318977964,2024-12-11 14:10:07.785283,2024-12-11 14:10:23.544422,0 days 00:00:15.759139,0.9516815523402135,0.6648240157961338,0.02785056951565361,3,29,381,0.4848082965041181,0.38212841650617263,0.7419883752783639,COMPLETE
67,0.33790743606737444,0.46796319643070017,2024-12-11 14:10:23.545109,2024-12-11 14:10:33.714165,0 days 00:00:10.169056,0.9510617958072767,0.7354621933689984,0.833701358152164,2,23,406,0.2425369896229585,0.016990064880949465,0.7506216803181744,COMPLETE
68,0.46569492597512163,0.37749939914375263,2024-12-11 14:10:33.714849,2024-12-11 14:11:10.263209,0 days 00:00:36.548360,0.8081914829195568,1.1603016151770797,0.18553893800490204,11,16,1779,0.014291694924137455,0.39001225771979525,0.8034648318667234,COMPLETE
69,0.492503599985306,0.3672922539453555,2024-12-11 14:11:10.263959,2024-12-11 14:11:46.998844,0 days 00:00:36.734885,0.9864572539721269,0.47307220256307253,0.09665406993493816,21,42,1470,0.6762900789743747,0.16016947402193793,0.7732858298851073,COMPLETE
70,0.5230424358313461,0.35506278234901256,2024-12-11 14:11:46.999592,2024-12-11 14:12:35.304598,0 days 00:00:48.305006,0.9572728260808795,0.6211076302336858,0.032089930193584255,12,29,1534,0.32397520878136177,0.29913017727391444,0.6689696063211809,COMPLETE
71,0.5176999551301522,0.3586230297593121,2024-12-11 14:12:35.305314,2024-12-11 14:13:40.402353,0 days 00:01:05.097039,0.9115185984429763,0.3846957459632021,0.020300564872436533,14,29,1561,0.468121276532769,0.7111296408250133,0.7017737461634045,COMPLETE
72,0.5019605781116214,0.3720001520424313,2024-12-11 14:13:40.403069,2024-12-11 14:16:38.222863,0 days 00:02:57.819794,0.9131146547701382,0.33344285759362574,0.0022086296537049167,14,29,1568,0.4555052836327895,2.494107475198242,0.6681300959621056,COMPLETE
73,0.39849715107121364,0.4073175301876195,2024-12-11 14:16:38.223628,2024-12-11 14:17:08.461968,0 days 00:00:30.238340,0.8405774779275296,0.5874099322705428,0.4094371226578112,61,33,1413,0.3547861892790546,0.7075549937400342,0.7039154245969993,COMPLETE
74,0.44581452308485126,0.3881645233402407,2024-12-11 14:17:08.462665,2024-12-11 14:17:44.827750,0 days 00:00:36.365085,0.9576051317645453,0.11373199956590829,0.24690325722844575,74,30,1515,0.5759644619476897,0.5308299004048604,0.7389847395499521,COMPLETE
75,0.49488715886367896,0.3694836229928739,2024-12-11 14:17:44.828557,2024-12-11 14:18:18.429275,0 days 00:00:33.600718,0.9316252083167841,0.4298713928143449,0.131792992516818,14,32,1348,0.7144946331136061,0.6462206109728541,0.6933151501085225,COMPLETE
76,0.4387884729869538,0.39309855086614054,2024-12-11 14:18:18.429985,2024-12-11 14:18:55.409076,0 days 00:00:36.979091,0.8751221324577165,0.2893355137491826,0.3008576076151006,12,28,1652,0.278255103409499,0.3960498771768847,0.6748740249845533,COMPLETE
77,0.38139548970831016,0.42265258696401686,2024-12-11 14:18:55.409801,2024-12-11 14:19:20.963772,0 days 00:00:25.553971,0.7260153868049986,0.5419045763435787,0.6986117341135833,9,37,1247,0.49911096498607044,0.8417616996771421,0.983745840248148,COMPLETE
78,0.4783877204122161,0.37226759696841283,2024-12-11 14:19:20.964499,2024-12-11 14:19:57.839310,0 days 00:00:36.874811,0.9427755540450392,0.6818548912800518,0.1573355336154438,70,34,1709,1.2367269987257803,2.1844953441949793,0.9578712130176902,COMPLETE
79,0.36887265909000955,0.4437139138402624,2024-12-11 14:19:57.840059,2024-12-11 14:20:29.328796,0 days 00:00:31.488737,0.8900073411644475,0.6210358720771562,0.4848796413108554,7,40,1446,0.415743562750646,0.9293731874055535,0.563612773842743,COMPLETE
80,0.5033942357053707,0.35950070954507446,2024-12-11 14:20:29.329548,2024-12-11 14:21:02.354615,0 days 00:00:33.025067,0.853327086654205,0.39803804829747946,0.09073503782198289,18,26,1131,1.1446864723664452,2.86889629460636,0.5191288705730769,COMPLETE
81,0.43370025333798434,0.393053246426886,2024-12-11 14:21:02.355376,2024-12-11 14:21:33.790424,0 days 00:00:31.435048,0.8604482277157426,2.492761299682805,0.43893962805684256,56,30,1557,0.20547483175745654,2.9043675916960097,0.6496873161122334,COMPLETE
82,0.49128498858979536,0.37276084361945766,2024-12-11 14:21:33.791401,2024-12-11 14:22:06.745218,0 days 00:00:32.953817,0.5333871863554352,1.830949026143757,0.09584153696617217,18,26,1602,1.917266427311288,1.2492399523956936,0.7214310630565055,COMPLETE
83,0.4809340429824943,0.38115645260733666,2024-12-11 14:22:06.745954,2024-12-11 14:22:21.742859,0 days 00:00:14.996905,0.9551457392848232,2.059989078098112,0.05226890114167308,12,31,496,2.518331590514922,0.4638556542186373,0.9202150913027466,COMPLETE
84,0.5201315375741677,0.35627657214925434,2024-12-11 14:22:21.743617,2024-12-11 14:23:22.717907,0 days 00:01:00.974290,0.6792079782585456,0.37180026491553914,0.021685414482240133,25,28,1381,1.5606416343987133,1.027411329552554,0.5178528029930807,COMPLETE
