number,values_0,values_1,datetime_start,datetime_complete,duration,params_colsample_bytree,params_gamma,params_learning_rate,params_max_depth,params_min_child_weight,params_n_estimators,params_reg_alpha,params_reg_lambda,params_subsample,state
85,0.4980224334996386,0.3664678223290106,2024-12-11 14:23:22.718628,2024-12-11 14:23:41.711619,0 days 00:00:18.992991,0.7640797900768566,1.3788051645741541,0.07291551369138598,24,27,684,1.1084078540032856,2.0837098074578257,0.515600766876834,COMPLETE
86,0.521410801047893,0.3559895298437612,2024-12-11 14:23:41.712431,2024-12-11 14:25:05.273761,0 days 00:01:23.561330,0.9172706491633934,0.24050382631305034,0.014051347806320776,59,28,1178,1.618476639625551,1.002885001815379,0.6113946150102182,COMPLETE
87,0.4769224405740518,0.37342181401739716,2024-12-11 14:25:05.274614,2024-12-11 14:25:36.567934,0 days 00:00:31.293320,0.9175339428084224,0.5066106683385012,0.21399706105513058,26,28,1374,1.6194441722853568,0.09427019942223464,0.6270178292252486,COMPLETE
88,0.48999871777764226,0.36801581531279465,2024-12-11 14:25:36.568653,2024-12-11 14:26:08.952921,0 days 00:00:32.384268,0.6876130891758141,1.2264700429355528,0.11604392924545798,67,34,1486,0.3009054889900493,1.9298779022359704,0.6080668400583016,COMPLETE
89,0.5045439094610336,0.36683825278239335,2024-12-11 14:26:08.953595,2024-12-11 14:26:43.434419,0 days 00:00:34.480824,0.9040095273264112,0.26472914463442176,0.016508020734989273,59,29,311,2.1792053911130287,0.26969245172675443,0.6899404117546105,COMPLETE
90,0.37134413985347187,0.41498058750488226,2024-12-11 14:26:43.435068,2024-12-11 14:27:12.467146,0 days 00:00:29.032078,0.6337578596134084,1.5692744452497946,0.5007766103358996,50,7,1424,0.5692812354289978,0.37016825948934307,0.6658447587266128,COMPLETE
91,0.4345279978721048,0.38814947610719397,2024-12-11 14:27:12.467713,2024-12-11 14:27:30.209761,0 days 00:00:17.742048,0.7406106033167539,1.3131568622398597,0.3707068916896819,16,31,797,0.8972665833267995,1.7691820538381413,0.9411789213327528,COMPLETE
92,0.4689479178789752,0.3769857693204677,2024-12-11 14:27:30.210236,2024-12-11 14:27:59.759383,0 days 00:00:29.549147,0.9410898899115692,0.41544557861775216,0.18461996531247993,14,47,1109,1.8200596663677964,1.0169721918615093,0.5001825757193462,COMPLETE
93,0.49659735765722396,0.36866174940256224,2024-12-11 14:27:59.759926,2024-12-11 14:28:28.955166,0 days 00:00:29.195240,0.9697197963233172,0.6700351575457301,0.08123066820380596,19,36,1167,1.3301533684719506,0.10840076918181768,0.9973573537161715,COMPLETE
94,0.45421258915285057,0.38312125041990736,2024-12-11 14:28:28.955790,2024-12-11 14:28:35.142491,0 days 00:00:06.186701,0.9866821159233584,0.5902653123046078,0.3226687792043365,4,25,172,1.408045457115424,1.5301510018660884,0.8359740031759586,COMPLETE
95,0.4988096754087996,0.37226765658508604,2024-12-11 14:28:35.143049,2024-12-11 14:29:17.102224,0 days 00:00:41.959175,0.592866893864889,1.4371213337798416,0.020973944852496554,9,1,1537,1.5241278199460055,0.2260810438099785,0.7122153499377285,COMPLETE
96,0.4998244067215354,0.36481408865687237,2024-12-11 14:29:17.102922,2024-12-11 14:29:52.376946,0 days 00:00:35.274024,0.5557436629157781,0.8053837029049893,0.16082879948638784,53,28,1669,0.09498776724499458,2.307354909409668,0.6750302594085709,COMPLETE
97,0.43605114362985153,0.3946279428607014,2024-12-11 14:29:52.377604,2024-12-11 14:30:26.960574,0 days 00:00:34.582970,0.6640162471741982,0.36798529492923915,0.28583697029568095,11,33,1589,0.37699168023261387,1.3352122350430307,0.6304293933722379,COMPLETE
98,0.5111558458564434,0.3600144555079528,2024-12-11 14:30:26.961233,2024-12-11 14:30:48.434651,0 days 00:00:21.473418,0.9573960799375887,0.21228843480231963,0.05197010852869938,16,43,230,1.5023570314482604,0.32825966221895647,0.5883743982857064,COMPLETE
99,0.44940033876511115,0.3851899097774376,2024-12-11 14:30:48.435331,2024-12-11 14:31:23.745513,0 days 00:00:35.310182,0.9312557363499576,1.7383836189897355,0.3269117633834139,7,26,1717,0.7576319584401301,2.6901411873478507,0.6575684296274087,COMPLETE
