number,values_0,values_1,datetime_start,datetime_complete,duration,params_batch_size,params_dropout,params_lr,params_n_layers,params_neurons,state
0,0.500903337895547,0.4089065808420315,2024-12-11 16:24:31.837603,2024-12-11 16:24:46.189495,0 days 00:00:14.351892,32,0.2,0.0002445292160154341,2,700,COMPLETE
1,0.45626596318433704,0.43321464461909465,2024-12-11 16:24:46.190156,2024-12-11 16:24:56.962649,0 days 00:00:10.772493,16,0.05,0.0002191445826209303,1,900,COMPLETE
2,0.4857139549750308,0.42111308635468314,2024-12-11 16:24:56.963969,2024-12-11 16:25:13.730296,0 days 00:00:16.766327,64,0.5,0.0002605010821056495,2,2000,COMPLETE
3,0.46522730229565584,0.4231319260224291,2024-12-11 16:25:13.733642,2024-12-11 16:25:27.484400,0 days 00:00:13.750758,16,0.5,0.0001580185378930947,1,1300,COMPLETE
4,0.5126994488539904,0.4182678716006918,2024-12-11 16:25:27.485956,2024-12-11 16:25:44.135339,0 days 00:00:16.649383,32,0.2,0.0008587872534897917,3,1100,COMPLETE
5,0.454741122263871,0.4247752887905006,2024-12-11 16:25:44.138627,2024-12-11 16:25:59.330498,0 days 00:00:15.191871,16,0.2,0.000214870270023548,1,900,COMPLETE
6,0.4869925819606373,0.41774454031930325,2024-12-11 16:25:59.331414,2024-12-11 16:26:17.856362,0 days 00:00:18.524948,16,0.0,0.00013391551917673076,2,2000,COMPLETE
7,0.46545589547693833,0.4189165103088822,2024-12-11 16:26:17.859599,2024-12-11 16:26:30.892688,0 days 00:00:13.033089,32,0.25,0.00014222773322436637,1,700,COMPLETE
8,0.4969450967170272,0.4094107561722365,2024-12-11 16:26:30.893748,2024-12-11 16:26:51.063237,0 days 00:00:20.169489,128,0.35000000000000003,0.00011367965876253505,2,1900,COMPLETE
9,0.4878192964886514,0.40587908896080255,2024-12-11 16:26:51.064836,2024-12-11 16:27:06.467932,0 days 00:00:15.403096,128,0.15000000000000002,0.0005013713064670465,2,1700,COMPLETE
10,0.49705996800572405,0.41525616672750265,2024-12-11 16:27:06.470887,2024-12-11 16:27:23.160720,0 days 00:00:16.689833,32,0.35000000000000003,0.00038223535750314593,3,200,COMPLETE
11,0.5121917969182965,0.4020905010833675,2024-12-11 16:27:23.162462,2024-12-11 16:27:39.889152,0 days 00:00:16.726690,32,0.1,0.0008477533257071208,3,400,COMPLETE
12,0.48965128376697775,0.40833466779457855,2024-12-11 16:27:39.891226,2024-12-11 16:27:50.780901,0 days 00:00:10.889675,32,0.05,0.0009816338872182119,3,100,COMPLETE
13,0.5123091256418771,0.40336565658962814,2024-12-11 16:27:50.782320,2024-12-11 16:28:03.943353,0 days 00:00:13.161033,64,0.1,0.0009104133818658813,3,400,COMPLETE
14,0.515750876317275,0.43655688171104945,2024-12-11 16:28:03.945487,2024-12-11 16:28:25.243949,0 days 00:00:21.298462,32,0.35000000000000003,0.0006330506679273028,3,1400,COMPLETE
15,0.46308126277509876,0.45420918893718615,2024-12-11 16:28:25.247837,2024-12-11 16:28:44.073709,0 days 00:00:18.825872,32,0.35000000000000003,0.0006956570727713813,3,1400,COMPLETE
16,0.4955229067558564,0.40276651463209745,2024-12-11 16:28:44.077078,2024-12-11 16:28:53.312878,0 days 00:00:09.235800,64,0.0,0.0006150938578815216,3,400,COMPLETE
17,0.4863417476101092,0.41407689370856193,2024-12-11 16:28:53.315470,2024-12-11 16:29:10.292910,0 days 00:00:16.977440,128,0.30000000000000004,0.000441793732115601,2,500,COMPLETE
18,0.4957484050240678,0.4068585338708151,2024-12-11 16:29:10.294790,2024-12-11 16:29:31.272544,0 days 00:00:20.977754,32,0.1,0.0006913979370128473,3,1600,COMPLETE
19,0.4115977370558678,0.4750097032074782,2024-12-11 16:29:31.276366,2024-12-11 16:29:44.017985,0 days 00:00:12.741619,32,0.45,0.0005445554878879483,3,1200,COMPLETE
20,0.49906395654074764,0.3999586604479344,2024-12-11 16:29:44.018651,2024-12-11 16:29:59.701449,0 days 00:00:15.682798,64,0.1,0.00036003010966619643,3,600,COMPLETE
21,0.5012099997799162,0.3986024356945847,2024-12-11 16:29:59.703804,2024-12-11 16:30:14.908490,0 days 00:00:15.204686,64,0.1,0.0007477181074705825,3,700,COMPLETE
22,0.5062529704683693,0.3984615158448241,2024-12-11 16:30:14.911058,2024-12-11 16:30:26.615511,0 days 00:00:11.704453,64,0.15000000000000002,0.0007550157413116057,3,300,COMPLETE
23,0.49916070599897894,0.41201690753669096,2024-12-11 16:30:26.617772,2024-12-11 16:30:39.293428,0 days 00:00:12.675656,64,0.25,0.000780069989934441,3,100,COMPLETE
24,0.5102731740356159,0.40316299896346497,2024-12-11 16:30:39.295120,2024-12-11 16:30:57.875906,0 days 00:00:18.580786,32,0.15000000000000002,0.0005965762083551169,3,300,COMPLETE
25,0.44995252134250324,0.4707555595258969,2024-12-11 16:30:57.876718,2024-12-11 16:31:10.103432,0 days 00:00:12.226714,32,0.4,0.0009807270439914856,3,900,COMPLETE
26,0.4825384441895494,0.41452818204282815,2024-12-11 16:31:10.106358,2024-12-11 16:31:29.968222,0 days 00:00:19.861864,64,0.30000000000000004,0.0004982184914238201,2,1600,COMPLETE
27,0.49916723484598097,0.4079616927871538,2024-12-11 16:31:29.969476,2024-12-11 16:31:45.656361,0 days 00:00:15.686885,128,0.15000000000000002,0.0007984051870685326,2,1400,COMPLETE
28,0.4987467343907146,0.4027639751745202,2024-12-11 16:31:45.659722,2024-12-11 16:32:02.592745,0 days 00:00:16.933023,32,0.05,0.0006002112112625779,3,1000,COMPLETE
29,0.5080949227410347,0.4022864200435432,2024-12-11 16:32:02.596503,2024-12-11 16:32:16.627161,0 days 00:00:14.030658,32,0.2,0.000646050144031816,3,300,COMPLETE
30,0.5045737596064176,0.4071342759121267,2024-12-11 16:32:16.630423,2024-12-11 16:32:28.079286,0 days 00:00:11.448863,64,0.30000000000000004,0.0007911240555339688,2,500,COMPLETE
31,0.5011522487230223,0.4121309614934012,2024-12-11 16:32:28.081241,2024-12-11 16:32:40.725696,0 days 00:00:12.644455,64,0.2,0.0008551909230867244,3,1100,COMPLETE
32,0.48378668572902994,0.4530728923200954,2024-12-11 16:32:40.729345,2024-12-11 16:32:55.153791,0 days 00:00:14.424446,32,0.4,0.0008609501693284001,3,700,COMPLETE
33,0.4941689860274504,0.40286896731498417,2024-12-11 16:32:55.158113,2024-12-11 16:33:15.051843,0 days 00:00:19.893730,16,0.15000000000000002,0.0007140660019282885,3,200,COMPLETE
34,0.49861676610470396,0.4078840245665002,2024-12-11 16:33:15.052541,2024-12-11 16:33:35.012054,0 days 00:00:19.959513,64,0.2,0.0002871648058890242,3,1500,COMPLETE
35,0.5096485575268513,0.41838571188945634,2024-12-11 16:33:35.014454,2024-12-11 16:34:03.750816,0 days 00:00:28.736362,16,0.25,0.000447482784649131,3,1800,COMPLETE
36,0.4632861331794621,0.4182666349042873,2024-12-11 16:34:03.755129,2024-12-11 16:34:12.926623,0 days 00:00:09.171494,64,0.05,0.00021840964291359972,1,1300,COMPLETE
37,0.398564380895023,0.4774988404555833,2024-12-11 16:34:12.928247,2024-12-11 16:34:22.793408,0 days 00:00:09.865161,32,0.45,0.0008984025083275341,3,800,COMPLETE
38,0.46728631046954056,0.41651880305733985,2024-12-11 16:34:22.796519,2024-12-11 16:34:39.118501,0 days 00:00:16.321982,16,0.15000000000000002,0.000654030768627182,1,1100,COMPLETE
39,0.48908631282320825,0.4125246612287852,2024-12-11 16:34:39.120029,2024-12-11 16:34:50.974539,0 days 00:00:11.854510,32,0.25,0.0001899413996095221,2,500,COMPLETE
40,0.47989848634384524,0.44820423825822947,2024-12-11 16:34:50.976299,2024-12-11 16:35:20.591359,0 days 00:00:29.615060,128,0.5,0.0002452921772302045,3,300,COMPLETE
41,0.4913764057305204,0.42890757719227757,2024-12-11 16:35:20.595189,2024-12-11 16:35:48.311451,0 days 00:00:27.716262,64,0.4,0.00010030330742668688,3,400,COMPLETE
42,0.4615833311507328,0.43247161193109085,2024-12-11 16:35:48.312986,2024-12-11 16:35:58.706148,0 days 00:00:10.393162,64,0.25,0.00028674988196180154,1,1300,COMPLETE
43,0.49696985899345547,0.4064932636060483,2024-12-11 16:35:58.708392,2024-12-11 16:36:12.036815,0 days 00:00:13.328423,64,0.1,0.0003416599253198703,3,200,COMPLETE
44,0.42409926234590783,0.5689019016453767,2024-12-11 16:36:12.039537,2024-12-11 16:36:33.824316,0 days 00:00:21.784779,16,0.45,0.0005487549419461319,3,1800,COMPLETE
45,0.4868250182019496,0.4166123525829756,2024-12-11 16:36:33.828740,2024-12-11 16:36:52.571623,0 days 00:00:18.742883,128,0.35000000000000003,0.00042850309971677314,2,100,COMPLETE
46,0.4956181855226445,0.41242782656364,2024-12-11 16:36:52.573607,2024-12-11 16:37:10.291967,0 days 00:00:17.718360,64,0.30000000000000004,0.00019090215389308934,3,400,COMPLETE
47,0.4873498937145125,0.4131479379378682,2024-12-11 16:37:10.295638,2024-12-11 16:37:30.033462,0 days 00:00:19.737824,32,0.2,0.0007091825973900292,1,1500,COMPLETE
48,0.48950232686492845,0.4095601216648831,2024-12-11 16:37:30.035521,2024-12-11 16:37:53.519495,0 days 00:00:23.483974,128,0.0,0.0009771313976159794,3,2000,COMPLETE
49,0.49889558534950107,0.4053955638654716,2024-12-11 16:37:53.523791,2024-12-11 16:38:05.051992,0 days 00:00:11.528201,64,0.1,0.00032271220836478794,2,600,COMPLETE
50,0.5156615866603721,0.3890734188904229,2024-12-11 16:38:05.054165,2024-12-11 16:38:34.386092,0 days 00:00:29.331927,16,0.15000000000000002,0.0004018739808815564,3,1200,COMPLETE
51,0.4693802981628695,0.4247863233129566,2024-12-11 16:38:34.389728,2024-12-11 16:38:51.160600,0 days 00:00:16.770872,16,0.15000000000000002,0.0003862847165533148,1,1200,COMPLETE
52,0.485411505654911,0.40912169314772606,2024-12-11 16:38:51.162304,2024-12-11 16:39:09.582696,0 days 00:00:18.420392,16,0.1,0.000140872974933722,2,1000,COMPLETE
53,0.5022428305634458,0.4136979950562803,2024-12-11 16:39:09.585153,2024-12-11 16:39:30.389348,0 days 00:00:20.804195,16,0.2,0.00029247916652223036,3,1200,COMPLETE
54,0.442162133335476,0.4468239922260221,2024-12-11 16:39:30.391327,2024-12-11 16:39:41.881214,0 days 00:00:11.489887,16,0.15000000000000002,0.00024376248408885658,1,900,COMPLETE
55,0.5101014497255464,0.39675369950799055,2024-12-11 16:39:41.882890,2024-12-11 16:40:07.923641,0 days 00:00:26.040751,16,0.15000000000000002,0.0003894645494689963,3,1300,COMPLETE
56,0.5199866976510961,0.39883028067989923,2024-12-11 16:40:07.927607,2024-12-11 16:40:32.311577,0 days 00:00:24.383970,16,0.05,0.0003677365713554661,3,1400,COMPLETE
57,0.4994115456588489,0.3992651109452736,2024-12-11 16:40:32.315674,2024-12-11 16:40:58.764018,0 days 00:00:26.448344,16,0.05,0.00038419936138181623,3,1400,COMPLETE
58,0.4893980382550665,0.39866522495727325,2024-12-11 16:40:58.766476,2024-12-11 16:41:19.023208,0 days 00:00:20.256732,16,0.0,0.00035094953837716867,3,1300,COMPLETE
59,0.5076444070859555,0.3969749393103722,2024-12-11 16:41:19.025837,2024-12-11 16:41:49.898683,0 days 00:00:30.872846,16,0.05,0.0004066529618995053,3,1600,COMPLETE
60,0.4981508430932191,0.401818775724368,2024-12-11 16:41:49.902504,2024-12-11 16:42:23.293062,0 days 00:00:33.390558,16,0.0,0.0003166937677717462,3,1500,COMPLETE
61,0.504730177502293,0.39848553841571627,2024-12-11 16:42:23.295379,2024-12-11 16:42:46.410685,0 days 00:00:23.115306,16,0.1,0.0004485706578319112,3,1400,COMPLETE
62,0.49363816592430004,0.39933085857051226,2024-12-11 16:42:46.414770,2024-12-11 16:43:12.107857,0 days 00:00:25.693087,16,0.05,0.0005023350652632829,3,1100,COMPLETE
63,0.5039051239004048,0.40282542763233514,2024-12-11 16:43:12.108855,2024-12-11 16:43:35.832738,0 days 00:00:23.723883,16,0.1,0.00036954753149969177,3,1200,COMPLETE
64,0.5004612840829795,0.39701044884929065,2024-12-11 16:43:35.834817,2024-12-11 16:44:05.100476,0 days 00:00:29.265659,16,0.05,0.0004064611721710723,3,1200,COMPLETE
65,0.4906858609165834,0.40279230526961046,2024-12-11 16:44:05.104740,2024-12-11 16:44:28.576305,0 days 00:00:23.471565,16,0.0,0.0003421819859838908,3,1300,COMPLETE
66,0.5106671501868789,0.3937674103283998,2024-12-11 16:44:28.580025,2024-12-11 16:44:57.797540,0 days 00:00:29.217515,16,0.15000000000000002,0.0004746798916351711,3,1700,COMPLETE
67,0.4954066975476444,0.406033500191722,2024-12-11 16:44:57.801846,2024-12-11 16:45:20.289056,0 days 00:00:22.487210,16,0.05,0.00012892585638104426,3,1900,COMPLETE
68,0.5109905568680722,0.3923297475013875,2024-12-11 16:45:20.293321,2024-12-11 16:45:46.688426,0 days 00:00:26.395105,16,0.1,0.00045627100361417147,3,1000,COMPLETE
69,0.4756923816842497,0.41953049680199755,2024-12-11 16:45:46.692031,2024-12-11 16:45:58.209947,0 days 00:00:11.517916,128,0.0,0.00015881536012532052,2,1500,COMPLETE
70,0.5118469236782233,0.40109621246449345,2024-12-11 16:45:58.213028,2024-12-11 16:46:27.794278,0 days 00:00:29.581250,16,0.1,0.0003588360892323611,3,1400,COMPLETE
71,0.5062058222339336,0.3973437167935517,2024-12-11 16:46:27.795156,2024-12-11 16:47:01.056340,0 days 00:00:33.261184,16,0.1,0.00035802605428151836,3,1400,COMPLETE
72,0.509711992755127,0.38842777781070204,2024-12-11 16:47:01.060492,2024-12-11 16:47:32.132658,0 days 00:00:31.072166,16,0.05,0.0004158041445593507,3,1600,COMPLETE
73,0.4907301520426791,0.4029056979149816,2024-12-11 16:47:32.136697,2024-12-11 16:47:58.347359,0 days 00:00:26.210662,16,0.05,0.000306949245638296,2,1600,COMPLETE
74,0.46935912120845646,0.4336653199152474,2024-12-11 16:47:58.350449,2024-12-11 16:48:12.077352,0 days 00:00:13.726903,128,0.5,0.00026672352000945484,1,1700,COMPLETE
75,0.506181480480574,0.3997743676657709,2024-12-11 16:48:12.079197,2024-12-11 16:48:45.954773,0 days 00:00:33.875576,16,0.05,0.0004196541673311446,3,1500,COMPLETE
76,0.4842677408115977,0.41820343050604497,2024-12-11 16:48:45.957108,2024-12-11 16:49:06.672328,0 days 00:00:20.715220,16,0.0,0.0003294710879051703,3,1400,COMPLETE
77,0.46105416610927696,0.42119331183433883,2024-12-11 16:49:06.676505,2024-12-11 16:49:24.618179,0 days 00:00:17.941674,16,0.05,0.00036773645393071964,1,1600,COMPLETE
78,0.4856433129685806,0.4078486311103006,2024-12-11 16:49:24.620236,2024-12-11 16:49:38.966414,0 days 00:00:14.346178,128,0.0,0.0005605366107360047,3,800,COMPLETE
79,0.494472109495607,0.40257043075082066,2024-12-11 16:49:38.969771,2024-12-11 16:50:03.977018,0 days 00:00:25.007247,16,0.05,0.0004751522851279786,2,1800,COMPLETE
80,0.507599839218906,0.4024649543584136,2024-12-11 16:50:03.977923,2024-12-11 16:50:26.534329,0 days 00:00:22.556406,16,0.1,0.00033335566587513706,3,1000,COMPLETE
81,0.49833957868479006,0.43620949423082206,2024-12-11 16:50:26.538042,2024-12-11 16:50:44.957342,0 days 00:00:18.419300,32,0.35000000000000003,0.0006204206210169621,3,1100,COMPLETE
82,0.5071300340212168,0.39062014300526976,2024-12-11 16:50:44.960750,2024-12-11 16:51:08.876908,0 days 00:00:23.916158,16,0.1,0.00030607180569085983,3,1300,COMPLETE
83,0.4597696639792236,0.4584771819561742,2024-12-11 16:51:08.879063,2024-12-11 16:51:28.726943,0 days 00:00:19.847880,16,0.45,0.00030048151397321535,3,1300,COMPLETE
84,0.5057953640456263,0.4039276059362426,2024-12-11 16:51:28.731099,2024-12-11 16:51:48.591275,0 days 00:00:19.860176,128,0.05,0.0002730233229189808,3,1500,COMPLETE
85,0.49909856007330966,0.40421396821061706,2024-12-11 16:51:48.595198,2024-12-11 16:52:17.305226,0 days 00:00:28.710028,16,0.1,0.0003231384652862232,3,1700,COMPLETE
86,0.4916323314864429,0.41084022382117513,2024-12-11 16:52:17.307882,2024-12-11 16:52:40.919552,0 days 00:00:23.611670,16,0.0,0.00040501079096643046,2,1400,COMPLETE
87,0.4509117847843472,0.42933895798718114,2024-12-11 16:52:40.923008,2024-12-11 16:52:54.481063,0 days 00:00:13.558055,32,0.05,0.0005207653018567595,1,1900,COMPLETE
88,0.47569182483987965,0.43271459952713043,2024-12-11 16:52:54.483737,2024-12-11 16:53:21.317728,0 days 00:00:26.833991,16,0.30000000000000004,0.00043631398965185886,3,1600,COMPLETE
89,0.4932487002066715,0.4066418227286297,2024-12-11 16:53:21.322102,2024-12-11 16:53:36.612260,0 days 00:00:15.290158,128,0.1,0.00025137167652025574,3,800,COMPLETE
90,0.5102763355504052,0.3954621361813471,2024-12-11 16:53:36.615664,2024-12-11 16:53:58.799151,0 days 00:00:22.183487,16,0.05,0.00034882237657202404,3,1400,COMPLETE
91,0.5187673903406506,0.3897011845133809,2024-12-11 16:53:58.800151,2024-12-11 16:54:22.211947,0 days 00:00:23.411796,16,0.05,0.0005710241673428301,3,1200,COMPLETE
92,0.5145737023411953,0.39344202634757425,2024-12-11 16:54:22.215585,2024-12-11 16:54:50.884899,0 days 00:00:28.669314,16,0.05,0.0005872800533571778,3,1300,COMPLETE
93,0.5026666557529975,0.3979946206289428,2024-12-11 16:54:50.888668,2024-12-11 16:55:23.331737,0 days 00:00:32.443069,16,0.0,0.00046865003745514574,3,1200,COMPLETE
94,0.5102619546642357,0.39513970454292385,2024-12-11 16:55:23.333919,2024-12-11 16:56:01.934890,0 days 00:00:38.600971,16,0.05,0.000587315253871621,3,1700,COMPLETE
95,0.5015563264595777,0.4009983808054172,2024-12-11 16:56:01.936668,2024-12-11 16:56:31.916260,0 days 00:00:29.979592,16,0.05,0.00045963633238870264,3,1500,COMPLETE
96,0.5177059521413215,0.393043399061936,2024-12-11 16:56:31.920322,2024-12-11 16:56:59.710466,0 days 00:00:27.790144,16,0.0,0.00047874707012595286,3,1300,COMPLETE
97,0.48197910662633603,0.4692001388493692,2024-12-11 16:56:59.714266,2024-12-11 16:57:19.527303,0 days 00:00:19.813037,16,0.4,0.0004794964759374081,3,1300,COMPLETE
98,0.46753947899909587,0.41919023288311463,2024-12-11 16:57:19.528111,2024-12-11 16:57:44.269697,0 days 00:00:24.741586,16,0.0,0.00022824443264995588,3,1700,COMPLETE
99,0.49829639971886835,0.40494478712459453,2024-12-11 16:57:44.272634,2024-12-11 16:58:17.273204,0 days 00:00:33.000570,16,0.05,0.0006675665004405884,3,1900,COMPLETE
