number,values_0,values_1,datetime_start,datetime_complete,duration,params_amount_heads,params_attn_dropout,params_batch_size,params_dropout,params_encoder_output_dim,params_ff_dropout,params_head_dim,params_layer_norm,params_lr,params_n_layers,params_neurons,params_transformer_depth,state
0,0.43195897340774536,0.43755903840065,2025-01-15 01:38:41.325600,2025-01-15 01:48:29.550682,0 days 00:09:48.225082,3,0.30000000000000004,64,0.15000000000000002,273,0.4,90,0,0.00035791101064794356,1,1300,7,COMPLETE
1,0.4388965666294098,0.4367161691188812,2025-01-15 01:48:29.551386,2025-01-15 01:53:25.188370,0 days 00:04:55.636984,6,0.0,32,0.45,140,0.45,71,0,0.00010476441029192678,3,1600,4,COMPLETE
2,0.43933504819869995,0.43594688177108765,2025-01-15 01:53:25.189163,2025-01-15 02:00:27.585184,0 days 00:07:02.396021,3,0.1,16,0.1,260,0.1,52,0,0.00015137643105111496,3,1900,6,COMPLETE
3,0.013125861063599586,0.6072002649307251,2025-01-15 02:00:27.585891,2025-01-15 02:01:44.520986,0 days 00:01:16.935095,3,0.35000000000000003,16,0.15000000000000002,229,0.45,96,0,0.007976528491047415,2,1500,2,COMPLETE
4,-0.00038022996159270406,0.6088423728942871,2025-01-15 02:01:44.521652,2025-01-15 02:06:14.315591,0 days 00:04:29.793939,7,0.25,32,0.5,253,0.2,110,1,0.0024368673672398836,2,1200,7,COMPLETE
5,0.393402636051178,0.45551443099975586,2025-01-15 02:06:14.316433,2025-01-15 02:10:59.460679,0 days 00:04:45.144246,2,0.5,32,0.45,287,0.15000000000000002,51,1,0.00011946132215496507,1,600,4,COMPLETE
6,0.44034767150878906,0.435293048620224,2025-01-15 02:10:59.461439,2025-01-15 02:21:05.026931,0 days 00:10:05.565492,7,0.4,16,0.1,231,0.2,123,0,0.0003148919876815542,3,2000,6,COMPLETE
7,0.40037816762924194,0.44693273305892944,2025-01-15 02:21:05.027961,2025-01-15 02:24:05.476343,0 days 00:03:00.448382,2,0.5,32,0.45,234,0.05,41,1,0.00022228302609100472,3,1400,3,COMPLETE
8,0.015495514497160912,0.6055704951286316,2025-01-15 02:24:05.477146,2025-01-15 02:26:43.304110,0 days 00:02:37.826964,6,0.15000000000000002,32,0.15000000000000002,190,0.4,123,1,0.0041409467670057935,3,1500,4,COMPLETE
9,-0.0051274774596095085,0.6094377636909485,2025-01-15 02:26:43.305066,2025-01-15 02:31:36.081744,0 days 00:04:52.776678,6,0.5,128,0.2,261,0.0,84,1,0.007853578694368094,2,1500,7,COMPLETE
10,0.4523943066596985,0.42677050828933716,2025-01-15 02:31:36.082525,2025-01-15 02:41:01.374907,0 days 00:09:25.292382,5,0.4,16,0.0,334,0.30000000000000004,124,0,0.0005008178256888232,2,100,5,COMPLETE
11,0.4404277801513672,0.4340350031852722,2025-01-15 02:41:01.375643,2025-01-15 02:50:41.175040,0 days 00:09:39.799397,5,0.4,16,0.0,349,0.30000000000000004,128,0,0.0006829645745722513,2,300,5,COMPLETE
12,0.44226542115211487,0.43042653799057007,2025-01-15 02:50:41.176075,2025-01-15 02:59:03.606856,0 days 00:08:22.430781,5,0.4,16,0.0,351,0.30000000000000004,69,0,0.0008282152622791357,2,100,5,COMPLETE
13,0.22108764946460724,0.529788613319397,2025-01-15 02:59:03.607676,2025-01-15 03:06:38.861559,0 days 00:07:35.253883,4,0.2,128,0.0,352,0.30000000000000004,106,0,0.0009363413843342844,1,100,5,COMPLETE
14,0.29983964562416077,0.49091967940330505,2025-01-15 03:06:38.862469,2025-01-15 03:09:02.109741,0 days 00:02:23.247272,5,0.4,64,0.30000000000000004,309,0.30000000000000004,70,0,0.0005972655773278939,2,700,2,COMPLETE
15,0.43792685866355896,0.4307946264743805,2025-01-15 03:09:02.110577,2025-01-15 03:17:32.082285,0 days 00:08:29.971708,4,0.30000000000000004,16,0.0,317,0.25,107,0,0.0011746506795120484,1,500,6,COMPLETE
16,0.4584225118160248,0.4219281077384949,2025-01-15 03:17:32.083176,2025-01-15 03:24:36.930383,0 days 00:07:04.847207,5,0.0,16,0.30000000000000004,192,0.35000000000000003,72,0,0.0017974041124848858,2,900,5,COMPLETE
17,0.2702021598815918,0.5081009268760681,2025-01-15 03:24:36.931211,2025-01-15 03:26:34.791536,0 days 00:01:57.860325,4,0.0,128,0.30000000000000004,192,0.5,32,0,0.0017936506329200665,1,900,3,COMPLETE
18,0.07619597017765045,0.5824815630912781,2025-01-15 03:26:34.792313,2025-01-15 03:28:18.694551,0 days 00:01:43.902238,6,0.1,64,0.35000000000000003,135,0.35000000000000003,60,1,0.0028367064070681154,2,1000,3,COMPLETE
19,0.3397788107395172,0.47352781891822815,2025-01-15 03:28:18.695313,2025-01-15 03:35:33.659528,0 days 00:07:14.964215,5,0.05,16,0.35000000000000003,174,0.5,81,0,0.004411232742455381,2,400,6,COMPLETE
20,0.2369959056377411,0.5157235264778137,2025-01-15 03:35:33.660657,2025-01-15 03:40:28.029494,0 days 00:04:54.368837,7,0.2,16,0.25,160,0.4,61,1,0.001326098029496346,1,800,5,COMPLETE
21,0.4284045696258545,0.4408093988895416,2025-01-15 03:40:28.030264,2025-01-15 03:46:24.120447,0 days 00:05:56.090183,5,0.1,16,0.35000000000000003,207,0.35000000000000003,74,0,0.0021053618830697714,2,1800,5,COMPLETE
22,0.43647608160972595,0.439536988735199,2025-01-15 03:46:24.121256,2025-01-15 03:50:26.375085,0 days 00:04:02.253829,4,0.05,16,0.25,205,0.35000000000000003,63,0,0.001764177026857666,2,1100,4,COMPLETE
23,0.4069312512874603,0.4446825087070465,2025-01-15 03:50:26.376062,2025-01-15 03:55:59.878654,0 days 00:05:33.502592,5,0.2,128,0.4,159,0.25,94,0,0.0007618078011519582,2,200,5,COMPLETE
24,0.13333557546138763,0.556408703327179,2025-01-15 03:55:59.879437,2025-01-15 04:01:23.606655,0 days 00:05:23.727218,6,0.0,64,0.30000000000000004,211,0.25,77,1,0.0013206043586914125,3,1700,6,COMPLETE
25,0.44183820486068726,0.43647947907447815,2025-01-15 04:01:23.607544,2025-01-15 04:06:04.634667,0 days 00:04:41.027123,5,0.15000000000000002,16,0.2,174,0.45,50,0,0.0005176181652108047,2,900,5,COMPLETE
26,0.4494868218898773,0.4305152893066406,2025-01-15 04:06:04.635491,2025-01-15 04:11:20.292703,0 days 00:05:15.657212,4,0.25,16,0.25,219,0.35000000000000003,87,0,0.0009445818700485773,2,1200,4,COMPLETE
27,0.3645377457141876,0.47066888213157654,2025-01-15 04:11:20.293486,2025-01-15 04:14:48.234105,0 days 00:03:27.940619,4,0.25,16,0.25,184,0.15000000000000002,87,0,0.0032077977842250353,1,1100,4,COMPLETE
28,0.3576137125492096,0.4635331630706787,2025-01-15 04:14:48.234847,2025-01-15 04:17:01.988181,0 days 00:02:13.753334,3,0.15000000000000002,64,0.4,151,0.0,41,0,0.0015779395665958494,3,600,3,COMPLETE
29,0.1419319361448288,0.5447080135345459,2025-01-15 04:17:01.988967,2025-01-15 04:21:06.736372,0 days 00:04:04.747405,2,0.30000000000000004,128,0.2,220,0.4,92,0,0.00037948578667466404,1,1300,7,COMPLETE
30,0.3370573818683624,0.477506548166275,2025-01-15 04:21:06.737208,2025-01-15 04:31:25.234827,0 days 00:10:18.497619,6,0.05,64,0.4,294,0.35000000000000003,100,0,0.0009718944799637752,2,1300,6,COMPLETE
31,0.45520272850990295,0.4278598725795746,2025-01-15 04:31:25.235662,2025-01-15 04:37:46.636372,0 days 00:06:21.400710,5,0.45,16,0.30000000000000004,198,0.30000000000000004,67,0,0.0008881366697896816,2,100,5,COMPLETE
32,0.35076507925987244,0.4760527014732361,2025-01-15 04:37:46.637188,2025-01-15 04:40:30.912438,0 days 00:02:44.275250,4,0.45,16,0.30000000000000004,175,0.45,79,0,0.0021674708761239437,2,300,4,COMPLETE
33,0.4652900695800781,0.4153844714164734,2025-01-15 04:40:30.913225,2025-01-15 04:46:32.817639,0 days 00:06:01.904414,5,0.0,16,0.35000000000000003,128,0.35000000000000003,65,0,0.0012096813738055074,2,800,6,COMPLETE
34,0.2746886610984802,0.4996257722377777,2025-01-15 04:46:32.818457,2025-01-15 04:51:34.631335,0 days 00:05:01.812878,5,0.0,32,0.5,132,0.2,66,1,0.0005043587686379559,3,800,7,COMPLETE
35,0.2737261652946472,0.5032142996788025,2025-01-15 04:51:34.632484,2025-01-15 04:55:28.001764,0 days 00:03:53.369280,3,0.35000000000000003,16,0.35000000000000003,146,0.4,57,1,0.0001873960864506321,2,1700,6,COMPLETE
36,0.39289331436157227,0.4604341387748718,2025-01-15 04:55:28.002532,2025-01-15 05:04:47.504339,0 days 00:09:19.501807,6,0.35000000000000003,32,0.45,251,0.1,56,1,0.00010284019225324945,3,600,7,COMPLETE
37,0.4283016324043274,0.43832334876060486,2025-01-15 05:04:47.505149,2025-01-15 05:10:00.795852,0 days 00:05:13.290703,7,0.05,16,0.05,129,0.45,44,0,0.001153900795360112,1,1900,6,COMPLETE
38,0.4400380253791809,0.4262560307979584,2025-01-15 05:10:00.796666,2025-01-15 05:13:14.312111,0 days 00:03:13.515445,6,0.30000000000000004,16,0.4,161,0.25,115,0,0.00027040253763144267,2,1000,2,COMPLETE
39,0.4459021985530853,0.43268871307373047,2025-01-15 05:13:14.312901,2025-01-15 05:14:42.268588,0 days 00:01:27.955687,3,0.1,32,0.1,144,0.15000000000000002,49,0,0.00032301239082606245,3,500,2,COMPLETE
40,0.3443637490272522,0.47637706995010376,2025-01-15 05:14:42.269220,2025-01-15 05:23:41.342477,0 days 00:08:59.073257,6,0.15000000000000002,128,0.4,158,0.4,75,0,0.00013510695541276517,2,2000,7,COMPLETE
41,0.4283522069454193,0.43629974126815796,2025-01-15 05:23:41.343295,2025-01-15 05:29:04.284426,0 days 00:05:22.941131,5,0.45,16,0.35000000000000003,140,0.30000000000000004,115,0,0.0001634702907847345,2,1600,6,COMPLETE
42,0.4587424695491791,0.421231210231781,2025-01-15 05:29:04.285179,2025-01-15 05:34:52.486572,0 days 00:05:48.201393,6,0.30000000000000004,16,0.5,128,0.25,34,0,0.00021978813546446517,2,1400,6,COMPLETE
43,0.1623082458972931,0.541785717010498,2025-01-15 05:34:52.487354,2025-01-15 05:37:49.609189,0 days 00:02:57.121835,2,0.25,64,0.45,152,0.05,33,0,0.0014329935726496788,2,1400,7,COMPLETE
44,0.4430820941925049,0.434873104095459,2025-01-15 05:37:49.609738,2025-01-15 05:44:22.933846,0 days 00:06:33.324108,6,0.30000000000000004,32,0.5,128,0.35000000000000003,102,0,0.00025401157025592923,2,1000,6,COMPLETE
45,0.012183928862214088,0.6041997671127319,2025-01-15 05:44:22.934405,2025-01-15 05:49:45.962887,0 days 00:05:23.028482,7,0.2,16,0.4,275,0.4,116,1,0.000800191324992296,3,1200,7,COMPLETE
46,0.45312729477882385,0.4266933500766754,2025-01-15 05:49:45.963474,2025-01-15 05:51:38.420968,0 days 00:01:52.457494,5,0.35000000000000003,16,0.15000000000000002,137,0.2,45,0,0.0006694156552732077,1,300,2,COMPLETE
47,0.1254146546125412,0.5598119497299194,2025-01-15 05:51:38.421474,2025-01-15 05:56:33.147737,0 days 00:04:54.726263,6,0.0,16,0.30000000000000004,165,0.30000000000000004,98,0,0.008451402710168207,2,700,6,COMPLETE
48,-0.008713197894394398,0.6119983792304993,2025-01-15 05:56:33.148368,2025-01-15 05:58:07.561328,0 days 00:01:34.412960,4,0.45,128,0.05,148,0.5,35,1,0.00043079529815813185,3,400,6,COMPLETE
49,0.44641774892807007,0.4274488389492035,2025-01-15 05:58:07.561915,2025-01-15 06:04:44.100677,0 days 00:06:36.538762,5,0.1,32,0.35000000000000003,240,0.25,38,0,0.0010797847114794026,2,900,5,COMPLETE
50,-0.003573083784431219,0.615140974521637,2025-01-15 06:04:44.101409,2025-01-15 06:08:38.390064,0 days 00:03:54.288655,2,0.30000000000000004,16,0.4,329,0.05,53,0,0.005774987205941494,2,1400,6,COMPLETE
51,0.46249666810035706,0.4222351908683777,2025-01-15 06:08:38.390857,2025-01-15 06:10:51.374702,0 days 00:02:12.983845,5,0.05,16,0.30000000000000004,140,0.2,70,0,0.0006495756947133225,1,700,2,COMPLETE
52,0.42560499906539917,0.44079136848449707,2025-01-15 06:10:51.375521,2025-01-15 06:13:44.792625,0 days 00:02:53.417104,5,0.0,16,0.30000000000000004,138,0.35000000000000003,66,0,0.0002626641253055311,2,800,3,COMPLETE
53,0.44353359937667847,0.41828638315200806,2025-01-15 06:13:44.793429,2025-01-15 06:19:11.086503,0 days 00:05:26.293074,5,0.05,64,0.35000000000000003,129,0.1,83,0,0.0025377792792601957,2,700,5,COMPLETE
54,0.37324613332748413,0.45508575439453125,2025-01-15 06:19:11.087643,2025-01-15 06:28:51.926462,0 days 00:09:40.838819,5,0.05,64,0.2,296,0.1,85,1,0.00011372472558928627,1,700,5,COMPLETE
55,0.06754706799983978,0.5766674280166626,2025-01-15 06:28:51.927326,2025-01-15 06:31:28.918173,0 days 00:02:36.990847,4,0.0,128,0.05,128,0.45,72,0,0.0017151518809682973,2,800,7,COMPLETE
56,0.12598393857479095,0.5681861639022827,2025-01-15 06:31:28.919039,2025-01-15 06:36:58.983656,0 days 00:05:30.064617,5,0.05,16,0.15000000000000002,278,0.30000000000000004,90,0,0.0025447490475709895,2,600,6,COMPLETE
57,-0.003075218293815851,0.610682487487793,2025-01-15 06:36:58.984546,2025-01-15 06:39:30.233830,0 days 00:02:31.249284,3,0.0,32,0.45,256,0.4,82,1,0.009278606966898199,2,900,5,COMPLETE
58,0.45744141936302185,0.4296489357948303,2025-01-15 06:39:30.234685,2025-01-15 06:47:23.397275,0 days 00:07:53.162590,5,0.05,16,0.1,141,0.35000000000000003,128,0,0.0008912765426243391,1,500,7,COMPLETE
59,0.2597281038761139,0.5025023221969604,2025-01-15 06:47:23.398178,2025-01-15 06:49:33.163058,0 days 00:02:09.764880,4,0.0,64,0.25,167,0.0,105,0,0.001222424980381849,3,700,3,COMPLETE
60,0.368668794631958,0.4573141932487488,2025-01-15 06:49:33.163911,2025-01-15 06:54:32.739316,0 days 00:04:59.575405,6,0.05,128,0.5,193,0.30000000000000004,66,0,0.001993839288338931,2,900,4,COMPLETE
61,0.4166623651981354,0.4439322054386139,2025-01-15 06:54:32.740190,2025-01-15 06:58:56.043297,0 days 00:04:23.303107,5,0.0,16,0.35000000000000003,139,0.35000000000000003,110,0,0.00154057902213894,2,500,5,COMPLETE
62,0.484245240688324,0.41357892751693726,2025-01-15 06:58:56.044159,2025-01-15 07:04:42.386596,0 days 00:05:46.342437,5,0.05,16,0.35000000000000003,152,0.35000000000000003,46,0,0.0009291405438670337,1,1100,6,COMPLETE
63,0.16023032367229462,0.5570281744003296,2025-01-15 07:04:42.387447,2025-01-15 07:08:52.160189,0 days 00:04:09.772742,7,0.5,16,0.2,199,0.35000000000000003,46,1,0.0006219316993107747,1,1100,6,COMPLETE
64,0.23961564898490906,0.5078595280647278,2025-01-15 07:08:52.161261,2025-01-15 07:12:57.035645,0 days 00:04:04.874384,3,0.15000000000000002,16,0.1,187,0.4,37,1,0.0007799285929776787,1,1300,6,COMPLETE
65,0.40727558732032776,0.44191694259643555,2025-01-15 07:12:57.036428,2025-01-15 07:19:16.799162,0 days 00:06:19.762734,4,0.2,64,0.45,223,0.1,40,1,0.0005710187208529068,1,1500,6,COMPLETE
66,0.18857407569885254,0.5304804444313049,2025-01-15 07:19:16.800103,2025-01-15 07:24:42.077155,0 days 00:05:25.277052,7,0.15000000000000002,16,0.15000000000000002,183,0.2,54,1,0.0010796423255717879,1,1200,6,COMPLETE
67,-0.009666681289672852,0.6118525266647339,2025-01-15 07:24:42.078201,2025-01-15 07:26:04.162346,0 days 00:01:22.084145,2,0.25,128,0.25,175,0.30000000000000004,48,1,0.006841862147576049,1,1100,6,COMPLETE
68,0.27195313572883606,0.5046329498291016,2025-01-15 07:26:04.163457,2025-01-15 07:32:43.111029,0 days 00:06:38.947572,4,0.1,32,0.30000000000000004,342,0.35000000000000003,58,1,0.0006944201145638933,1,1500,6,COMPLETE
69,0.4775618016719818,0.4136258661746979,2025-01-15 07:32:43.112220,2025-01-15 07:40:49.672061,0 days 00:08:06.559841,6,0.2,16,0.5,239,0.5,44,0,0.000430051219775454,1,1000,5,COMPLETE
70,0.43180879950523376,0.432945191860199,2025-01-15 07:40:49.673188,2025-01-15 07:46:03.472107,0 days 00:05:13.798919,5,0.2,16,0.35000000000000003,168,0.5,61,0,0.0004393214351557159,1,1300,6,COMPLETE
71,0.46592339873313904,0.4285039007663727,2025-01-15 07:46:03.473132,2025-01-15 07:52:27.918334,0 days 00:06:24.445202,5,0.15000000000000002,16,0.35000000000000003,200,0.4,43,0,0.0008847993758558711,1,1000,6,COMPLETE
72,0.4450414776802063,0.4325489103794098,2025-01-15 07:52:27.919249,2025-01-15 07:56:21.565604,0 days 00:03:53.646355,5,0.1,16,0.35000000000000003,267,0.4,43,0,0.0013740777752762328,1,1000,3,COMPLETE
73,0.025415802374482155,0.6070965528488159,2025-01-15 07:56:21.566436,2025-01-15 08:01:44.860513,0 days 00:05:23.294077,5,0.1,64,0.35000000000000003,242,0.35000000000000003,50,0,0.00403475813886978,1,1600,7,COMPLETE
74,0.4238877296447754,0.44450241327285767,2025-01-15 08:01:44.861443,2025-01-15 08:09:52.182802,0 days 00:08:07.321359,5,0.05,16,0.4,313,0.45,63,0,0.0009723908474567972,1,1900,6,COMPLETE
75,-0.005398297216743231,0.6108129620552063,2025-01-15 08:09:52.183772,2025-01-15 08:12:17.152912,0 days 00:02:24.969140,5,0.1,128,0.30000000000000004,210,0.25,32,0,0.001226841676385794,3,1700,5,COMPLETE
76,0.4546543061733246,0.4257253110408783,2025-01-15 08:12:17.153595,2025-01-15 08:18:27.563530,0 days 00:06:10.409935,6,0.15000000000000002,16,0.35000000000000003,180,0.15000000000000002,47,0,0.0007255417008686555,1,1200,6,COMPLETE
77,0.4130043089389801,0.44124752283096313,2025-01-15 08:18:27.564299,2025-01-15 08:22:08.722266,0 days 00:03:41.157967,5,0.15000000000000002,32,0.30000000000000004,304,0.35000000000000003,120,0,0.0008446778573953618,3,1400,2,COMPLETE
78,0.4418674409389496,0.4292142391204834,2025-01-15 08:22:08.723353,2025-01-15 08:30:57.751969,0 days 00:08:49.028616,6,0.05,16,0.4,332,0.4,42,0,0.0002191778678957521,1,1100,5,COMPLETE
79,0.4252610206604004,0.43786269426345825,2025-01-15 08:30:57.752921,2025-01-15 08:37:48.807605,0 days 00:06:51.054684,4,0.1,64,0.35000000000000003,151,0.30000000000000004,55,0,0.00013829815314004264,1,200,7,COMPLETE
80,0.4618636667728424,0.4239785075187683,2025-01-15 08:37:48.808606,2025-01-15 08:42:18.602266,0 days 00:04:29.793660,3,0.4,16,0.4,157,0.35000000000000003,52,0,0.0005647191001486682,3,1200,6,COMPLETE
81,0.46681514382362366,0.4192278981208801,2025-01-15 08:42:18.603458,2025-01-15 08:46:37.248112,0 days 00:04:18.644654,5,0.4,16,0.35000000000000003,155,0.35000000000000003,51,0,0.0005632987434786491,3,1000,4,COMPLETE
82,0.4376237988471985,0.42913609743118286,2025-01-15 08:46:37.248973,2025-01-15 08:49:44.340886,0 days 00:03:07.091913,5,0.05,16,0.35000000000000003,152,0.45,52,0,0.000622853663523414,3,1200,4,COMPLETE
83,0.41570693254470825,0.447622150182724,2025-01-15 08:49:44.341733,2025-01-15 08:54:47.829089,0 days 00:05:03.487356,5,0.2,16,0.35000000000000003,158,0.25,40,0,0.001036545173689889,1,1000,7,COMPLETE
84,0.4424976706504822,0.43252721428871155,2025-01-15 08:54:47.829989,2025-01-15 08:57:45.261567,0 days 00:02:57.431578,3,0.5,32,0.0,156,0.05,45,0,0.0003290162026088123,3,1100,4,COMPLETE
85,-25.387065887451172,2.268866777420044,2025-01-15 08:57:45.262658,2025-01-15 08:58:33.040610,0 days 00:00:47.777952,2,0.4,128,0.4,165,0.5,37,0,0.009920111986384952,1,1000,2,COMPLETE
86,0.4129626154899597,0.449361652135849,2025-01-15 08:58:33.041379,2025-01-15 09:06:12.946626,0 days 00:07:39.905247,5,0.1,16,0.05,323,0.2,50,0,0.00010045381254182055,1,2000,5,COMPLETE
87,0.4311589300632477,0.44214335083961487,2025-01-15 09:06:12.947667,2025-01-15 09:11:53.933379,0 days 00:05:40.985712,5,0.35000000000000003,16,0.30000000000000004,170,0.15000000000000002,47,0,0.0005515778407731822,1,1100,7,COMPLETE
88,0.4195059835910797,0.44412750005722046,2025-01-15 09:11:53.934552,2025-01-15 09:14:37.441018,0 days 00:02:43.506466,4,0.25,64,0.4,145,0.45,52,0,0.0009047783456350791,3,1200,4,COMPLETE
89,0.08170436322689056,0.5788695216178894,2025-01-15 09:14:37.442171,2025-01-15 09:18:12.534673,0 days 00:03:35.092502,6,0.15000000000000002,16,0.30000000000000004,162,0.25,43,0,0.002972921164409502,1,1200,7,COMPLETE
90,0.05977165699005127,0.5898891687393188,2025-01-15 09:18:12.535553,2025-01-15 09:20:42.351608,0 days 00:02:29.816055,6,0.4,32,0.35000000000000003,179,0.2,58,1,0.0007478206092488101,3,1800,5,COMPLETE
91,0.4379003942012787,0.4328439235687256,2025-01-15 09:20:42.352523,2025-01-15 09:25:52.095878,0 days 00:05:09.743355,5,0.05,16,0.35000000000000003,155,0.35000000000000003,39,0,0.00017849268498714845,1,900,6,COMPLETE
92,0.27080270648002625,0.4906085431575775,2025-01-15 09:25:52.096779,2025-01-15 09:29:53.557338,0 days 00:04:01.460559,5,0.0,16,0.4,143,0.35000000000000003,34,0,0.0014947056062699351,2,1100,6,COMPLETE
93,0.13591426610946655,0.557510495185852,2025-01-15 09:29:53.558341,2025-01-15 09:37:28.713386,0 days 00:07:35.155045,5,0.2,128,0.30000000000000004,285,0.4,95,0,0.0001169206540593003,2,1000,6,COMPLETE
94,0.46434158086776733,0.4250706732273102,2025-01-15 09:37:28.714202,2025-01-15 09:42:24.665978,0 days 00:04:55.951776,5,0.0,16,0.45,135,0.30000000000000004,49,0,0.0013152600905593423,1,1300,6,COMPLETE
95,0.45328646898269653,0.42630013823509216,2025-01-15 09:42:24.666798,2025-01-15 09:46:28.323047,0 days 00:04:03.656249,7,0.0,16,0.5,132,0.30000000000000004,48,1,0.001267220427001509,1,1300,3,COMPLETE
96,0.41947251558303833,0.4433717131614685,2025-01-15 09:46:28.323653,2025-01-15 09:51:02.901117,0 days 00:04:34.577464,2,0.45,64,0.35000000000000003,232,0.0,43,0,0.0003637601653256052,1,1000,5,COMPLETE
97,0.46310538053512573,0.42515236139297485,2025-01-15 09:51:02.901838,2025-01-15 09:58:43.659762,0 days 00:07:40.757924,5,0.15000000000000002,16,0.0,147,0.35000000000000003,110,0,0.0010790803660789233,1,1200,7,COMPLETE
98,0.4532701075077057,0.42822304368019104,2025-01-15 09:58:43.660897,2025-01-15 10:00:31.879095,0 days 00:01:48.218198,4,0.05,32,0.25,162,0.4,51,0,0.0008433451331050787,1,1400,2,COMPLETE
99,0.08763156086206436,0.5682073831558228,2025-01-15 10:00:31.880174,2025-01-15 10:04:48.859404,0 days 00:04:16.979230,5,0.25,16,0.45,344,0.1,35,1,0.0024323410565116944,1,1100,3,COMPLETE
