number,values_0,values_1,datetime_start,datetime_complete,duration,params_colsample_bytree,params_gamma,params_learning_rate,params_max_depth,params_min_child_weight,params_n_estimators,params_reg_alpha,params_reg_lambda,params_subsample,state
0,0.4666593682876428,0.42458146303026006,2024-12-11 10:03:53.371893,2024-12-11 10:04:16.090055,0 days 00:00:22.718162,0.5880093089741298,0.8659881878590105,0.07157742632423772,1,29,1354,0.17907547656602338,0.2719612209469444,0.7305570552802368,COMPLETE
1,0.3637104890950874,0.46756120475928203,2024-12-11 10:04:16.090759,2024-12-11 10:04:41.518954,0 days 00:00:25.428195,0.5835295247749781,0.6909927401024527,0.6645425770091931,29,12,1483,2.069050508598982,0.12381541497588679,0.9075613328587033,COMPLETE
2,0.39946556475890715,0.4609608881499911,2024-12-11 10:04:41.519581,2024-12-11 10:04:53.659309,0 days 00:00:12.139728,0.6100518716477233,2.267631780228539,0.3311600765156922,73,35,670,1.8907426432127894,2.476791486194312,0.9799792577138602,COMPLETE
3,0.44841628054674204,0.4255334184763628,2024-12-11 10:04:53.659913,2024-12-11 10:05:23.287937,0 days 00:00:29.628024,0.6910364075081805,0.6666657210368065,0.20596889782192584,11,9,1671,0.43892956627567464,2.899130782941036,0.7137334099307288,COMPLETE
4,0.25610455336784765,0.5606991902677796,2024-12-11 10:05:23.288599,2024-12-11 10:05:32.172063,0 days 00:00:08.883464,0.9672884944260858,2.029990126589155,0.9539028762291262,72,9,439,1.722146584387687,2.164193184879541,0.7586781273018954,COMPLETE
5,0.402783419642029,0.4519313835286637,2024-12-11 10:05:32.172723,2024-12-11 10:05:53.995185,0 days 00:00:21.822462,0.5742414744310966,1.9981783003712519,0.34256576798641947,72,20,1278,2.508907332257244,2.448203251910477,0.970807319285951,COMPLETE
6,0.37081375945351736,0.4624321997891797,2024-12-11 10:05:53.995807,2024-12-11 10:06:12.335683,0 days 00:00:18.339876,0.5100961347743322,1.9049019651798569,0.4060634173464221,48,24,1079,1.2111938858990203,2.988789600453456,0.8944570661783298,COMPLETE
7,0.3694193427535133,0.47513193832257183,2024-12-11 10:06:12.336404,2024-12-11 10:06:34.135511,0 days 00:00:21.799107,0.7583279850586603,2.5019632044826743,0.3823035063380741,56,15,1240,1.1409378261052063,2.1988485477929944,0.5207799058168001,COMPLETE
8,0.1978147626628956,0.6421308256736675,2024-12-11 10:06:34.136183,2024-12-11 10:07:00.627665,0 days 00:00:26.491482,0.7852631191021768,0.15707054353939665,0.9010614260312695,10,6,1429,0.9522659092963295,0.03247737189221006,0.597663311566924,COMPLETE
9,0.37625574846956067,0.4687037385022622,2024-12-11 10:07:00.628336,2024-12-11 10:07:15.929507,0 days 00:00:15.301171,0.8946631789954844,2.1920885428470127,0.5263136925607517,9,15,837,2.6265929176715357,2.9310648820263805,0.7702723961230411,COMPLETE
10,0.42948324897185053,0.4453987973294402,2024-12-11 10:07:15.930229,2024-12-11 10:07:50.630478,0 days 00:00:34.700249,0.6733054046461195,2.8859959617751416,0.051973641535046466,27,48,1992,0.04574013499758184,1.1246234042403032,0.6088362447520862,COMPLETE
11,0.4639504499861095,0.42569011157789605,2024-12-11 10:07:50.631117,2024-12-11 10:08:24.557560,0 days 00:00:33.926443,0.6713980758019074,1.1357734638243282,0.03526461145398946,2,34,1865,0.027569694542792123,0.7450959879229406,0.6873848306289125,COMPLETE
12,0.4001659029972089,0.46935939393779097,2024-12-11 10:08:24.558259,2024-12-11 10:08:27.990395,0 days 00:00:03.432136,0.5161024335372498,1.2420514664883973,0.04969652432689241,1,34,144,0.595490805559182,0.6474743556041562,0.8102368348356772,COMPLETE
13,0.4324936239996006,0.4364860069955247,2024-12-11 10:08:27.990986,2024-12-11 10:08:58.199659,0 days 00:00:30.208673,0.6611767849856212,1.3505965487108385,0.16654564003062697,22,31,1745,0.032959513029570314,0.6732836343946953,0.6951910771485585,COMPLETE
14,0.43548882723644244,0.447575361115269,2024-12-11 10:08:58.200336,2024-12-11 10:09:39.728128,0 days 00:00:41.527792,0.7997721584639155,1.0129585090169548,0.003877594927841399,5,44,922,1.4247876313484116,1.6104530287986603,0.833658380265393,COMPLETE
15,0.42470306774154,0.4452567008914989,2024-12-11 10:09:39.728836,2024-12-11 10:10:13.435597,0 days 00:00:33.706761,0.6234383842551438,1.676240830501576,0.1483218300020973,18,38,1976,0.7732567193194319,0.4204961344440227,0.6612713248677682,COMPLETE
16,0.3860994769873371,0.4673803575131081,2024-12-11 10:10:13.436335,2024-12-11 10:10:26.158179,0 days 00:00:12.721844,0.6938122857218849,0.07075673629445078,0.5597428145867436,38,29,635,2.9856390289743655,0.9697967808008523,0.8088153425973021,COMPLETE
17,0.43598153432857495,0.44069322674280664,2024-12-11 10:10:26.158834,2024-12-11 10:10:44.620849,0 days 00:00:18.462015,0.5523502918217948,1.5781498437743522,0.25568178782911916,1,24,1096,0.40826740846322096,0.3256073011773797,0.7092260965157802,COMPLETE
18,0.43397879111247145,0.44088105782383824,2024-12-11 10:10:44.621498,2024-12-11 10:11:14.510840,0 days 00:00:29.889342,0.5001451769743475,0.9110704702551682,0.11074490748040042,15,2,1673,1.443074476852693,1.2764996090700378,0.5002868086981049,COMPLETE
19,0.4228004939477879,0.44454265795626197,2024-12-11 10:11:14.511504,2024-12-11 10:11:40.134014,0 days 00:00:25.622510,0.635089214160322,0.3680530217523886,0.27244830979709067,59,41,1422,0.7878172765876381,0.6877068879410064,0.6398040597897302,COMPLETE
20,0.4604506131885319,0.43654080650285626,2024-12-11 10:11:40.134685,2024-12-11 10:11:43.918205,0 days 00:00:03.783520,0.7251869191202522,1.2187051521515009,0.09783533911925396,35,21,62,0.24874619028837347,0.2921822493289258,0.7402886493013153,COMPLETE
21,0.4187522337481533,0.4409159522429299,2024-12-11 10:11:43.918879,2024-12-11 10:12:11.005090,0 days 00:00:27.086211,0.5554986636975542,0.7687471981692728,0.24371913621570068,12,29,1563,0.4152211670988897,0.047633250356816564,0.7148243244748929,COMPLETE
22,0.4352660989940119,0.43319973881557194,2024-12-11 10:12:11.005800,2024-12-11 10:12:34.988695,0 days 00:00:23.982895,0.6261159317625287,0.42597805010574447,0.15089291859169957,8,19,1278,0.3108280764136413,1.5280840601209351,0.6718349274822966,COMPLETE
23,0.4384612915706976,0.4324697134085705,2024-12-11 10:12:34.989364,2024-12-11 10:13:04.668783,0 days 00:00:29.679419,0.5865124869845104,0.6375436766711258,0.1985038754348789,18,50,1676,0.5911470090154943,0.48868812171260634,0.75168011874255,COMPLETE
24,0.3772578499818986,0.4873250104284696,2024-12-11 10:13:04.669442,2024-12-11 10:13:11.968128,0 days 00:00:07.298686,0.7230301562125858,1.0710225900956085,0.011338370799189694,1,26,379,0.02867404225001277,0.8103378378918523,0.571079968983099,COMPLETE
25,0.4436466765902046,0.42981855871621377,2024-12-11 10:13:11.968781,2024-12-11 10:13:34.341848,0 days 00:00:22.373067,0.6614429743583239,0.8486902184155933,0.11327642346071677,47,34,1172,0.6014032861703769,0.27480655622527983,0.6435525129320055,COMPLETE
26,0.44289433383913457,0.43729751001926215,2024-12-11 10:13:34.342605,2024-12-11 10:14:05.343057,0 days 00:00:31.000452,0.5369637683298653,1.4084494073724447,0.21157844523227717,23,42,1835,0.2279006637993931,0.5172020685689853,0.6839512165431282,COMPLETE
27,0.3200495314562161,0.5401386727293979,2024-12-11 10:14:05.343727,2024-12-11 10:14:22.104391,0 days 00:00:16.760664,0.6023804219298186,0.5226157569780061,0.7852789554244513,6,38,930,1.0017601505378302,0.797367566555157,0.7306307771058926,COMPLETE
28,0.4557988736624276,0.4321651271859534,2024-12-11 10:14:22.105047,2024-12-11 10:14:47.311888,0 days 00:00:25.206841,0.5476817806701613,1.0253311344869667,0.07469794971590465,14,28,1364,0.441113301236006,0.25367315837854476,0.7920272190642237,COMPLETE
29,0.3396006839735853,0.4864849753036487,2024-12-11 10:14:47.312584,2024-12-11 10:15:01.389329,0 days 00:00:14.076745,0.5957864761511338,0.6753991958733475,0.6360611494101959,34,16,770,1.7432277918998422,0.028296840069110624,0.8591614860881609,COMPLETE
30,0.38348356665236205,0.46228429262353526,2024-12-11 10:15:01.389985,2024-12-11 10:15:28.394278,0 days 00:00:27.004293,0.5749677720171813,0.2620336241458623,0.4542510894327554,5,32,1562,2.27764137687393,0.224045904771631,0.7735587112398596,COMPLETE
31,0.32432604277006216,0.4924956443362477,2024-12-11 10:15:28.395022,2024-12-11 10:15:52.785991,0 days 00:00:24.390969,0.5523617295484731,0.0103812690818752,0.6822831105339751,14,26,1343,0.222502387579121,0.18846021520280054,0.9315518803218121,COMPLETE
32,0.41475720403735555,0.44266059098161614,2024-12-11 10:15:52.786638,2024-12-11 10:16:19.675168,0 days 00:00:26.888530,0.8266363114804601,1.0264069639558948,0.3130778990194647,65,38,1512,1.8979742515324463,0.49488338533076615,0.796446675302906,COMPLETE
33,0.4598503562956833,0.4285922319310863,2024-12-11 10:16:19.675899,2024-12-11 10:16:41.532196,0 days 00:00:21.856297,0.9875782686341716,0.6470054341022589,0.07196071663119609,5,28,1027,2.056855984596984,1.8124023337919675,0.7168417053735565,COMPLETE
34,0.4349045328982992,0.4411392427536919,2024-12-11 10:16:41.532896,2024-12-11 10:16:52.889118,0 days 00:00:11.356222,0.9914712562021519,0.48505998389628957,0.1975662406582222,5,22,547,2.1693118720346574,1.70053669477009,0.9852284972545091,COMPLETE
35,0.41343379481057446,0.44705341283400213,2024-12-11 10:16:52.889783,2024-12-11 10:17:13.956242,0 days 00:00:21.066459,0.9311637370407779,0.7538865682791571,0.3071382364996684,44,12,1128,1.5622361574116896,1.838334311333757,0.721045727278029,COMPLETE
36,0.39984423644071476,0.45309848547169607,2024-12-11 10:17:13.956907,2024-12-11 10:17:31.274674,0 days 00:00:17.317767,0.6300947032008228,1.5253204158936042,0.3889674524245583,75,31,973,1.1781861479804956,1.2348921026451452,0.855515768138923,COMPLETE
37,0.3998639826013043,0.44638330717813357,2024-12-11 10:17:31.275342,2024-12-11 10:17:40.748730,0 days 00:00:09.473388,0.8677371767385537,0.27115046059007986,0.35994870352972186,54,1,392,0.13398332788415013,0.988100682535235,0.95210606972737,COMPLETE
38,0.2671491503411737,0.5257018173227779,2024-12-11 10:17:40.749397,2024-12-11 10:18:01.546671,0 days 00:00:20.797274,0.5989314484577679,1.822619218820174,0.9086420922850813,68,8,1211,1.9627487897262865,1.9497072476119393,0.8986918501165558,COMPLETE
39,0.43012665390316507,0.45316520415456285,2024-12-11 10:18:01.547395,2024-12-11 10:18:09.676861,0 days 00:00:08.129466,0.9389702289259898,2.5287641147154534,0.036299606628877934,29,19,264,1.3326093390777973,0.13949125732683476,0.7578904025245193,COMPLETE
40,0.2712408413562573,0.5316747704402578,2024-12-11 10:18:09.677522,2024-12-11 10:18:27.571943,0 days 00:00:17.894421,0.5742436849030944,0.5814210829966784,0.99809969330739,10,23,1030,1.7269444161465848,2.5399235856707585,0.999396919639115,COMPLETE
41,0.4589114491975832,0.42808867283786445,2024-12-11 10:18:27.572617,2024-12-11 10:18:53.141728,0 days 00:00:25.569111,0.729015683187513,1.2088529216834338,0.08205354041040253,1,27,1479,0.2840768041794487,1.415835856244204,0.7438514122966937,COMPLETE
42,0.3687884082786769,0.4725597756667478,2024-12-11 10:18:53.142372,2024-12-11 10:19:07.837154,0 days 00:00:14.694782,0.691863156182113,1.2410498732346515,0.46111694993935937,4,36,799,0.18163110701935975,0.3932853209791227,0.7328176632976927,COMPLETE
43,0.45616692633361977,0.4286221631989939,2024-12-11 10:19:07.837818,2024-12-11 10:19:41.354313,0 days 00:00:33.516495,0.7675218237252173,0.8846178601402953,0.09708016976611114,8,21,1809,0.023792456125711764,2.125881274294284,0.698034950502694,COMPLETE
44,0.4219569218454063,0.4440492172675297,2024-12-11 10:19:41.354994,2024-12-11 10:20:04.397251,0 days 00:00:23.042257,0.6510290752653093,1.7224838030825214,0.1372991066329436,18,32,1307,2.316723477427275,0.010896537406612783,0.774946477769511,COMPLETE
45,0.3496181120002405,0.5744334077893309,2024-12-11 10:20:04.397991,2024-12-11 10:20:07.848972,0 days 00:00:03.450981,0.5209870479800245,2.0206908572562874,0.005206097578153948,35,46,62,1.0571371161151202,0.36124817987903257,0.5618830823563337,COMPLETE
46,0.42744317250465336,0.448706301679014,2024-12-11 10:20:07.849618,2024-12-11 10:20:36.586814,0 days 00:00:28.737196,0.6935921688914588,2.9117002977498583,0.07595723974345886,10,30,1642,0.925311067009262,2.822765874523744,0.6895260268893048,COMPLETE
47,0.43201980383407274,0.4391322751886042,2024-12-11 10:20:36.587571,2024-12-11 10:21:01.563022,0 days 00:00:24.975451,0.6166386228537428,1.3622703040703543,0.1780341063626239,25,35,1427,1.3138074347411781,0.5621468893058051,0.8254964477622078,COMPLETE
48,0.4640502018763568,0.42693782415572407,2024-12-11 10:21:01.563722,2024-12-11 10:21:36.484608,0 days 00:00:34.920886,0.5777747840357206,0.5876482079189514,0.04125856492342339,3,25,1913,1.5824028707066713,0.17443260967063653,0.8809184753555374,COMPLETE
49,0.4151094644801292,0.4600827382892344,2024-12-11 10:21:36.485301,2024-12-11 10:22:09.894964,0 days 00:00:33.409663,0.5232655500349042,2.3200266818418505,0.05579882422786368,4,4,1932,2.6966846984639874,0.6105102276008837,0.9198233839363303,COMPLETE
50,0.4306964813693407,0.43701352281972017,2024-12-11 10:22:09.895643,2024-12-11 10:22:22.143037,0 days 00:00:12.247394,0.6459453378041229,0.6140279602351268,0.23562002415175703,60,24,603,1.5349861907636373,0.13586232865436426,0.7098438250789632,COMPLETE
51,0.3369144468589093,0.5030110701056767,2024-12-11 10:22:22.143705,2024-12-11 10:22:35.153067,0 days 00:00:13.009362,0.5649534872862544,2.998790006171283,0.8057930302526497,1,13,725,0.37541196135529387,0.3257886894724732,0.7399069983071471,COMPLETE
52,0.45033571116925497,0.4284916489167715,2024-12-11 10:22:35.153766,2024-12-11 10:22:52.286620,0 days 00:00:17.132854,0.6075575575011356,0.7601141845188397,0.1366118796669423,7,17,867,0.1443581748295551,0.44273706851838013,0.6563469684397255,COMPLETE
53,0.3428765485832234,0.4848512531024297,2024-12-11 10:22:52.287317,2024-12-11 10:23:10.839380,0 days 00:00:18.552063,0.5005490586426035,1.127663899379573,0.4239219712187535,52,33,1038,0.5541385827322386,1.3649993556659057,0.629368718501347,COMPLETE
54,0.3940169315674492,0.4588513144743226,2024-12-11 10:23:10.840162,2024-12-11 10:23:32.382934,0 days 00:00:21.542772,0.6759499203863875,0.9646396358317535,0.5354074561885072,11,29,1211,0.7217573946983344,1.046358209268908,0.9551353589565668,COMPLETE
55,0.4160546459514535,0.4459871050989543,2024-12-11 10:23:32.383623,2024-12-11 10:24:00.352638,0 days 00:00:27.969015,0.5338394060677459,0.8430609788832817,0.2915524261739564,43,40,1604,0.32411021405305457,0.8178027486247716,0.6768397961299832,COMPLETE
56,0.46383307091939613,0.4261765605353336,2024-12-11 10:24:00.353325,2024-12-11 10:24:33.499862,0 days 00:00:33.146537,0.5719896089362247,1.4513698069881482,0.03259219259497226,3,25,1780,0.1260383746659035,0.15436130419086183,0.6166133962441736,COMPLETE
57,0.45149743480671384,0.4345261172509822,2024-12-11 10:24:33.500549,2024-12-11 10:25:05.058539,0 days 00:00:31.557990,0.5839397776986477,1.8677460179038907,0.04294298109765999,3,27,1746,0.4656305433161755,1.1347920571537942,0.6159724306899999,COMPLETE
58,0.43529821136170765,0.44141798153012424,2024-12-11 10:25:05.059237,2024-12-11 10:25:25.463718,0 days 00:00:20.404481,0.6380457745047212,1.4939790000493165,0.15939224668944993,16,36,1125,0.11632374944052974,0.6702902121701414,0.8801129108442344,COMPLETE
59,0.43030477622764146,0.44037159728434216,2024-12-11 10:25:25.464414,2024-12-11 10:25:50.159974,0 days 00:00:24.695560,0.6168139883049079,1.140434549560488,0.21682189325681597,7,24,1382,0.8518185211712606,0.7720563512002291,0.6645105251868482,COMPLETE
60,0.41560954994489274,0.4463998426609351,2024-12-11 10:25:50.160766,2024-12-11 10:26:17.671499,0 days 00:00:27.510733,0.5681800996121258,0.11882442880514632,0.26692805370670813,30,9,1496,0.7341391988251842,0.8913959040095892,0.7596753057474889,COMPLETE
61,0.43089054575811225,0.44350466630394647,2024-12-11 10:26:17.672254,2024-12-11 10:26:27.862350,0 days 00:00:10.190096,0.7376114219816842,0.91544880734102,0.33533895990372764,3,28,508,0.2759479441945049,0.20017904610182374,0.7078754916433856,COMPLETE
62,0.44087994950123,0.4333249309935144,2024-12-11 10:26:27.863016,2024-12-11 10:26:53.035085,0 days 00:00:25.172069,0.8137228997970679,0.3923163759057342,0.10613903368174911,12,50,1257,2.9852165170357985,0.3762730114896804,0.7218104166182439,COMPLETE
63,0.39541621124989595,0.4676611641462426,2024-12-11 10:26:53.035865,2024-12-11 10:26:59.480709,0 days 00:00:06.444844,0.5379740762260518,0.6930651346936375,0.3684494584423414,3,30,284,1.1225592303412701,0.513024053124812,0.5276578442660319,COMPLETE
64,0.4323808124232986,0.4454491419055911,2024-12-11 10:26:59.481457,2024-12-11 10:27:32.430983,0 days 00:00:32.949526,0.7174899677067217,2.713494047052526,0.12328459644185619,68,33,1897,0.47821760961184845,0.27285949807993154,0.7802517000281071,COMPLETE
65,0.42488053655638963,0.4417012343088046,2024-12-11 10:27:32.431674,2024-12-11 10:28:01.867906,0 days 00:00:29.436232,0.5886442701291572,2.0739809402235734,0.17881576740253036,8,25,1700,0.014733486964703113,0.08365621245564506,0.6925784607042583,COMPLETE
66,0.4680475628300364,0.4248211938464042,2024-12-11 10:28:01.868648,2024-12-11 10:28:30.957288,0 days 00:00:29.088640,0.7792864896681336,0.5092224148547648,0.02102191037935948,20,45,945,1.6218586193170652,2.2994469271966453,0.7479087152032977,COMPLETE
67,0.4534886159112417,0.43427204582404116,2024-12-11 10:28:30.958047,2024-12-11 10:29:11.533539,0 days 00:00:40.575492,0.7748719267954978,0.5142997958785902,0.006802517323534691,32,44,865,2.0250399378267265,2.4178308937822837,0.7574035333341882,COMPLETE
68,0.4651126240674023,0.4222037466648108,2024-12-11 10:29:11.534241,2024-12-11 10:29:37.221298,0 days 00:00:25.687057,0.7539582106865128,0.26526444844218156,0.04077951843923305,21,47,958,1.6395789457592334,1.5790385080450187,0.8139694220975595,COMPLETE
69,0.46863418724141026,0.42129227806570446,2024-12-11 10:29:37.222001,2024-12-11 10:30:02.968700,0 days 00:00:25.746699,0.7546189618074842,0.32368785250996246,0.03612933709472583,21,47,951,1.6468112214579298,1.5475044490547882,0.8144889704322644,COMPLETE
70,0.3603979241825599,0.4689563883002207,2024-12-11 10:30:02.969455,2024-12-11 10:30:16.537252,0 days 00:00:13.567797,0.7494296566733795,0.2486398614956366,0.5838870109050813,20,46,703,1.6290208022325072,1.5774035393237724,0.8147383005933971,COMPLETE
71,0.4768080274143666,0.41656538562147294,2024-12-11 10:30:16.537983,2024-12-11 10:30:41.698648,0 days 00:00:25.160665,0.7766765505849851,0.20476749517814874,0.04691110684032047,39,48,949,1.7686051117899952,1.4769566717652414,0.8468029774200019,COMPLETE
72,0.48093824945730634,0.4106504769502074,2024-12-11 10:30:41.699485,2024-12-11 10:31:27.317313,0 days 00:00:45.617828,0.7863349144267977,0.005656226818206822,0.029066833536063853,39,48,954,1.8612436680358633,1.6841147543916546,0.8437366244508926,COMPLETE
73,0.37477124890089925,0.4921470870866835,2024-12-11 10:31:27.318077,2024-12-11 10:31:45.924215,0 days 00:00:18.606138,0.7938912333155669,0.03679932756509924,0.7165999223625239,41,47,960,1.8108348036661057,1.41296037719785,0.8402161650800871,COMPLETE
74,0.2845839575060587,0.5392990218700178,2024-12-11 10:31:45.924938,2024-12-11 10:32:03.239870,0 days 00:00:17.314932,0.8387362813322943,0.1668888754576255,0.8772154326411326,50,48,916,1.8377728088643852,1.6487777571295368,0.8459552876703897,COMPLETE
75,0.38645710074481704,0.45662683100861007,2024-12-11 10:32:03.240647,2024-12-11 10:32:18.788548,0 days 00:00:15.547901,0.7817245996778688,0.07171874664731252,0.41910824750616127,38,44,768,1.9144056491463788,1.5061084660487611,0.8219866771652967,COMPLETE
76,0.3878903427888738,0.45591922027299053,2024-12-11 10:32:18.789246,2024-12-11 10:32:39.732384,0 days 00:00:20.943138,0.762959980687926,0.018441030518053965,0.5128053755005225,41,50,1072,2.1248894476687332,1.73095843294427,0.8669871947057222,COMPLETE
77,0.3906262188907175,0.4616687214814655,2024-12-11 10:32:39.733097,2024-12-11 10:32:58.351670,0 days 00:00:18.618573,0.7982133238378961,0.13890913199317692,0.47089551078847003,48,42,980,1.7102270656310115,2.018778957114589,0.7992481838630852,COMPLETE
78,0.36447836626511737,0.4697468450669232,2024-12-11 10:32:58.352397,2024-12-11 10:33:15.284453,0 days 00:00:16.932056,0.8133488385325721,0.32922415705470787,0.5992708232298354,40,45,905,1.990762720172627,1.5746927147926455,0.8344638863262281,COMPLETE
79,0.46778211995615704,0.42271269341982104,2024-12-11 10:33:15.285222,2024-12-11 10:33:40.809639,0 days 00:00:25.524417,0.7502858091882999,0.20012978500715686,0.08773257686718902,37,48,1164,1.4965237670019844,1.2442603742239984,0.8072652610652543,COMPLETE
80,0.46375943255973145,0.4228633179578066,2024-12-11 10:33:40.810358,2024-12-11 10:33:59.444078,0 days 00:00:18.633720,0.7536000318749194,0.18404840254725954,0.09988176212195535,37,48,816,1.9155973935970496,1.2731950817330586,0.8544897624723261,COMPLETE
81,0.4754393292256939,0.4156834393758765,2024-12-11 10:33:59.444810,2024-12-11 10:34:29.053189,0 days 00:00:29.608379,0.750526568230833,0.19700799340679298,0.02575193171916,38,48,830,1.4691977060659867,1.2514511685285856,0.8510746539487898,COMPLETE
82,0.45346201978263406,0.4224756933289432,2024-12-11 10:34:29.053930,2024-12-11 10:34:47.565463,0 days 00:00:18.511533,0.7844119448291262,0.21954162773638342,0.08712828540783026,37,48,801,1.663465229654527,1.7902301658936437,0.915713526845754,COMPLETE
83,0.4766653514266606,0.4159064659568041,2024-12-11 10:34:47.566178,2024-12-11 10:35:33.602591,0 days 00:00:46.036413,0.7544881769060157,0.10000749440963987,0.01827059334079989,45,48,1162,1.8100946059960712,1.288024327469513,0.8483742187735329,COMPLETE
84,0.38038382514559604,0.4581960138272915,2024-12-11 10:35:33.603339,2024-12-11 10:35:54.628860,0 days 00:00:21.025521,0.8493775159329628,0.3276723602377199,0.4962172961715456,45,49,1153,1.3591664111930328,1.9270288531732827,0.8906731653308524,COMPLETE
