number,values_0,values_1,datetime_start,datetime_complete,duration,params_colsample_bytree,params_gamma,params_learning_rate,params_max_depth,params_min_child_weight,params_n_estimators,params_reg_alpha,params_reg_lambda,params_subsample,state
85,0.47180881703114075,0.4181400014039919,2024-12-11 10:35:54.629582,2024-12-11 10:36:42.488499,0 days 00:00:47.858917,0.7063244448710558,0.09230160735592965,0.01288589277012014,33,47,1004,1.4575389344795548,2.2438182011140286,0.8243174494797038,COMPLETE
86,0.3697393542535229,0.5377259159120177,2024-12-11 10:36:42.489210,2024-12-11 10:37:36.229556,0 days 00:00:53.740346,0.7704992991277332,0.0861634423378744,0.0005952453037617184,33,42,1082,1.4616860835047738,2.2314875792031206,0.8304486828135833,COMPLETE
87,0.4520538326881269,0.4302214188669941,2024-12-11 10:37:36.230313,2024-12-11 10:37:43.219307,0 days 00:00:06.988994,0.7082201661984602,0.004652437400464861,0.06665566766837647,46,46,124,1.8034784177651315,1.2087337678807835,0.8026003183325194,COMPLETE
88,0.46259117880369355,0.4237557544722579,2024-12-11 10:37:43.220056,2024-12-11 10:38:09.635581,0 days 00:00:26.415525,0.8848048913599444,0.455546412003841,0.030627270977875574,39,43,971,1.496412156934415,1.3495515309596164,0.786339305386112,COMPLETE
89,0.4647724564389274,0.4222249790747565,2024-12-11 10:38:09.636381,2024-12-11 10:38:29.113401,0 days 00:00:19.477020,0.8098732518822244,0.12916806744410164,0.13698138484487563,36,40,877,1.6040714759191639,1.6763508976816324,0.8136759385382851,COMPLETE
90,0.399434834614509,0.4515562783240915,2024-12-11 10:38:29.114175,2024-12-11 10:38:41.815543,0 days 00:00:12.701368,0.9974031834498902,1.3257487799828993,0.23655847627199872,42,49,647,2.0946048344781008,1.4403710098726452,0.8647697855265737,COMPLETE
91,0.4549661181450254,0.42203295142021185,2024-12-11 10:38:41.816284,2024-12-11 10:39:01.616281,0 days 00:00:19.799997,0.7422264290114079,0.11792172136416945,0.12626393853083218,35,47,868,1.8538702356608796,1.7335367518961442,0.8139436573265928,COMPLETE
92,0.4160353660193966,0.4504526879752559,2024-12-11 10:39:01.617003,2024-12-11 10:39:19.631160,0 days 00:00:18.014157,0.7498175551689632,1.6846722865009407,0.31373971759029207,32,47,1002,1.2793099562349382,1.7310697260508185,0.8407362936382952,COMPLETE
93,0.46306219100559104,0.42385357369476784,2024-12-11 10:39:19.631977,2024-12-11 10:39:44.189547,0 days 00:00:24.557570,0.7376274880677861,0.22193349647489868,0.061758045856386966,58,47,1050,1.7588073352434697,1.6250515220079262,0.8198185720399875,COMPLETE
94,0.4222416112470312,0.44553653797292936,2024-12-11 10:39:44.190291,2024-12-11 10:40:01.775841,0 days 00:00:17.585550,0.9171467177437957,1.563291024318791,0.28568276642078777,25,45,945,1.3904072250204307,1.517508056699916,0.5937413672031782,COMPLETE
95,0.408444599642919,0.4523846972356852,2024-12-11 10:40:01.776646,2024-12-11 10:40:08.597976,0 days 00:00:06.821330,0.7890707360896327,0.33128576435243434,0.3449037977196808,43,6,244,1.852771259112718,2.9777790310699808,0.8061376483255034,COMPLETE
96,0.4702999433349736,0.4169246694477876,2024-12-11 10:40:08.598737,2024-12-11 10:40:41.256600,0 days 00:00:32.657863,0.776205418756953,0.09133780570738037,0.02238791209585106,48,49,731,2.1864364164562438,1.788752391672086,0.8733448959671188,COMPLETE
97,0.4097204335808559,0.4559046210891924,2024-12-11 10:40:41.257430,2024-12-11 10:40:55.144282,0 days 00:00:13.886852,0.7765318819550643,1.936045558934086,0.11432472451238068,39,49,722,2.219547085722788,1.864797712425883,0.904250598333723,COMPLETE
98,0.4042079579376444,0.44699275266289806,2024-12-11 10:40:55.145039,2024-12-11 10:41:18.161174,0 days 00:00:23.016135,0.9733267289900922,0.0851586965730802,0.3906357438001582,64,45,1203,1.258629678281447,2.8483705602203946,0.9369454249909661,COMPLETE
99,0.41220125937009333,0.45883844734822593,2024-12-11 10:41:18.161931,2024-12-11 10:41:37.344936,0 days 00:00:19.183005,0.8255519838363827,2.247149049558955,0.020163927858148054,50,50,841,2.40541885536253,1.7664409274981276,0.85014041146489,COMPLETE
