number,values_0,values_1,datetime_start,datetime_complete,duration,params_batch_size,params_feature_rate,params_lr,params_n_tree,params_tree_depth,state
0,0.3949526200012091,0.4634575597290209,2025-01-29 21:45:11.615252,2025-01-29 23:27:46.800360,0 days 01:42:35.185108,128,0.15000000000000002,0.0003268566497857966,63,2,COMPLETE
1,0.10178139434458358,0.8295950017248404,2025-01-29 23:27:46.802626,2025-01-29 23:54:54.521659,0 days 00:27:07.719033,128,0.1,0.00038516675600503304,16,4,COMPLETE
2,0.11585319887662412,0.6862279699239044,2025-01-29 23:54:54.524697,2025-01-30 01:15:02.440234,0 days 01:20:07.915537,128,0.5,0.0006896776489878103,96,5,COMPLETE
3,0.33592094221547847,0.6217198177282908,2025-01-30 01:15:02.444672,2025-01-30 01:42:58.757157,0 days 00:27:56.312485,256,0.7000000000000001,0.0001370506578541418,20,1,COMPLETE
4,0.046272095819366185,1.3596251416001104,2025-01-30 01:42:58.759845,2025-01-30 03:01:34.151620,0 days 01:18:35.391775,256,0.15000000000000002,0.00011405929319183756,52,5,COMPLETE
5,0.15964612720069252,0.6540381600317293,2025-01-30 03:01:34.154313,2025-01-30 03:26:31.227906,0 days 00:24:57.073593,128,0.4,0.00017311557625539277,19,4,COMPLETE
6,0.13432495959874627,0.7604180116076399,2025-01-30 03:26:31.233929,2025-01-30 04:55:39.189968,0 days 01:29:07.956039,256,0.6,0.00018620086178380263,71,5,COMPLETE
7,0.14662877989001039,0.8522825346500914,2025-01-30 04:55:39.195841,2025-01-30 06:10:46.113482,0 days 01:15:06.917641,256,0.5,0.00024430747827384287,43,5,COMPLETE
8,0.4088156023373809,0.45270399951951346,2025-01-30 06:10:46.119302,2025-01-30 07:59:23.100664,0 days 01:48:36.981362,256,0.2,0.0008699839534359635,94,2,COMPLETE
9,0.11331230349037621,0.8978516034254153,2025-01-30 07:59:23.105998,2025-01-30 10:39:33.955116,0 days 02:40:10.849118,256,0.35,0.00014088844234988793,82,5,COMPLETE
10,0.436655851021779,0.44286231539099175,2025-01-30 10:39:33.957290,2025-01-30 11:25:03.267077,0 days 00:45:29.309787,256,0.9,0.0007795660720511969,95,2,COMPLETE
11,0.4290331495446969,0.44625757531279764,2025-01-30 11:25:03.271755,2025-01-30 12:02:49.674215,0 days 00:37:46.402460,256,0.95,0.0009289980090251456,100,2,COMPLETE
12,0.4148590470573742,0.4522881213983112,2025-01-30 12:02:49.677731,2025-01-30 12:29:36.568075,0 days 00:26:46.890344,256,0.95,0.0005343068362223917,42,2,COMPLETE
13,0.43398004029787807,0.44871201547998396,2025-01-30 12:29:36.572688,2025-01-30 13:15:37.260234,0 days 00:46:00.687546,256,0.95,0.0009571118078504418,78,1,COMPLETE
14,0.4251965865432904,0.45290329983942057,2025-01-30 13:15:37.264227,2025-01-30 14:55:51.910016,0 days 01:40:14.645789,256,0.8,0.0004788881250773655,81,1,COMPLETE
15,0.349352019938403,0.48462254576693775,2025-01-30 14:55:51.913637,2025-01-30 15:34:06.548594,0 days 00:38:14.634957,128,0.8,0.0006122305225996633,84,3,COMPLETE
16,0.31393506411922567,0.5305273622573631,2025-01-30 15:34:06.554579,2025-01-30 16:18:54.491057,0 days 00:44:47.936478,256,0.8,0.00043913986833270095,67,3,COMPLETE
17,0.42854635612182923,0.4525468426845013,2025-01-30 16:18:54.496013,2025-01-30 17:57:12.486937,0 days 01:38:17.990924,256,0.65,0.0006575101352245267,87,1,COMPLETE
18,0.26786567467461747,0.588790875673294,2025-01-30 17:57:12.491219,2025-01-30 19:02:39.403909,0 days 01:05:26.912690,128,0.30000000000000004,0.0002570296389926896,76,3,COMPLETE
19,0.08977997003544844,0.8795174556104636,2025-01-30 19:02:39.410740,2025-01-30 19:06:19.989072,0 days 00:03:40.578332,256,0.9,0.0008751757291728181,6,4,COMPLETE
20,0.41946309538869253,0.4466929647815273,2025-01-30 19:06:19.991721,2025-01-30 20:21:49.991308,0 days 01:15:29.999587,256,0.7000000000000001,0.00039927721410133195,91,2,COMPLETE
21,0.43376549609603565,0.4397581185246974,2025-01-30 20:21:49.995248,2025-01-30 21:08:39.829076,0 days 00:46:49.833828,256,0.9,0.0008604717787521625,99,2,COMPLETE
22,0.3479358948673147,0.4853428191351667,2025-01-30 21:08:39.833073,2025-01-30 22:03:16.918710,0 days 00:54:37.085637,256,0.9,0.0007574025580198826,100,3,COMPLETE
23,0.42698494675569565,0.4432485680252243,2025-01-30 22:03:16.924290,2025-01-30 22:42:42.077935,0 days 00:39:25.153645,256,0.85,0.0009727223068022794,91,2,COMPLETE
24,0.4180824841887635,0.4568258692609681,2025-01-30 22:42:42.084934,2025-01-31 00:00:58.147767,0 days 01:18:16.062833,256,0.7000000000000001,0.0005612295180338124,76,1,COMPLETE
25,0.3382081570117371,0.4812788050428047,2025-01-31 00:00:58.155675,2025-01-31 00:46:37.356030,0 days 00:45:39.200355,256,0.6,0.0007601483426109408,89,3,COMPLETE
26,0.42670286795004364,0.4448601329541238,2025-01-31 00:46:37.357701,2025-01-31 01:54:11.912658,0 days 01:07:34.554957,256,0.85,0.0005196801005614004,99,2,COMPLETE
27,0.43285064359164804,0.4493193453810056,2025-01-31 01:54:11.916688,2025-01-31 02:32:03.073488,0 days 00:37:51.156800,128,0.75,0.0007875404107073367,62,1,COMPLETE
28,0.4234286134903017,0.4457387675472355,2025-01-31 02:32:03.080987,2025-01-31 03:01:16.982290,0 days 00:29:13.901303,256,0.95,0.0009901216546250712,79,2,COMPLETE
29,0.41529025166125494,0.4475707082080921,2025-01-31 03:01:16.987539,2025-01-31 03:37:19.992117,0 days 00:36:03.004578,128,0.45000000000000007,0.0006316341983281183,60,2,COMPLETE
30,0.38016089057381836,0.46983648729780836,2025-01-31 03:37:19.995473,2025-01-31 04:31:54.050420,0 days 00:54:34.054947,256,0.6,0.0007223493395297211,88,3,COMPLETE
31,0.43180430362602024,0.4402033824833672,2025-01-31 04:31:54.056247,2025-01-31 05:09:59.817303,0 days 00:38:05.761056,256,0.85,0.0009561092024591911,95,2,COMPLETE
32,0.22175394652617203,0.5664623678430684,2025-01-31 05:09:59.821611,2025-01-31 05:32:55.982088,0 days 00:22:56.160477,128,0.85,0.0003440359500203062,32,4,COMPLETE
33,0.4340496087719338,0.44958568632423096,2025-01-31 05:32:55.986967,2025-01-31 07:06:29.843184,0 days 01:33:33.856217,128,0.9,0.0003408402766903347,96,1,COMPLETE
34,0.41503168925545963,0.4486017682357642,2025-01-31 07:06:29.849562,2025-01-31 07:31:41.952683,0 days 00:25:12.103121,128,0.9,0.0004411821615567962,54,2,COMPLETE
35,0.35585023250246905,0.4866369292076813,2025-01-31 07:31:41.959093,2025-01-31 07:44:04.466033,0 days 00:12:22.506940,128,0.75,0.0006224999346942785,25,3,COMPLETE
36,0.18746343952063577,0.7270319863482089,2025-01-31 07:44:04.469156,2025-01-31 08:50:02.417934,0 days 01:05:57.948778,256,0.2,0.00035495752259606867,41,4,COMPLETE
37,0.43376509613526837,0.4496985664817553,2025-01-31 08:50:02.423226,2025-01-31 09:17:23.938576,0 days 00:27:21.515350,128,0.85,0.000823748379430556,52,1,COMPLETE
38,0.1598157630373039,0.5926064587161637,2025-01-31 09:17:23.945074,2025-01-31 11:13:43.006904,0 days 01:56:19.061830,256,0.1,0.0002763431118941944,70,2,COMPLETE
39,0.19763287188181455,0.590307055523812,2025-01-31 11:13:43.012943,2025-01-31 11:34:42.054701,0 days 00:20:59.041758,256,0.75,0.0007056832807526975,31,4,COMPLETE
40,0.42446032216567353,0.45595700472401984,2025-01-31 11:34:42.061917,2025-01-31 11:48:21.303637,0 days 00:13:39.241720,256,0.9,0.000288310459956449,8,1,COMPLETE
41,0.4041797319818322,0.45002758379283414,2025-01-31 11:48:21.305866,2025-01-31 13:02:40.724763,0 days 01:14:19.418897,256,0.95,0.00033972566947236554,95,2,COMPLETE
42,0.2932902587015106,0.5073149624908225,2025-01-31 13:02:40.730628,2025-01-31 15:40:34.024752,0 days 02:37:53.294124,256,0.25,0.00019831923580194288,95,2,COMPLETE
43,0.37739381737157174,0.4773344774327458,2025-01-31 15:40:34.031714,2025-01-31 17:28:16.864678,0 days 01:47:42.832964,128,0.9,0.00010969031571821337,85,1,COMPLETE
44,0.4111724273142635,0.447315353031272,2025-01-31 17:28:16.871009,2025-01-31 18:29:45.895520,0 days 01:01:29.024511,256,0.4,0.0008742426632267684,92,2,COMPLETE
45,0.13141147088097566,0.701596119165264,2025-01-31 18:29:45.902114,2025-01-31 20:52:32.969485,0 days 02:22:47.067371,256,0.55,0.0003965045389815833,96,5,COMPLETE
46,0.3136019077301916,0.493038622081008,2025-01-31 20:52:32.976106,2025-01-31 21:25:21.893336,0 days 00:32:48.917230,256,0.8,0.0005553146280826657,76,3,COMPLETE
47,0.3678808756270987,0.478102553635486,2025-01-31 21:25:21.899246,2025-01-31 21:33:15.621372,0 days 00:07:53.722126,128,0.95,0.00030851683168054935,11,2,COMPLETE
48,0.43288076297375433,0.4491496440367251,2025-01-31 21:33:15.624936,2025-01-31 23:15:05.733684,0 days 01:41:50.108748,256,0.85,0.0006656665669601134,100,1,COMPLETE
49,0.1196198162377865,0.7698060030748753,2025-01-31 23:15:05.740501,2025-02-01 01:07:56.213660,0 days 01:52:50.473159,256,0.65,0.00022223502659026188,83,5,COMPLETE
