number,values_0,values_1,datetime_start,datetime_complete,duration,params_batch_size,params_dropout,params_lasso_weight,params_lr,params_n_layers,params_neurons,state
0,0.3527914586242811,0.48860796339819385,2025-01-07 15:48:12.474384,2025-01-07 15:49:02.159247,0 days 00:00:49.684863,128,0.45,0.2575476572326257,0.00010160017402007072,3,1900,COMPLETE
1,0.48885823025074426,0.4226500430565773,2025-01-07 15:49:02.160295,2025-01-07 15:52:03.620090,0 days 00:03:01.459795,128,0.2,0.3119568510809539,0.0001348212123954629,1,1600,COMPLETE
2,0.4713470634213781,0.4334257641729706,2025-01-07 15:52:03.626884,2025-01-07 15:53:50.529615,0 days 00:01:46.902731,64,0.0,0.24972197074726168,0.00022915987895618246,1,1800,COMPLETE
3,0.48136342816921285,0.42699282142316236,2025-01-07 15:53:50.533497,2025-01-07 15:55:28.079162,0 days 00:01:37.545665,128,0.45,0.26263011122081575,0.00018767182751367432,1,1200,COMPLETE
4,0.3928979286470182,0.5153770454775184,2025-01-07 15:55:28.081883,2025-01-07 15:56:29.308441,0 days 00:01:01.226558,64,0.15000000000000002,0.3564338019283928,0.0008152473859528414,3,1500,COMPLETE
5,0.4494781469252015,0.48877085858833025,2025-01-07 15:56:29.316245,2025-01-07 15:57:49.946420,0 days 00:01:20.630175,16,0.2,0.07329793636807024,0.00044594106614862823,3,500,COMPLETE
6,0.4032688528838714,0.4689125831339367,2025-01-07 15:57:49.947253,2025-01-07 15:58:31.690670,0 days 00:00:41.743417,64,0.45,0.2870569280960407,0.00029462407306801285,2,1600,COMPLETE
7,0.49467432416842066,0.43216619236495485,2025-01-07 15:58:31.691564,2025-01-07 15:59:25.976898,0 days 00:00:54.285334,128,0.15000000000000002,0.24037311871291012,0.0004400677851022499,2,600,COMPLETE
8,0.28692335804980823,0.5467511954867048,2025-01-07 15:59:25.981126,2025-01-07 16:00:05.490689,0 days 00:00:39.509563,32,0.45,0.29898830492746914,0.00034387587189280865,2,2000,COMPLETE
9,0.4043228108056474,0.47083195980662057,2025-01-07 16:00:05.491653,2025-01-07 16:01:01.103430,0 days 00:00:55.611777,16,0.45,0.39265043054942145,0.0002427313626552423,1,200,COMPLETE
10,0.48349621905327905,0.42496054885973467,2025-01-07 16:01:01.104323,2025-01-07 16:02:54.058034,0 days 00:01:52.953711,32,0.30000000000000004,0.1669210293469993,0.00010939642056545069,1,1100,COMPLETE
11,0.5087701995046422,0.4149920214460246,2025-01-07 16:02:54.058918,2025-01-07 16:04:41.794914,0 days 00:01:47.735996,128,0.1,0.1685573167410544,0.00014937915245208578,2,600,COMPLETE
12,0.4963645273356012,0.42053313349042404,2025-01-07 16:04:41.798913,2025-01-07 16:06:06.076501,0 days 00:01:24.277588,128,0.0,0.1618476470788422,0.00014090166691787452,2,800,COMPLETE
13,0.4969913272501672,0.41853950924971495,2025-01-07 16:06:06.081101,2025-01-07 16:07:33.712597,0 days 00:01:27.631496,128,0.0,0.1526649044537364,0.00015717428368895224,2,700,COMPLETE
14,0.5091696894081792,0.4195310127048403,2025-01-07 16:07:33.713235,2025-01-07 16:10:29.675314,0 days 00:02:55.962079,128,0.1,0.090602421710111,0.000168931188545705,2,100,COMPLETE
15,0.5083480029240186,0.4135894155845352,2025-01-07 16:10:29.676244,2025-01-07 16:12:43.938652,0 days 00:02:14.262408,32,0.1,0.005671636551764031,0.00016455902182076792,2,100,COMPLETE
16,0.45133494022971626,0.44780911266729245,2025-01-07 16:12:43.939493,2025-01-07 16:14:13.673997,0 days 00:01:29.734504,32,0.30000000000000004,0.0002495473063839704,0.0001956885303350008,3,100,COMPLETE
17,0.5186073712225596,0.40964017730555813,2025-01-07 16:14:13.674588,2025-01-07 16:17:05.585647,0 days 00:02:51.911059,32,0.1,0.007141604253742578,0.0001003766745310748,2,300,COMPLETE
18,0.43766022751254274,0.44782936545927204,2025-01-07 16:17:05.586727,2025-01-07 16:18:26.883367,0 days 00:01:21.296640,32,0.35000000000000003,0.01900808482146113,0.00010117715052736872,3,400,COMPLETE
19,0.5050976688371651,0.41623029977812803,2025-01-07 16:18:26.884420,2025-01-07 16:20:19.148176,0 days 00:01:52.263756,32,0.05,0.05826755923716262,0.00012181337416881601,2,900,COMPLETE
20,0.46846662931607613,0.4381500114080549,2025-01-07 16:20:19.149180,2025-01-07 16:21:24.258970,0 days 00:01:05.109790,32,0.25,0.10561646291097199,0.0001238388029643493,2,1300,COMPLETE
21,0.520440929512044,0.4083812677778133,2025-01-07 16:21:24.260098,2025-01-07 16:24:14.677292,0 days 00:02:50.417194,32,0.1,0.03131995499152798,0.00010185589623462561,2,300,COMPLETE
22,0.4873724912933165,0.4333178338295472,2025-01-07 16:24:14.686037,2025-01-07 16:26:40.899062,0 days 00:02:26.213025,32,0.1,0.20979101987997098,0.00010043950564530298,2,400,COMPLETE
23,0.4453472110038524,0.4494528837167052,2025-01-07 16:26:40.900015,2025-01-07 16:28:03.547758,0 days 00:01:22.647743,16,0.35000000000000003,0.04396716661321376,0.00012488183749156178,2,900,COMPLETE
24,0.5098791862338187,0.41461097580059497,2025-01-07 16:28:03.548791,2025-01-07 16:29:35.810184,0 days 00:01:32.261393,32,0.05,0.10315808501012078,0.0009497720810389104,1,300,COMPLETE
25,0.49579818984934043,0.4197721479409081,2025-01-07 16:29:35.817213,2025-01-07 16:31:42.482566,0 days 00:02:06.665353,32,0.05,0.11663194878303146,0.0002192782314952343,1,300,COMPLETE
26,0.45267748892727555,0.46017884825067784,2025-01-07 16:31:42.493620,2025-01-07 16:33:09.642757,0 days 00:01:27.149137,16,0.2,0.03407656659859173,0.00027680051266366196,3,300,COMPLETE
27,0.4660829230756388,0.43376913272353174,2025-01-07 16:33:09.643769,2025-01-07 16:34:16.877595,0 days 00:01:07.233826,64,0.5,0.07104121040360555,0.00018927089970994027,1,500,COMPLETE
28,0.5239143988684731,0.40794948778331924,2025-01-07 16:34:16.881558,2025-01-07 16:35:56.581147,0 days 00:01:39.699589,32,0.05,0.035028559000951,0.0003477502294681222,3,300,COMPLETE
29,0.4665237752466088,0.44803868250887585,2025-01-07 16:35:56.581897,2025-01-07 16:37:10.597147,0 days 00:01:14.015250,32,0.15000000000000002,0.1316628446933455,0.0003616398796210951,3,1400,COMPLETE
30,0.4650429298291138,0.44316871175376055,2025-01-07 16:37:10.598193,2025-01-07 17:19:38.291124,0 days 00:42:27.692931,16,0.05,0.20034305914846146,0.000613592563899504,3,1800,COMPLETE
31,0.5221609869454287,0.41050107077634823,2025-01-07 17:19:38.292209,2025-01-07 17:20:58.371923,0 days 00:01:20.079714,32,0.05,0.032233045694086554,0.0009478006990421137,3,1000,COMPLETE
32,0.5278479213276681,0.40842928789820043,2025-01-07 17:20:58.380224,2025-01-07 17:22:58.107742,0 days 00:01:59.727518,32,0.0,0.04066448433536021,0.0005722745875925819,3,1000,COMPLETE
33,0.5198146609895274,0.41002835682719574,2025-01-07 17:22:58.116162,2025-01-07 17:24:25.727883,0 days 00:01:27.611721,64,0.0,0.03908771429715092,0.0006187033005643531,3,1000,COMPLETE
34,0.5055298262337045,0.4207000234446639,2025-01-07 17:24:25.728704,2025-01-07 17:38:51.226137,0 days 00:14:25.497433,32,0.0,0.08452997755021197,0.0005834775011459507,3,1100,COMPLETE
35,0.5049325575702686,0.4209557805129799,2025-01-07 17:38:51.227256,2025-01-07 17:40:24.846869,0 days 00:01:33.619613,32,0.0,0.12332419895053032,0.0007206183632207226,3,1200,COMPLETE
36,0.5130327667808574,0.41347073988167915,2025-01-07 17:40:24.847783,2025-01-07 17:41:25.619064,0 days 00:01:00.771281,64,0.05,0.05571181555851218,0.0005010081895399163,3,900,COMPLETE
37,0.3577194471817856,0.9160950608705489,2025-01-07 17:41:25.633002,2025-01-07 17:42:23.404519,0 days 00:00:57.771517,32,0.4,0.02535268418756126,0.0007558192201886891,3,1600,COMPLETE
38,0.2520317811311616,0.6037539807138256,2025-01-07 17:42:23.411641,2025-01-07 17:43:00.331302,0 days 00:00:36.919661,64,0.5,0.33395472101551515,0.00043806627284216957,3,1300,COMPLETE
39,0.4625006225192651,0.4537576852694847,2025-01-07 17:43:00.336507,2025-01-07 18:22:58.492967,0 days 00:39:58.156460,16,0.05,0.27696334881746,0.000990932735462932,3,1000,COMPLETE
40,0.37868155989603786,0.5021315739203193,2025-01-07 18:22:58.493982,2025-01-07 18:23:50.781163,0 days 00:00:52.287181,32,0.15000000000000002,0.23301020552213123,0.00037692025385515943,3,700,COMPLETE
41,0.5145324258962551,0.41505066519377404,2025-01-07 18:23:50.788194,2025-01-07 18:25:01.543423,0 days 00:01:10.755229,64,0.0,0.04125152933727522,0.0002998142814680526,3,1000,COMPLETE
42,0.4964989585486609,0.42408762882859563,2025-01-07 18:25:01.544230,2025-01-07 18:26:37.267868,0 days 00:01:35.723638,32,0.0,0.13914559489441922,0.0005384380517054497,3,1200,COMPLETE
43,0.5100033037125002,0.4188804671435588,2025-01-07 18:26:37.268872,2025-01-07 18:28:01.968122,0 days 00:01:24.699250,128,0.0,0.18725268292080308,0.0006916978129975354,3,1500,COMPLETE
44,0.49613031368505006,0.4275668906819437,2025-01-07 18:28:01.969124,2025-01-07 18:29:26.443180,0 days 00:01:24.474056,64,0.05,0.2525060737719895,0.0008773433974880109,3,800,COMPLETE
45,0.45789615101709397,0.47405986825153523,2025-01-07 18:29:26.444125,2025-01-07 18:30:38.780345,0 days 00:01:12.336220,32,0.2,0.06881068764633619,0.00040700850448852527,3,2000,COMPLETE
46,0.3933380996858858,0.5276813256656746,2025-01-07 18:30:38.795627,2025-01-07 18:31:46.707511,0 days 00:01:07.911884,16,0.25,0.08892333140879585,0.000323038987076896,3,1100,COMPLETE
47,0.4782568771316621,0.4279533613853337,2025-01-07 18:31:46.714888,2025-01-07 18:32:48.427452,0 days 00:01:01.712564,128,0.0,0.14217831150629426,0.00047913352120955763,1,1800,COMPLETE
48,0.4796951425756726,0.43564352403241297,2025-01-07 18:32:48.430639,2025-01-07 18:34:18.861899,0 days 00:01:30.431260,32,0.1,0.17812138197814825,0.0006288915391338975,3,700,COMPLETE
49,0.3212987318706086,0.9338152212623282,2025-01-07 18:34:18.862858,2025-01-07 18:35:08.685350,0 days 00:00:49.822492,32,0.4,0.22107309701278915,0.0008179661673415011,3,800,COMPLETE
50,0.4989189321700742,0.42555921133123686,2025-01-07 18:35:08.686357,2025-01-07 18:36:26.659262,0 days 00:01:17.972905,128,0.05,0.2646684132433417,0.000556716469002545,3,1000,COMPLETE
51,0.4799450777258116,0.4343355901686944,2025-01-07 18:36:26.673319,2025-01-07 18:38:37.952486,0 days 00:02:11.279167,32,0.0,0.30533530305130696,0.0003976066101847464,1,1300,COMPLETE
52,0.5183676313598397,0.41915385399898336,2025-01-07 18:38:37.956063,2025-01-07 18:40:26.314934,0 days 00:01:48.358871,32,0.1,0.015031153584521034,0.00026177063422584506,3,1700,COMPLETE
53,0.5024446789117143,0.42204214708782867,2025-01-07 18:40:26.316092,2025-01-07 18:42:11.098941,0 days 00:01:44.782849,32,0.0,0.15856124686212902,0.00033375099773222047,2,1100,COMPLETE
54,0.4778711567345475,0.4400900650402676,2025-01-07 18:42:11.101044,2025-01-07 18:44:33.236264,0 days 00:02:22.135220,64,0.05,0.387073686253974,0.0006512028122881566,3,600,COMPLETE
55,0.5253464210500375,0.42319620279864073,2025-01-07 18:44:33.237119,2025-01-07 18:46:25.307985,0 days 00:01:52.070866,16,0.1,0.0012763159469652008,0.0005188712592019676,2,900,COMPLETE
56,0.4139832610411481,0.618057173049519,2025-01-07 18:46:25.308694,2025-01-07 18:47:39.245855,0 days 00:01:13.937161,16,0.30000000000000004,0.02330174574229149,0.0005054802902679431,3,1200,COMPLETE
57,0.4943671760925172,0.425032352919765,2025-01-07 18:47:39.246938,2025-01-07 18:48:40.505293,0 days 00:01:01.258355,128,0.0,0.1846108011569574,0.0004662129328020087,2,900,COMPLETE
58,0.4985902458552006,0.4242581565664375,2025-01-07 18:48:40.506193,2025-01-07 18:49:57.178849,0 days 00:01:16.672656,32,0.05,0.05408418870987672,0.0005434830126367486,1,1400,COMPLETE
59,0.49473500952343913,0.4346504283737551,2025-01-07 18:49:57.179589,2025-01-07 18:51:28.030563,0 days 00:01:30.850974,32,0.15000000000000002,0.10902838173999427,0.00020820183275846893,3,800,COMPLETE
60,0.4432804394302159,0.457278173596667,2025-01-07 18:51:28.031518,2025-01-07 18:52:32.770743,0 days 00:01:04.739225,32,0.4,0.0022326962739981915,0.00018017562410682614,3,1000,COMPLETE
61,0.34465096922630845,0.4973634835248332,2025-01-07 18:52:32.778321,2025-01-07 18:53:29.169563,0 days 00:00:56.391242,32,0.35000000000000003,0.14528476671116974,0.00011195180543435217,3,1900,COMPLETE
62,0.5055803695037685,0.4179978850038394,2025-01-07 18:53:29.174532,2025-01-07 18:55:42.747253,0 days 00:02:13.572721,16,0.0,0.1269417814022995,0.0006701332855523917,2,900,COMPLETE
63,0.49960245177375384,0.4263983130914106,2025-01-07 18:55:42.748123,2025-01-07 18:58:18.235930,0 days 00:02:35.487807,32,0.1,0.0955934231433038,0.00013707834500049755,3,200,COMPLETE
64,0.48416912071358864,0.4259834781763364,2025-01-07 18:58:18.236779,2025-01-07 18:59:11.701655,0 days 00:00:53.464876,128,0.05,0.08348994737688438,0.00022111722355851274,1,1100,COMPLETE
65,0.43328736535410217,0.45781388672736806,2025-01-07 18:59:11.705845,2025-01-07 19:00:03.875304,0 days 00:00:52.169459,32,0.25,0.11575283417603247,0.00024170503195740256,2,1200,COMPLETE
66,0.5236178801571899,0.4122824636403353,2025-01-07 19:00:03.880246,2025-01-07 19:01:47.252853,0 days 00:01:43.372607,64,0.1,0.034249871533177066,0.00014843400795504436,3,500,COMPLETE
67,0.5253688701051484,0.4113580168368836,2025-01-07 19:01:47.253881,2025-01-07 19:02:43.605081,0 days 00:00:56.351200,64,0.0,0.031150289051233016,0.0007479562587287679,3,500,COMPLETE
68,0.5001909898958091,0.4244745289368404,2025-01-07 19:02:43.606172,2025-01-07 19:04:38.834456,0 days 00:01:55.228284,32,0.0,0.16981482041895268,0.0005792646932135847,3,400,COMPLETE
69,0.44571711954605214,0.4426704621413552,2025-01-07 19:04:38.835450,2025-01-07 19:05:32.252454,0 days 00:00:53.417004,32,0.45,0.07307421202156847,0.0003542040610591395,1,500,COMPLETE
70,0.32457227627515806,0.5141866545857583,2025-01-07 19:05:32.255354,2025-01-07 19:06:08.338956,0 days 00:00:36.083602,64,0.30000000000000004,0.15392418108894598,0.0007614104537597506,3,200,COMPLETE
71,0.5156747749929755,0.4218942105797711,2025-01-07 19:06:08.344517,2025-01-07 19:08:09.274965,0 days 00:02:00.930448,16,0.1,0.008676104055454173,0.0001437305511409237,3,900,COMPLETE
72,0.5235564099892773,0.4092190499631074,2025-01-07 19:08:09.276038,2025-01-07 19:09:37.991741,0 days 00:01:28.715703,32,0.05,0.02839316783651318,0.00015451695924746474,3,700,COMPLETE
73,0.49148653155374056,0.43153070024278034,2025-01-07 19:09:37.992798,2025-01-07 19:11:33.713732,0 days 00:01:55.720934,32,0.05,0.20439457700377212,0.0004402864665811278,3,1000,COMPLETE
74,0.40139643925367413,0.4698830235625719,2025-01-07 19:11:33.714906,2025-01-07 19:12:21.324062,0 days 00:00:47.609156,32,0.5,0.24188273723875475,0.000159488876275035,2,1300,COMPLETE
75,0.5135004397656564,0.41269209849954436,2025-01-07 19:12:21.325816,2025-01-07 19:13:25.787181,0 days 00:01:04.461365,128,0.0,0.05002646047940959,0.00029054748527330423,3,800,COMPLETE
76,0.46922721112516486,0.44277517123754107,2025-01-07 19:13:25.788022,2025-01-07 19:15:57.204478,0 days 00:02:31.416456,32,0.05,0.2852047194006689,0.0005819204757054484,3,700,COMPLETE
77,0.5113795080469781,0.4165353746875612,2025-01-07 19:15:57.205521,2025-01-07 19:37:37.737778,0 days 00:21:40.532257,16,0.0,0.06398431275277944,0.0005168023137092523,3,1700,COMPLETE
78,0.5259634567990384,0.4063652259196228,2025-01-07 19:37:37.738774,2025-01-07 19:39:41.897033,0 days 00:02:04.158259,32,0.0,0.030322182011821304,0.00031620586681834677,3,600,COMPLETE
79,0.5165972987296493,0.4132919534530812,2025-01-07 19:39:41.898027,2025-01-07 19:41:10.914102,0 days 00:01:29.016075,32,0.0,0.04026967985173376,0.0003138261627228169,3,600,COMPLETE
80,0.5268860242162989,0.40599368080667136,2025-01-07 19:41:10.914956,2025-01-07 19:42:48.362384,0 days 00:01:37.447428,32,0.0,0.027750903576946387,0.00017806659315851888,3,600,COMPLETE
81,0.5196421136995111,0.410169080945889,2025-01-07 19:42:48.370736,2025-01-07 19:44:29.969005,0 days 00:01:41.598269,32,0.0,0.02425525557307337,0.00020045628977187864,3,600,COMPLETE
82,0.5142633583892094,0.4162564009175501,2025-01-07 19:44:29.975282,2025-01-07 19:46:05.515314,0 days 00:01:35.540032,32,0.0,0.03060425624906519,0.00016784220602871224,3,700,COMPLETE
83,0.5094635276123838,0.41509750612530816,2025-01-07 19:46:05.516368,2025-01-07 19:47:27.606824,0 days 00:01:22.090456,64,0.0,0.0603844749639085,0.00015416883959211859,3,500,COMPLETE
84,0.5137681608078435,0.4127758069326374,2025-01-07 19:47:27.607621,2025-01-07 19:49:34.562260,0 days 00:02:06.954639,32,0.05,0.048409938335142316,0.00011152154885394025,3,1100,COMPLETE
85,0.515731263002587,0.41365886382580525,2025-01-07 19:49:34.571125,2025-01-07 19:51:37.306594,0 days 00:02:02.735469,32,0.05,0.08141195814609989,0.00018351137325609736,3,400,COMPLETE
86,0.5078054284870941,0.4183472320884281,2025-01-07 19:51:37.316567,2025-01-07 19:53:03.106960,0 days 00:01:25.790393,128,0.0,0.013626352375274837,0.00023942714162114757,3,1900,COMPLETE
87,0.5137138387016045,0.4162783427019806,2025-01-07 19:53:03.121163,2025-01-07 19:54:46.166055,0 days 00:01:43.044892,32,0.0,0.03354079159061231,0.00014406492232731916,3,900,COMPLETE
88,0.5026073040825508,0.4191280301783064,2025-01-07 19:54:46.167003,2025-01-07 19:56:44.820993,0 days 00:01:58.653990,64,0.2,0.09641140313715796,0.00012561538302423623,1,800,COMPLETE
89,0.3028805332704916,0.5207275021007114,2025-01-07 19:56:44.827619,2025-01-07 19:57:32.609199,0 days 00:00:47.781580,32,0.45,0.21706604958273476,0.00025786689346368876,3,1200,COMPLETE
90,0.49171201014188026,0.43137563941990587,2025-01-07 19:57:32.619680,2025-01-07 20:00:48.034408,0 days 00:03:15.414728,16,0.0,0.19270157691174714,0.00041560426008335934,3,500,COMPLETE
91,0.507302647623985,0.4176168068313763,2025-01-07 20:00:48.035296,2025-01-07 20:03:06.429737,0 days 00:02:18.394441,32,0.05,0.13079601447763148,0.00017218085936420108,3,1000,COMPLETE
92,0.4976399779432426,0.4246597199775861,2025-01-07 20:03:06.430736,2025-01-07 20:05:24.135591,0 days 00:02:17.704855,32,0.0,0.26313269639880515,0.0004680627389126634,3,1000,COMPLETE
93,0.47746603159353623,0.43436657615067353,2025-01-07 20:05:24.151083,2025-01-07 20:06:23.785725,0 days 00:00:59.634642,32,0.35000000000000003,0.02026100410456566,0.0006216995385781354,1,900,COMPLETE
94,0.47773468832910576,0.43134569060488265,2025-01-07 20:06:23.787533,2025-01-07 20:07:08.057129,0 days 00:00:44.269596,128,0.0,3.597627285364252e-05,0.0003490641466609178,3,1100,COMPLETE
95,0.2765256146869658,0.9340080179926249,2025-01-07 20:07:08.058226,2025-01-07 20:08:00.075285,0 days 00:00:52.017059,32,0.4,0.32171376356320674,0.0007072543486344365,3,1500,COMPLETE
96,0.505970065645099,0.4187282655555342,2025-01-07 20:08:00.076386,2025-01-07 20:09:54.908637,0 days 00:01:54.832251,64,0.05,0.1651299502135785,0.00013176327227670055,2,600,COMPLETE
97,0.5076800408313004,0.41789174234271825,2025-01-07 20:09:54.917472,2025-01-07 20:11:44.103325,0 days 00:01:49.185853,32,0.05,0.07640519493759593,0.00010669764203669681,3,1400,COMPLETE
98,0.393103467700468,0.5124181104508042,2025-01-07 20:11:44.104343,2025-01-07 20:12:53.087210,0 days 00:01:08.982867,16,0.25,0.06086803512366876,0.00037594387079642873,3,800,COMPLETE
99,0.2540112871385147,0.6007268391130213,2025-01-07 20:12:53.088233,2025-01-07 20:13:35.530877,0 days 00:00:42.442644,32,0.5,0.11637151772156092,0.0004917471844672268,2,2000,COMPLETE
