number,values_0,values_1,datetime_start,datetime_complete,duration,params_amount_heads,params_attn_dropout,params_batch_size,params_dropout,params_encoder_output_dim,params_ff_dropout,params_head_dim,params_layer_norm,params_lr,params_n_layers,params_neurons,params_transformer_depth,state
0,0.46575039625167847,0.4349118173122406,2025-01-18 09:44:04.393880,2025-01-18 10:06:19.214391,0 days 00:22:14.820511,3,0.05,32,0.30000000000000004,184,0.2,110,1,0.00022434495790452978,2,500,5,COMPLETE
1,0.46050557494163513,0.43828707933425903,2025-01-18 10:06:19.215619,2025-01-18 10:25:04.971654,0 days 00:18:45.756035,3,0.30000000000000004,16,0.2,139,0.4,101,0,0.00010607799251805001,3,1200,5,COMPLETE
2,0.35881760716438293,0.48180538415908813,2025-01-18 10:25:04.972955,2025-01-18 10:35:26.063484,0 days 00:10:21.090529,3,0.5,16,0.45,239,0.30000000000000004,54,1,0.0006708556745964887,1,500,3,COMPLETE
3,0.2564614415168762,0.5254608392715454,2025-01-18 10:35:26.064658,2025-01-18 10:43:12.431565,0 days 00:07:46.366907,4,0.4,16,0.1,159,0.35000000000000003,96,0,0.0011989456051054446,3,600,3,COMPLETE
4,0.36021119356155396,0.4814697206020355,2025-01-18 10:43:12.432575,2025-01-18 10:58:34.202514,0 days 00:15:21.769939,4,0.15000000000000002,16,0.0,274,0.05,69,0,0.0016981463445732447,2,1900,4,COMPLETE
5,0.45593029260635376,0.4393675923347473,2025-01-18 10:58:34.203432,2025-01-18 11:19:06.512163,0 days 00:20:32.308731,5,0.0,32,0.2,176,0.15000000000000002,42,1,0.0005862948328538432,1,900,5,COMPLETE
6,0.06314191967248917,0.6046739816665649,2025-01-18 11:19:06.513007,2025-01-18 11:21:09.974782,0 days 00:02:03.461775,4,0.2,64,0.1,164,0.1,32,1,0.008894243832746767,2,1700,2,COMPLETE
7,-0.0006711959722451866,0.6336020231246948,2025-01-18 11:21:09.975910,2025-01-18 11:26:29.286255,0 days 00:05:19.310345,5,0.25,16,0.1,227,0.05,67,1,0.003964499806950964,3,700,3,COMPLETE
8,0.4776594638824463,0.4309099316596985,2025-01-18 11:26:29.287490,2025-01-18 11:37:15.383645,0 days 00:10:46.096155,5,0.5,16,0.15000000000000002,151,0.4,40,0,0.0003159914061472097,1,1800,3,COMPLETE
9,0.2672741413116455,0.5194646120071411,2025-01-18 11:37:15.384571,2025-01-18 11:48:11.762130,0 days 00:10:56.377559,4,0.05,128,0.30000000000000004,160,0.45,37,0,0.0012242470371360956,3,700,5,COMPLETE
10,0.4429704546928406,0.44520488381385803,2025-01-18 11:48:11.763000,2025-01-18 11:54:08.197144,0 days 00:05:56.434144,2,0.5,128,0.45,128,0.5,82,0,0.0002711194507952064,1,1400,2,COMPLETE
11,0.4822288453578949,0.4265570640563965,2025-01-18 11:54:08.197972,2025-01-18 12:20:32.718863,0 days 00:26:24.520891,5,0.35000000000000003,32,0.30000000000000004,200,0.25,110,0,0.00026515524328303184,2,100,4,COMPLETE
12,0.4558590054512024,0.4418887197971344,2025-01-18 12:20:32.719772,2025-01-18 12:43:38.163974,0 days 00:23:05.444202,5,0.35000000000000003,32,0.35000000000000003,211,0.25,126,0,0.0002615354907960836,2,100,4,COMPLETE
13,0.4503060281276703,0.4432399272918701,2025-01-18 12:43:38.164894,2025-01-18 13:20:48.562886,0 days 00:37:10.397992,5,0.4,32,0.4,294,0.25,128,0,0.00011230238358048783,2,100,4,COMPLETE
14,0.46993541717529297,0.4332975745201111,2025-01-18 13:20:48.563865,2025-01-18 13:34:23.807005,0 days 00:13:35.243140,2,0.4,64,0.5,202,0.35000000000000003,112,0,0.00038148628021522575,1,1500,4,COMPLETE
15,0.43523597717285156,0.4495053291320801,2025-01-18 13:34:23.807905,2025-01-18 13:49:29.627175,0 days 00:15:05.819270,5,0.15000000000000002,32,0.25,254,0.15000000000000002,87,0,0.00016900840461001181,2,300,3,COMPLETE
16,0.47122669219970703,0.431950181722641,2025-01-18 13:49:29.628352,2025-01-18 14:13:20.996812,0 days 00:23:51.368460,5,0.30000000000000004,32,0.35000000000000003,253,0.0,114,0,0.00044521940894079475,1,1100,4,COMPLETE
17,0.44049471616744995,0.44705191254615784,2025-01-18 14:13:20.997940,2025-01-18 14:22:13.144362,0 days 00:08:52.146422,4,0.45,128,0.25,196,0.25,95,0,0.0006914513773803343,3,900,2,COMPLETE
18,0.4634052813053131,0.4356544613838196,2025-01-18 14:22:13.145159,2025-01-18 14:51:21.260484,0 days 00:29:08.115325,5,0.30000000000000004,64,0.0,225,0.35000000000000003,69,1,0.00016688245827219976,2,2000,4,COMPLETE
19,0.46081918478012085,0.4334923326969147,2025-01-18 14:51:21.261354,2025-01-18 15:09:04.632572,0 days 00:17:43.371218,4,0.25,32,0.15000000000000002,298,0.2,105,0,0.0003666325350883394,1,300,3,COMPLETE
20,-0.000878024089615792,0.6341502070426941,2025-01-18 15:09:04.633413,2025-01-18 15:15:07.287689,0 days 00:06:02.654276,2,0.35000000000000003,32,0.35000000000000003,190,0.30000000000000004,120,1,0.0023190986744817455,3,1300,5,COMPLETE
21,0.45286959409713745,0.4418472349643707,2025-01-18 15:15:07.288920,2025-01-18 15:33:31.854187,0 days 00:18:24.565267,5,0.15000000000000002,32,0.35000000000000003,256,0.0,89,0,0.0004313689151200479,1,1000,4,COMPLETE
22,0.43595796823501587,0.44942110776901245,2025-01-18 15:33:31.855135,2025-01-18 15:51:43.858181,0 days 00:18:12.003046,5,0.45,32,0.30000000000000004,217,0.5,116,0,0.0008352048825505808,2,300,4,COMPLETE
23,0.4422311782836914,0.44350019097328186,2025-01-18 15:51:43.859126,2025-01-18 16:12:37.102331,0 days 00:20:53.243205,5,0.30000000000000004,128,0.2,244,0.0,57,0,0.0004405626499932955,2,1600,4,COMPLETE
24,0.4689980447292328,0.4313344955444336,2025-01-18 16:12:37.103169,2025-01-18 16:35:05.200344,0 days 00:22:28.097175,5,0.2,64,0.4,276,0.45,104,0,0.0001744210566861713,1,1800,3,COMPLETE
25,0.4205169677734375,0.4576650559902191,2025-01-18 16:35:05.201141,2025-01-18 16:48:09.388227,0 days 00:13:04.187086,4,0.35000000000000003,32,0.30000000000000004,148,0.15000000000000002,74,0,0.0005555495362965221,3,1100,5,COMPLETE
26,0.46275538206100464,0.4388830065727234,2025-01-18 16:48:09.389242,2025-01-18 17:03:42.668219,0 days 00:15:33.278977,3,0.45,32,0.4,177,0.1,119,0,0.0003118911573822915,2,100,4,COMPLETE
27,0.4658955931663513,0.4336441159248352,2025-01-18 17:03:42.669366,2025-01-18 17:16:25.068820,0 days 00:12:42.399454,5,0.1,32,0.5,209,0.4,57,1,0.00021560946833170907,1,800,2,COMPLETE
28,0.4677998125553131,0.4313095510005951,2025-01-18 17:16:25.069826,2025-01-18 17:32:19.225050,0 days 00:15:54.155224,4,0.2,64,0.25,233,0.30000000000000004,81,0,0.0008815951042807807,3,400,3,COMPLETE
29,0.4404592514038086,0.44770869612693787,2025-01-18 17:32:19.225936,2025-01-18 17:52:51.862080,0 days 00:20:32.636144,2,0.05,128,0.15000000000000002,183,0.2,109,1,0.00022413943199712307,2,1100,5,COMPLETE
30,0.45715251564979553,0.44308575987815857,2025-01-18 17:52:51.862984,2025-01-18 18:12:03.294101,0 days 00:19:11.431117,3,0.0,32,0.05,267,0.1,93,0,0.00045977485394272814,2,500,4,COMPLETE
31,0.4658181667327881,0.43572646379470825,2025-01-18 18:12:03.295371,2025-01-18 18:30:22.960437,0 days 00:18:19.665066,4,0.2,64,0.30000000000000004,234,0.30000000000000004,78,0,0.0003225418665706036,3,200,4,COMPLETE
32,0.4410863518714905,0.45120468735694885,2025-01-18 18:30:22.961302,2025-01-18 18:36:57.784836,0 days 00:06:34.823534,3,0.25,32,0.25,146,0.4,47,0,0.0008876901405388016,3,400,3,COMPLETE
33,0.4599546492099762,0.4396468698978424,2025-01-18 18:36:57.785755,2025-01-18 18:56:55.560414,0 days 00:19:57.774659,3,0.5,16,0.2,170,0.45,84,0,0.00010081118813677587,1,200,5,COMPLETE
34,0.4517880380153656,0.4379931390285492,2025-01-18 18:56:55.561447,2025-01-18 19:10:40.818797,0 days 00:13:45.257350,4,0.30000000000000004,32,0.35000000000000003,129,0.30000000000000004,97,1,0.00012889408110692999,2,400,3,COMPLETE
35,0.4526594281196594,0.4398699402809143,2025-01-18 19:10:40.819866,2025-01-18 19:28:13.261965,0 days 00:17:32.442099,4,0.4,16,0.25,198,0.2,101,0,0.00022470914197785172,3,500,4,COMPLETE
36,0.46551066637039185,0.4352564811706543,2025-01-18 19:28:13.263114,2025-01-18 20:00:29.237242,0 days 00:32:15.974128,5,0.35000000000000003,16,0.45,286,0.05,64,0,0.0001398331586619151,1,200,5,COMPLETE
37,0.47626370191574097,0.433372437953949,2025-01-18 20:00:29.238254,2025-01-18 20:15:02.659753,0 days 00:14:33.421499,3,0.45,32,0.15000000000000002,149,0.35000000000000003,113,1,0.0005280325783875891,3,400,3,COMPLETE
38,0.42672938108444214,0.4531562924385071,2025-01-18 20:15:02.660685,2025-01-18 20:30:51.452676,0 days 00:15:48.791991,3,0.4,64,0.4,271,0.25,104,1,0.00017063836607559727,2,600,3,COMPLETE
39,0.0190848708152771,0.6257649064064026,2025-01-18 20:30:51.453636,2025-01-18 20:37:38.551616,0 days 00:06:47.097980,2,0.35000000000000003,128,0.15000000000000002,219,0.15000000000000002,107,0,0.008863137029444405,1,100,5,COMPLETE
40,0.2726185619831085,0.5141757726669312,2025-01-18 20:37:38.552447,2025-01-18 20:45:48.860479,0 days 00:08:10.308032,3,0.45,16,0.05,152,0.2,121,1,0.0006120393869960235,2,1900,2,COMPLETE
41,0.4472014904022217,0.4417460560798645,2025-01-18 20:45:48.861512,2025-01-18 21:05:05.031976,0 days 00:19:16.170464,5,0.30000000000000004,32,0.35000000000000003,242,0.45,113,0,0.0012626270027658456,1,200,4,COMPLETE
42,0.45330947637557983,0.4418567717075348,2025-01-18 21:05:05.032898,2025-01-18 21:23:39.115336,0 days 00:18:34.082438,5,0.30000000000000004,32,0.2,186,0.05,99,0,0.00030591958391660917,3,300,4,COMPLETE
43,0.38734450936317444,0.47216683626174927,2025-01-18 21:23:39.116370,2025-01-18 21:37:04.354796,0 days 00:13:25.238426,5,0.25,32,0.30000000000000004,167,0.35000000000000003,112,0,0.0023651403072309134,1,1800,4,COMPLETE
44,0.45057305693626404,0.4437304139137268,2025-01-18 21:37:04.355577,2025-01-18 21:59:51.869885,0 days 00:22:47.514308,5,0.5,32,0.30000000000000004,254,0.4,122,0,0.0005168210995899709,2,600,4,COMPLETE
45,0.46061402559280396,0.43952828645706177,2025-01-18 21:59:51.870810,2025-01-18 22:16:52.979947,0 days 00:17:01.109137,5,0.4,128,0.4,139,0.5,102,1,0.00035691286909153016,2,100,3,COMPLETE
46,0.45792585611343384,0.4406892657279968,2025-01-18 22:16:52.980744,2025-01-18 22:26:59.444876,0 days 00:10:06.464132,5,0.1,64,0.35000000000000003,286,0.0,32,0,0.00026131504901405017,3,1300,2,COMPLETE
47,0.13956709206104279,0.5776321291923523,2025-01-18 22:26:59.445767,2025-01-18 22:39:25.169828,0 days 00:12:25.724061,5,0.2,16,0.45,208,0.1,116,0,0.005798618464250889,1,700,4,COMPLETE
48,0.4793550372123718,0.4285258650779724,2025-01-18 22:39:25.170836,2025-01-18 22:58:10.504756,0 days 00:18:45.333920,5,0.35000000000000003,32,0.2,157,0.45,47,0,0.000666019756809536,2,400,5,COMPLETE
49,0.23995032906532288,0.5363094806671143,2025-01-18 22:58:10.505809,2025-01-18 23:10:30.437690,0 days 00:12:19.931881,4,0.35000000000000003,32,0.05,178,0.25,92,1,0.0006930949031747696,3,400,5,COMPLETE
50,0.4335729479789734,0.4528019428253174,2025-01-18 23:10:30.438718,2025-01-18 23:16:55.730604,0 days 00:06:25.291886,2,0.45,128,0.5,160,0.25,46,0,0.0001861018278966335,2,200,2,COMPLETE
51,0.43393221497535706,0.4466438889503479,2025-01-18 23:16:55.731486,2025-01-18 23:31:02.421349,0 days 00:14:06.689863,5,0.35000000000000003,32,0.25,192,0.45,125,0,0.00013290128269124579,1,100,3,COMPLETE
52,0.46478360891342163,0.4358581006526947,2025-01-18 23:31:02.422562,2025-01-19 00:04:03.414228,0 days 00:33:00.991666,5,0.4,32,0.30000000000000004,261,0.35000000000000003,107,0,0.0002607596764135196,2,1600,5,COMPLETE
53,0.452050119638443,0.44079726934432983,2025-01-19 00:04:03.415300,2025-01-19 00:17:42.233762,0 days 00:13:38.818462,5,0.30000000000000004,64,0.0,204,0.15000000000000002,116,0,0.0014940781229797783,3,300,3,COMPLETE
54,0.39093971252441406,0.46809452772140503,2025-01-19 00:17:42.234657,2025-01-19 00:27:41.697723,0 days 00:09:59.463066,5,0.35000000000000003,32,0.30000000000000004,220,0.4,110,0,0.003101782501008724,2,1400,2,COMPLETE
55,0.43810802698135376,0.4472302496433258,2025-01-19 00:27:41.698590,2025-01-19 00:41:27.693070,0 days 00:13:45.994480,5,0.4,16,0.4,229,0.0,104,1,0.00039171024991279166,1,800,3,COMPLETE
56,0.4457901418209076,0.4458208680152893,2025-01-19 00:41:27.694150,2025-01-19 01:07:53.306395,0 days 00:26:25.612245,5,0.30000000000000004,32,0.2,280,0.1,64,0,0.0009986548266590325,3,300,5,COMPLETE
57,0.4686761796474457,0.4356454014778137,2025-01-19 01:07:53.307463,2025-01-19 01:20:25.900025,0 days 00:12:32.592562,4,0.0,32,0.25,174,0.05,125,0,0.00048371718666551263,2,500,3,COMPLETE
58,0.4642716944217682,0.4358336925506592,2025-01-19 01:20:25.900970,2025-01-19 01:42:51.180788,0 days 00:22:25.279818,2,0.25,128,0.35000000000000003,249,0.5,114,0,0.001796673820571542,1,100,5,COMPLETE
59,0.39144381880760193,0.46598395705223083,2025-01-19 01:42:51.181780,2025-01-19 01:58:03.962177,0 days 00:15:12.780397,5,0.15000000000000002,64,0.1,196,0.35000000000000003,40,1,0.0007328548326583801,2,1000,4,COMPLETE
60,0.42530950903892517,0.4606029987335205,2025-01-19 01:58:03.963130,2025-01-19 02:12:13.521748,0 days 00:14:09.558618,4,0.4,32,0.35000000000000003,156,0.2,97,0,0.0005593749626956278,3,2000,5,COMPLETE
61,0.48838552832603455,0.4255734384059906,2025-01-19 02:12:13.523042,2025-01-19 02:39:18.035985,0 days 00:27:04.512943,5,0.2,32,0.25,235,0.30000000000000004,107,0,0.0003924175064173206,3,400,4,COMPLETE
62,0.4305042326450348,0.45158737897872925,2025-01-19 02:39:18.036984,2025-01-19 02:49:51.517870,0 days 00:10:33.480886,5,0.2,32,0.2,237,0.30000000000000004,89,1,0.00041662137680497936,3,800,2,COMPLETE
63,0.458842933177948,0.43997541069984436,2025-01-19 02:49:51.518707,2025-01-19 03:07:18.520036,0 days 00:17:27.001329,5,0.1,32,0.15000000000000002,224,0.30000000000000004,73,1,0.000600504732994505,3,700,3,COMPLETE
64,0.34543707966804504,0.485334575176239,2025-01-19 03:07:18.520997,2025-01-19 03:25:39.672170,0 days 00:18:21.151173,5,0.15000000000000002,128,0.2,248,0.30000000000000004,51,1,0.00047791713184470574,3,900,4,COMPLETE
65,0.4663063585758209,0.43713802099227905,2025-01-19 03:25:39.673142,2025-01-19 03:43:16.635832,0 days 00:17:36.962690,2,0.2,32,0.25,214,0.30000000000000004,108,1,0.0003557833595902352,3,600,4,COMPLETE
66,-2.5391578674316406e-05,0.6329926252365112,2025-01-19 03:43:16.636854,2025-01-19 03:50:10.788870,0 days 00:06:54.152016,5,0.1,16,0.15000000000000002,230,0.25,100,1,0.001143756294485058,3,1200,3,COMPLETE
67,0.47475308179855347,0.43353819847106934,2025-01-19 03:50:10.789834,2025-01-19 04:17:08.430833,0 days 00:26:57.640999,3,0.15000000000000002,64,0.25,262,0.35000000000000003,93,0,0.000800916931218863,3,400,5,COMPLETE
68,0.4313449263572693,0.45318374037742615,2025-01-19 04:17:08.431844,2025-01-19 04:33:49.803680,0 days 00:16:41.371836,4,0.2,32,0.25,239,0.35000000000000003,105,0,0.0006625792769260027,3,600,4,COMPLETE
69,0.4714290499687195,0.4313129484653473,2025-01-19 04:33:49.804755,2025-01-19 04:49:37.094650,0 days 00:15:47.289895,5,0.25,32,0.2,246,0.25,118,1,0.0005243221768692323,3,500,2,COMPLETE
70,0.43267709016799927,0.4512435495853424,2025-01-19 04:49:37.095601,2025-01-19 05:00:11.796241,0 days 00:10:34.700640,4,0.25,32,0.2,232,0.25,79,1,0.00011404819651080874,3,500,2,COMPLETE
71,0.4824935793876648,0.4273332953453064,2025-01-19 05:00:11.797081,2025-01-19 05:26:14.457325,0 days 00:26:02.660244,3,0.15000000000000002,64,0.25,262,0.30000000000000004,85,0,0.0008125454424112289,3,400,5,COMPLETE
72,0.45634564757347107,0.4392419457435608,2025-01-19 05:26:14.458595,2025-01-19 05:41:09.329971,0 days 00:14:54.871376,5,0.05,32,0.25,244,0.30000000000000004,75,0,0.0002981008623034937,3,400,3,COMPLETE
73,0.41934624314308167,0.45814523100852966,2025-01-19 05:41:09.330941,2025-01-19 06:06:27.127450,0 days 00:25:17.796509,5,0.2,16,0.2,236,0.30000000000000004,82,1,0.0003927374274803904,3,500,5,COMPLETE
74,0.46697527170181274,0.43553972244262695,2025-01-19 06:06:27.128665,2025-01-19 06:20:19.033216,0 days 00:13:51.904551,3,0.15000000000000002,128,0.30000000000000004,225,0.30000000000000004,85,0,0.0005313205660683178,3,400,3,COMPLETE
75,0.4579187333583832,0.43506231904029846,2025-01-19 06:20:19.034339,2025-01-19 06:40:01.826765,0 days 00:19:42.792426,5,0.25,64,0.25,249,0.35000000000000003,62,0,0.0003413967381406352,3,1600,4,COMPLETE
76,0.20438452064990997,0.549526572227478,2025-01-19 06:40:01.827750,2025-01-19 06:59:09.510813,0 days 00:19:07.683063,5,0.15000000000000002,32,0.05,259,0.25,118,0,0.00449701381502344,3,300,5,COMPLETE
77,0.2767252027988434,0.5194205641746521,2025-01-19 06:59:09.511881,2025-01-19 07:17:10.711782,0 days 00:18:01.199901,5,0.2,32,0.1,243,0.35000000000000003,71,1,0.00043441141291697725,3,1700,4,COMPLETE
78,0.4688902795314789,0.43882274627685547,2025-01-19 07:17:10.712699,2025-01-19 07:34:49.004747,0 days 00:17:38.292048,2,0.25,16,0.5,221,0.25,36,0,0.0002809062803766993,3,400,5,COMPLETE
79,0.45499953627586365,0.44058290123939514,2025-01-19 07:34:49.006014,2025-01-19 07:54:18.238054,0 days 00:19:29.232040,5,0.2,32,0.30000000000000004,214,0.30000000000000004,89,0,0.00023111807052426443,3,500,4,COMPLETE
80,-0.0006777763483114541,0.6325224041938782,2025-01-19 07:54:18.239168,2025-01-19 07:58:58.416193,0 days 00:04:40.177025,3,0.15000000000000002,128,0.25,233,0.4,128,1,0.00960064477939914,3,600,3,COMPLETE
81,0.4777553081512451,0.4277421534061432,2025-01-19 07:58:58.417165,2025-01-19 08:11:01.051364,0 days 00:12:02.634199,3,0.2,64,0.25,265,0.2,95,0,0.0008288326281198606,3,400,2,COMPLETE
82,0.4309985637664795,0.45564213395118713,2025-01-19 08:11:01.052413,2025-01-19 08:21:58.583660,0 days 00:10:57.531247,5,0.2,32,0.25,227,0.30000000000000004,111,0,0.0009350776625411681,3,1200,2,COMPLETE
83,0.48386627435684204,0.42332011461257935,2025-01-19 08:21:58.585043,2025-01-19 08:48:07.359970,0 days 00:26:08.774927,4,0.2,64,0.45,267,0.25,95,0,0.0003322925693546463,3,300,4,COMPLETE
84,0.4707798957824707,0.4324021339416504,2025-01-19 08:48:07.361016,2025-01-19 09:12:55.890834,0 days 00:24:48.529818,4,0.25,64,0.45,267,0.2,95,0,0.00031581868225946923,2,200,4,COMPLETE
85,0.4680703282356262,0.4322873651981354,2025-01-19 09:12:55.891788,2025-01-19 09:35:24.170127,0 days 00:22:28.278339,3,0.15000000000000002,64,0.5,275,0.25,102,0,0.00038167213226606073,2,300,4,COMPLETE
86,0.4803616404533386,0.4284500181674957,2025-01-19 09:35:24.171126,2025-01-19 09:58:35.993295,0 days 00:23:11.822169,4,0.25,64,0.45,266,0.25,91,0,0.0003269531322381793,2,300,4,COMPLETE
87,0.4707344174385071,0.4345220923423767,2025-01-19 09:58:35.994327,2025-01-19 10:29:07.935286,0 days 00:30:31.940959,4,0.2,64,0.45,291,0.2,99,0,0.00020338192852261032,3,200,4,COMPLETE
88,0.447204053401947,0.44158831238746643,2025-01-19 10:29:07.936602,2025-01-19 10:49:11.038831,0 days 00:20:03.102229,3,0.1,64,0.30000000000000004,271,0.25,92,0,0.00024897936483903884,3,400,4,COMPLETE
89,0.45067232847213745,0.4387320578098297,2025-01-19 10:49:11.039790,2025-01-19 11:13:23.638040,0 days 00:24:12.598250,4,0.2,64,0.4,284,0.30000000000000004,87,0,0.00015419342292564332,3,300,4,COMPLETE
90,0.4749728739261627,0.4286983907222748,2025-01-19 11:13:23.639033,2025-01-19 11:39:52.189842,0 days 00:26:28.550809,4,0.25,64,0.45,264,0.2,96,0,0.00019178456682487249,3,700,4,COMPLETE
91,0.46551889181137085,0.43691498041152954,2025-01-19 11:39:52.190809,2025-01-19 12:04:27.421072,0 days 00:24:35.230263,4,0.2,64,0.45,300,0.2,95,0,0.00033613224370077034,3,700,4,COMPLETE
92,0.47016796469688416,0.4348524212837219,2025-01-19 12:04:27.421998,2025-01-19 12:31:25.200213,0 days 00:26:57.778215,5,0.15000000000000002,64,0.30000000000000004,263,0.25,98,0,0.0002853012365999381,3,400,4,COMPLETE
93,0.47454994916915894,0.43241843581199646,2025-01-19 12:31:25.201271,2025-01-19 12:55:05.505491,0 days 00:23:40.304220,3,0.0,64,0.4,257,0.30000000000000004,107,0,0.0004564632323352955,3,1500,4,COMPLETE
94,0.4469044804573059,0.4437738358974457,2025-01-19 12:55:05.506483,2025-01-19 13:14:20.157027,0 days 00:19:14.650544,2,0.2,64,0.5,269,0.2,103,0,0.00020188678723689581,3,1900,4,COMPLETE
95,0.4664861261844635,0.43380600214004517,2025-01-19 13:14:20.157876,2025-01-19 13:39:38.919163,0 days 00:25:18.761287,5,0.25,64,0.25,265,0.25,95,0,0.0007999441348080631,3,300,4,COMPLETE
96,0.43906983733177185,0.44850677251815796,2025-01-19 13:39:38.919920,2025-01-19 13:57:55.431547,0 days 00:18:16.511627,4,0.25,16,0.15000000000000002,277,0.15000000000000002,90,0,0.00040478392562790855,3,500,4,COMPLETE
97,0.46919578313827515,0.4294160008430481,2025-01-19 13:57:55.432692,2025-01-19 14:21:50.848014,0 days 00:23:55.415322,5,0.05,32,0.0,252,0.30000000000000004,57,0,0.0002496037245016394,3,200,4,COMPLETE
98,0.4631004333496094,0.43708381056785583,2025-01-19 14:21:50.849336,2025-01-19 14:46:30.309898,0 days 00:24:39.460562,5,0.15000000000000002,128,0.30000000000000004,203,0.35000000000000003,123,0,0.0006278278059786633,3,300,4,COMPLETE
99,0.46487855911254883,0.4362223148345947,2025-01-19 14:46:30.311063,2025-01-19 15:03:47.185276,0 days 00:17:16.874213,5,0.2,64,0.25,134,0.35000000000000003,115,0,0.00036503478412440573,3,400,4,COMPLETE
