number,values_0,values_1,datetime_start,datetime_complete,duration,params_colsample_bytree,params_gamma,params_learning_rate,params_max_depth,params_min_child_weight,params_n_estimators,params_reg_alpha,params_reg_lambda,params_subsample,state
0,0.4546207162374147,0.4391204972631589,2024-12-11 11:38:42.054270,2024-12-11 11:39:24.601206,0 days 00:00:42.546936,0.9487898543317349,2.119795964355558,0.2071638512821706,19,14,1972,0.6166986547768529,2.5779281627260464,0.5578884416728767,COMPLETE
1,0.45102783531998886,0.4509006089631261,2024-12-11 11:39:24.601844,2024-12-11 11:39:54.096508,0 days 00:00:29.494664,0.8928065118909603,2.5297319487638315,0.11452979446156024,20,47,1333,2.997648701959252,1.414353452297388,0.81158215752835,COMPLETE
2,0.17529946769335183,0.7028175038595645,2024-12-11 11:39:54.097209,2024-12-11 11:40:03.471176,0 days 00:00:09.373967,0.8162328448193696,0.35618814451986514,0.8816664925591786,31,21,167,2.25005695019726,1.6551567737030983,0.51779961462994,COMPLETE
3,0.34550115889428906,0.48551388222536807,2024-12-11 11:40:03.471809,2024-12-11 11:40:33.014989,0 days 00:00:29.543180,0.540159236175456,0.3018354044652809,0.5475414396340864,46,3,1329,0.07687468171830286,1.9283735684051582,0.974370509928831,COMPLETE
4,0.36455344513659743,0.4815323289214234,2024-12-11 11:40:33.015628,2024-12-11 11:41:01.870769,0 days 00:00:28.855141,0.7224016951975254,2.5346547150006002,0.6990661387108342,23,12,1382,2.294093613425686,0.6071713870207729,0.9112455875936702,COMPLETE
5,0.36484872856433437,0.47835197018068276,2024-12-11 11:41:01.871411,2024-12-11 11:41:12.288943,0 days 00:00:10.417532,0.7045214609033733,2.67999726860854,0.5428511316618525,37,42,425,1.1207076163629293,0.6413313357482282,0.6892383104467457,COMPLETE
6,0.4610697428727607,0.44971744179044143,2024-12-11 11:41:12.289609,2024-12-11 11:41:42.173469,0 days 00:00:29.883860,0.5281955459149819,2.7444649191647765,0.06039279819236643,56,1,1319,1.4816897029579519,0.18913024311533147,0.8679814675411774,COMPLETE
7,0.3172839861988564,0.5254102951406209,2024-12-11 11:41:42.174115,2024-12-11 11:41:57.197211,0 days 00:00:15.023096,0.9989794625719519,0.09565304585265721,0.47948371426692143,25,45,300,1.8689639698552822,0.47185595687046694,0.5150295260435496,COMPLETE
8,0.43159398472863353,0.45152441803527255,2024-12-11 11:41:57.197872,2024-12-11 11:42:02.824597,0 days 00:00:05.626725,0.693063771072681,2.232391034621455,0.28276952511106784,74,35,148,0.044794857070563576,2.0424030100358777,0.6492394581545238,COMPLETE
9,0.4288095510705599,0.4546382432689284,2024-12-11 11:42:02.825272,2024-12-11 11:42:15.602019,0 days 00:00:12.776747,0.6854558738551979,2.531924019708985,0.2970140021466472,37,32,537,1.4579790014683878,2.350243694778225,0.8991308487383323,COMPLETE
10,0.490933002932033,0.42880132847025154,2024-12-11 11:42:15.602699,2024-12-11 11:43:17.363035,0 days 00:01:01.760336,0.9736147902231571,1.7882502726993734,0.012553953441828164,4,18,1961,0.7099622353269253,2.927661336638711,0.612703085019761,COMPLETE
11,0.4459374907393322,0.4527329288106226,2024-12-11 11:43:17.363696,2024-12-11 11:43:54.955293,0 days 00:00:37.591597,0.9828110183736403,1.6528057924297985,0.012928865908576892,1,19,1754,0.6997847310062577,2.965102902725983,0.6174445859035758,COMPLETE
12,0.4394882105619162,0.46197666380237756,2024-12-11 11:43:54.955941,2024-12-11 11:44:51.098203,0 days 00:00:56.142262,0.9167944350191058,1.5216184613713857,0.003322758440271134,2,12,1875,0.7666931886751618,2.84053697910191,0.7422739951534926,COMPLETE
13,0.4391440013091513,0.4474796876596544,2024-12-11 11:44:51.098884,2024-12-11 11:45:10.665186,0 days 00:00:19.566302,0.8951865680256574,1.0424680477621473,0.1966812486714032,12,27,725,0.7485184006194157,2.5899002839304397,0.5970309578915091,COMPLETE
14,0.4524286832770903,0.4462342862605773,2024-12-11 11:45:10.665850,2024-12-11 11:45:34.418745,0 days 00:00:23.752895,0.8220116033195457,1.9178389072679185,0.17716895254417753,11,12,1016,0.40746135964754654,2.9936241792622003,0.7583328354907936,COMPLETE
15,0.16849016866735045,0.7232286159287828,2024-12-11 11:45:34.419455,2024-12-11 11:46:13.086804,0 days 00:00:38.667349,0.9491933196737183,1.1011484728783258,0.9888285904556094,10,20,1683,1.1222837198471414,2.5061456507480897,0.5812575541473097,COMPLETE
16,0.4611829386268115,0.4413938602997298,2024-12-11 11:46:13.087460,2024-12-11 11:46:56.576559,0 days 00:00:43.489099,0.9900162669919025,1.9980720122946682,0.14706229430428108,66,26,1958,0.35189332292875836,2.5396202277737054,0.6846495593448054,COMPLETE
17,0.4641249187048717,0.4424469739285204,2024-12-11 11:46:56.577232,2024-12-11 11:47:32.592887,0 days 00:00:36.015655,0.8298058636222314,2.920361298393994,0.09139146100113366,50,27,1609,0.34130880488822,2.2792694550676553,0.6735116977433729,COMPLETE
18,0.4713822306676416,0.44579527630134513,2024-12-11 11:47:32.593549,2024-12-11 11:48:24.712398,0 days 00:00:52.118849,0.8449677970297438,2.9808160762159126,0.011535177884074713,51,7,1617,1.066336235449868,2.2235715675282295,0.6429887239752422,COMPLETE
19,0.39077197149972676,0.4705261687971446,2024-12-11 11:48:24.713079,2024-12-11 11:48:58.913575,0 days 00:00:34.200496,0.8714684666037207,1.068063362471831,0.3718889512882363,62,6,1533,1.0738683245165093,2.8159095539383836,0.6221921820247251,COMPLETE
20,0.39156706519837314,0.4676945959251265,2024-12-11 11:48:58.914324,2024-12-11 11:49:21.015440,0 days 00:00:22.101116,0.9369070328778543,2.9816926947809823,0.405802798218902,45,35,995,0.9551392391775237,1.223174437343095,0.5411402424828189,COMPLETE
21,0.48877237030281184,0.42975110654754445,2024-12-11 11:49:21.016192,2024-12-11 11:50:21.303478,0 days 00:01:00.287286,0.953753818019054,1.8491862702228063,0.017876810843947294,7,18,1999,0.5714237748097863,2.698237702291068,0.5612945710568603,COMPLETE
22,0.48503026609833394,0.43110798563243763,2024-12-11 11:50:21.304178,2024-12-11 11:51:11.968405,0 days 00:00:50.664227,0.9988625362265566,1.8105671692330272,0.0273934555872391,6,17,1793,1.2582204002654427,2.993171948876076,0.5004958501109411,COMPLETE
23,0.4690407694021418,0.43352737027632726,2024-12-11 11:51:11.969086,2024-12-11 11:51:54.020667,0 days 00:00:42.051581,0.7682750792630355,1.2996281928705053,0.10355136026218364,6,16,1812,0.5716145253018491,2.725194742636043,0.5068036104106091,COMPLETE
24,0.4261550881200494,0.45251472276127264,2024-12-11 11:51:54.021344,2024-12-11 11:52:13.760409,0 days 00:00:19.739065,0.9535658861036258,1.7077217063559393,0.2718728776290684,15,50,813,1.3868328284266123,2.7399494177832087,0.575585224162283,COMPLETE
25,0.4781444835531056,0.4360791136458319,2024-12-11 11:52:13.761055,2024-12-11 11:52:47.783676,0 days 00:00:34.022621,0.9195422087383442,2.255422328024662,0.09332612813407459,6,24,1498,0.8750102205992174,2.9574008912919103,0.7222448842347382,COMPLETE
26,0.44830375689084045,0.4440699980557402,2024-12-11 11:52:47.784435,2024-12-11 11:53:30.934840,0 days 00:00:43.150405,0.9687404056540463,1.8601930967749634,0.1985141539618024,16,31,1998,0.21262673857802494,1.1432391096518804,0.7764918288021752,COMPLETE
27,0.31113814321299454,0.5207675763198192,2024-12-11 11:53:30.935617,2024-12-11 11:53:57.308188,0 days 00:00:26.372571,0.8778967082744281,1.3925395595127803,0.6872082813982533,28,8,1176,0.48406863226130215,1.9908100055110878,0.7098844178600306,COMPLETE
28,0.4854478663944778,0.4283080535474486,2024-12-11 11:53:57.308901,2024-12-11 11:54:41.630086,0 days 00:00:44.321185,0.999166235871606,1.708466685561882,0.04786435058713853,5,16,1780,0.5482357345446031,2.388589380838826,0.6058089038356976,COMPLETE
29,0.4677682011458037,0.4361201165300025,2024-12-11 11:54:41.630755,2024-12-11 11:55:26.007682,0 days 00:00:44.376927,0.9474797060893774,2.118915926492268,0.1287758333903835,19,15,1995,0.6374271038082772,2.614631392183501,0.5665834147963567,COMPLETE
30,0.4583047623607227,0.4402550812402423,2024-12-11 11:55:26.008373,2024-12-11 11:55:50.903930,0 days 00:00:24.895557,0.9220178128040766,1.6032599767068183,0.2026141883557301,1,23,1165,0.2256651772706666,2.3506591815065616,0.5520730115323712,COMPLETE
31,0.48832245852139416,0.43068380237139825,2024-12-11 11:55:50.904566,2024-12-11 11:56:40.919635,0 days 00:00:50.015069,0.9952221283475253,1.7909017907144837,0.0275995258064328,6,17,1839,0.5844208779750075,2.7082673320795285,0.647502159012258,COMPLETE
32,0.4728045044847059,0.4354094670577272,2024-12-11 11:56:40.920355,2024-12-11 11:57:24.512915,0 days 00:00:43.592560,0.9763126968110823,2.329923180193049,0.06792761698271635,8,17,1872,0.5608724060620838,2.703590501925342,0.6024294204936084,COMPLETE
33,0.4645215217004349,0.43589441847255495,2024-12-11 11:57:24.513779,2024-12-11 11:58:01.762539,0 days 00:00:37.248760,0.9600607948527473,1.9801111351871947,0.1413923306521479,15,41,1674,1.6888639018919431,1.7700095048808127,0.6569412171895077,COMPLETE
34,0.4001234453516922,0.5722709783200384,2024-12-11 11:58:01.763217,2024-12-11 11:59:36.943285,0 days 00:01:35.180068,0.6342651401145103,0.8757328097528385,0.00022216865542520024,4,10,1868,0.8791488888724243,2.4749178796932543,0.6256599425237952,COMPLETE
35,0.48109687407894075,0.4287180459520206,2024-12-11 11:59:36.944054,2024-12-11 12:00:26.642117,0 days 00:00:49.698063,0.9009394023492436,0.6474542058577617,0.07421240114700534,32,21,1749,1.2719192830645976,1.509916036321476,0.5427823070014173,COMPLETE
36,0.4478874359165966,0.4471293980013754,2024-12-11 12:00:26.642884,2024-12-11 12:01:00.621970,0 days 00:00:33.979086,0.7944695757346232,0.7893812752750481,0.23866957135066005,32,22,1467,2.997910817162622,2.1423343043710554,0.7977425764880436,COMPLETE
37,0.4664154638404564,0.43697468690966035,2024-12-11 12:01:00.622656,2024-12-11 12:01:43.549929,0 days 00:00:42.927273,0.8978684632633132,1.4872546272178548,0.07740185889773044,23,30,1729,2.534529612342192,1.5460035049672212,0.5386118939105661,COMPLETE
38,0.45445802443355,0.44343438364113086,2024-12-11 12:01:43.550612,2024-12-11 12:02:21.366019,0 days 00:00:37.815407,0.5071537471224428,0.47382116571653876,0.14416494861884155,13,4,1584,2.79185103113541,1.7504101102637617,0.8463451254561818,COMPLETE
39,0.3554740394800923,0.487744551950377,2024-12-11 12:02:21.366701,2024-12-11 12:02:25.264509,0 days 00:00:03.897808,0.8625644841883136,2.07752767326627,0.7880018800161537,19,14,71,1.7081971660881374,2.4179597725357342,0.9959344629110483,COMPLETE
40,0.379817942740802,0.47251406497757004,2024-12-11 12:02:25.265275,2024-12-11 12:03:05.241006,0 days 00:00:39.975731,0.5958398262571796,2.4037967748805533,0.6102854556508133,71,20,1945,2.2226159390024107,2.141898388806028,0.9460529409226007,COMPLETE
41,0.21106326445999973,0.6463563853979446,2024-12-11 12:03:05.241741,2024-12-11 12:03:45.466202,0 days 00:00:40.224461,0.7319937322901214,1.7259813464705789,0.8995882680456333,8,18,1842,1.3155448130358036,0.07786205491096299,0.5882916976947364,COMPLETE
42,0.4864814675883201,0.4286407235294586,2024-12-11 12:03:45.466941,2024-12-11 12:03:58.142087,0 days 00:00:12.675146,0.9998597620117924,1.8484389126184357,0.05735536900625381,3,13,343,0.07628267940806366,2.8440698818814774,0.6636569364667306,COMPLETE
43,0.470857618884693,0.43541049629952544,2024-12-11 12:03:58.142813,2024-12-11 12:04:28.839895,0 days 00:00:30.697082,0.9331818922383603,2.162514313887432,0.05077156720568882,1,39,1399,0.13234903895498462,0.8773605341272018,0.7027793210477685,COMPLETE
44,0.4240008391910404,0.4540851094024608,2024-12-11 12:04:28.840617,2024-12-11 12:04:39.104718,0 days 00:00:10.264101,0.96851269109439,2.702364408415579,0.3367227399147572,10,14,373,1.222415689265763,2.8470868969609473,0.6693387280196536,COMPLETE
45,0.38995051870180447,0.4704315519501717,2024-12-11 12:04:39.105456,2024-12-11 12:04:54.725104,0 days 00:00:15.619648,0.8979465473847175,2.4822922435589514,0.5056009656866599,43,10,642,0.8832194012217883,0.32509733426179577,0.835135873905153,COMPLETE
46,0.3505330339555461,0.5011843027051631,2024-12-11 12:04:54.725840,2024-12-11 12:05:40.049599,0 days 00:00:45.323759,0.7902924458504931,0.02314489791121832,0.44083868290552036,61,24,1729,0.7196596223577658,1.8815865199246553,0.6064202251904949,COMPLETE
47,0.48471938327827224,0.4258399684934777,2024-12-11 12:05:40.050365,2024-12-11 12:06:05.060512,0 days 00:00:25.010147,0.5766211407564061,1.2827189889805637,0.06436523752944034,4,20,889,0.439785850359237,1.5244074395059382,0.5337955920522357,COMPLETE
48,0.41004266438534887,0.4591007419475142,2024-12-11 12:06:05.061252,2024-12-11 12:06:15.008510,0 days 00:00:09.947258,0.5577792946541499,1.3400381888084854,0.25078117118548704,13,28,290,0.07021576458560352,1.3703091109119305,0.5182825482548474,COMPLETE
49,0.4061586652368555,0.46063103570100977,2024-12-11 12:06:15.009189,2024-12-11 12:06:36.166760,0 days 00:00:21.157571,0.6598356567849312,1.205709471360123,0.3286896767798581,4,19,879,0.3024148731522736,0.694244769863929,0.5599308778862079,COMPLETE
50,0.44217601329320305,0.44579639696177553,2024-12-11 12:06:36.167441,2024-12-11 12:06:51.179711,0 days 00:00:15.012270,0.5522196770060308,1.5216333254424808,0.1679902671962792,22,34,537,0.4083982445410129,1.8687345338498171,0.5799356961445504,COMPLETE
51,0.4821929683081686,0.4290828155677001,2024-12-11 12:06:51.180457,2024-12-11 12:07:15.103905,0 days 00:00:23.923448,0.7222350423011928,1.9059904178511928,0.05791149399672285,3,21,894,0.026420371167144685,1.6213871957434,0.5299235918424687,COMPLETE
52,0.46943282603117364,0.43479768471919034,2024-12-11 12:07:15.104584,2024-12-11 12:07:44.634021,0 days 00:00:29.529437,0.50098642787514,1.5417756363904733,0.10667418434243736,9,25,1233,0.5328615107470904,1.0554380330313229,0.5533097090996116,COMPLETE
53,0.47929068959603666,0.43540474763838943,2024-12-11 12:07:44.634707,2024-12-11 12:08:06.301800,0 days 00:00:21.667093,0.6132506232339994,1.678184308305894,0.05198739278181456,17,12,636,0.4221852929950701,1.5695508767272055,0.5198658744040655,COMPLETE
54,0.4692830109080396,0.4329044429059789,2024-12-11 12:08:06.302550,2024-12-11 12:08:31.894523,0 days 00:00:25.591973,0.6764378887115873,1.4377418869062493,0.12037325890983416,4,22,1053,0.7397933563580865,1.3593633339208235,0.5359463309453554,COMPLETE
55,0.4390512029216832,0.4486878742455861,2024-12-11 12:08:31.895231,2024-12-11 12:08:41.272985,0 days 00:00:09.377754,0.5749827616325563,1.1808646462345318,0.17477824286777457,11,19,235,0.23026368601251973,1.4919979347695018,0.5947370317311366,COMPLETE
56,0.46511860197314336,0.4391546760545726,2024-12-11 12:08:41.273653,2024-12-11 12:09:08.320558,0 days 00:00:27.046905,0.528207648892788,1.967211301322396,0.03553732037457974,1,29,1287,0.4959920306076495,0.5552476644956001,0.6205249534652991,COMPLETE
57,0.4751841484707103,0.44109977771086195,2024-12-11 12:09:08.321223,2024-12-11 12:09:24.096056,0 days 00:00:15.774833,0.6478927851381397,1.6512702560789245,0.08372563038713246,8,14,527,0.6427942249223957,2.0458528900158077,0.9037678993333866,COMPLETE
58,0.464273169852917,0.43520235188719913,2024-12-11 12:09:24.096785,2024-12-11 12:09:46.372846,0 days 00:00:22.276061,0.7047543222541858,1.8068510295683824,0.2114808038855002,5,1,964,0.9998276197109371,1.6862936174920717,0.6364056499718851,COMPLETE
59,0.4572759265340383,0.45161231639814925,2024-12-11 12:09:46.373518,2024-12-11 12:10:49.022269,0 days 00:01:02.648751,0.5859433533062882,1.3159072290791556,0.005006242619578228,33,44,755,0.7966025361894138,2.600028346540955,0.5645946285561984,COMPLETE
60,0.4706555675489453,0.4339918004434947,2024-12-11 12:10:49.022981,2024-12-11 12:11:31.329550,0 days 00:00:42.306569,0.7494892953423277,2.58831218019521,0.10624071094452958,26,26,1921,1.18563329963936,1.2684429277369347,0.5032235037642101,COMPLETE
61,0.4938930211020188,0.42230043287298435,2024-12-11 12:11:31.330335,2024-12-11 12:12:09.437860,0 days 00:00:38.107525,0.6302950245926239,0.24413511600772386,0.051227953662646666,3,22,1086,0.31688767009764,1.6258540800472663,0.7430191419458931,COMPLETE
62,0.3228145013014454,0.5209508922799694,2024-12-11 12:12:09.438534,2024-12-11 12:12:36.176177,0 days 00:00:26.737643,0.6224304574385318,0.16564699197645671,0.5839841180450682,38,32,1085,0.14498557040683963,0.9820345272131689,0.7396806663407627,COMPLETE
63,0.359457143481322,0.4910007274011045,2024-12-11 12:12:36.176871,2024-12-11 12:13:08.215605,0 days 00:00:32.038734,0.6691493667397057,0.41147962780152003,0.4311036731231004,57,49,1397,0.26855797236612383,1.4811148523324646,0.7739884933504239,COMPLETE
64,0.397440172354524,0.46668807049432887,2024-12-11 12:13:08.216328,2024-12-11 12:13:23.370867,0 days 00:00:15.154539,0.6926666792817981,0.24516805341235293,0.3007815678151433,75,39,419,0.012530223389814354,0.7815257637658525,0.7327632527386254,COMPLETE
65,0.3636139829539444,0.48986678207514034,2024-12-11 12:13:23.371611,2024-12-11 12:13:48.842288,0 days 00:00:25.470677,0.6582662295094797,0.5329160143938605,0.4964607964351407,7,23,1121,0.3636364526311624,0.4185369153461642,0.7575409338061191,COMPLETE
66,0.19894907316284502,0.6401631171124909,2024-12-11 12:13:48.842989,2024-12-11 12:13:56.827519,0 days 00:00:07.984530,0.632195113516272,0.28372368141017057,0.9962649194234265,49,27,166,2.0594194197658355,1.2311009804098036,0.6969875046599219,COMPLETE
67,0.29457419848390176,0.554812352428079,2024-12-11 12:13:56.828254,2024-12-11 12:14:30.274760,0 days 00:00:33.446506,0.6032332781587351,0.0076476936694692965,0.7396825135030825,67,21,1265,1.4094812713426916,1.4169233540264667,0.6832539969699375,COMPLETE
68,0.4514582295384465,0.44091113063057746,2024-12-11 12:14:30.275536,2024-12-11 12:14:56.164439,0 days 00:00:25.888903,0.5719438312022219,0.11533930053272487,0.15474329260134084,54,47,678,1.5997471762960764,2.243792335826245,0.7157211022932193,COMPLETE
69,0.42781790104604916,0.44936900461304835,2024-12-11 12:14:56.165160,2024-12-11 12:15:19.968920,0 days 00:00:23.803760,0.8374933139913281,0.5541702282807546,0.2363562247728937,34,25,912,0.16474557041768534,1.936795786872172,0.8035223801122043,COMPLETE
70,0.40618887953487376,0.45968942059941104,2024-12-11 12:15:19.969620,2024-12-11 12:15:50.370625,0 days 00:00:30.401005,0.6408600691677269,0.3583804672865005,0.39177173904040796,43,16,1336,1.8700922728899951,1.1571608328690368,0.8878000232018072,COMPLETE
71,0.49833111798392293,0.4205103323462124,2024-12-11 12:15:50.371345,2024-12-11 12:16:23.841451,0 days 00:00:33.470106,0.6981458496885312,0.18378632461647415,0.05673612294159444,3,23,862,0.4453204028611386,1.7013916874838348,0.7211084740042896,COMPLETE
72,0.5061759139340142,0.41744398660790294,2024-12-11 12:16:23.842177,2024-12-11 12:16:55.284685,0 days 00:00:31.442508,0.7055896834630664,0.19746039510729374,0.036516402449683016,3,3,796,0.6330750766406277,1.7748157350660794,0.7186383879491997,COMPLETE
73,0.5036720686870472,0.41825696055793776,2024-12-11 12:16:55.285388,2024-12-11 12:17:26.937033,0 days 00:00:31.651645,0.7010250396878734,0.2652287591273301,0.03712595944736909,3,3,793,0.6674871390361292,2.3295947267215995,0.7269166807837995,COMPLETE
74,0.2389039734147787,0.6237919677566846,2024-12-11 12:17:26.937736,2024-12-11 12:17:46.940859,0 days 00:00:20.003123,0.7081708289888035,0.2644798095699019,0.9490942509591322,3,3,817,0.6743621505925974,1.7820360204035197,0.7283783397954303,COMPLETE
75,0.4698978649584452,0.4452600554885975,2024-12-11 12:17:46.941562,2024-12-11 12:18:11.818320,0 days 00:00:24.876758,0.6900841686672073,2.81803033619549,0.030168058327409042,28,5,799,1.1307127990185903,2.321851749280359,0.7138565461064287,COMPLETE
76,0.2157989970476982,0.5902062797752505,2024-12-11 12:18:11.819042,2024-12-11 12:18:31.719110,0 days 00:00:19.900068,0.7491584032876404,0.1797947026318112,0.8527270374230886,39,3,715,1.0116182784930094,2.4251350367598117,0.7440048479658441,COMPLETE
77,0.28159220753442005,0.5407229152807133,2024-12-11 12:18:31.719864,2024-12-11 12:18:48.048464,0 days 00:00:16.328600,0.67775508476918,0.3460388329640217,0.6411688317153902,71,8,579,0.8026110482465008,2.0572391825601146,0.6908963557371153,COMPLETE
78,0.47093492436249207,0.4370513780852406,2024-12-11 12:18:48.049258,2024-12-11 12:19:31.302634,0 days 00:00:43.253376,0.7227366925705573,0.09053202881803908,0.07920145017076174,13,2,954,0.9290657451219912,1.6932477646489175,0.6634698771590625,COMPLETE
79,0.4245575465165376,0.4623844913815007,2024-12-11 12:19:31.303366,2024-12-11 12:19:50.239561,0 days 00:00:18.936195,0.8559156411379742,0.2143897888847036,0.5440467108076026,1,6,830,2.8861586172809615,2.1520615969190673,0.7037840272743668,COMPLETE
80,0.46229272401286303,0.4407231965865496,2024-12-11 12:19:50.240255,2024-12-11 12:20:15.673529,0 days 00:00:25.433274,0.7640521828809397,0.3294479210286665,0.1246326921849254,11,5,764,0.4805569395994639,1.8314209294105217,0.6794069225495742,COMPLETE
81,0.3856947453988563,0.4712612947287725,2024-12-11 12:20:15.674262,2024-12-11 12:20:35.326716,0 days 00:00:19.652454,0.7051733817625476,0.8397391148277545,0.5203894955236745,6,1,864,0.6123253805158665,0.03710939288042647,0.9265746987033252,COMPLETE
82,0.49166665497804046,0.42715296057047747,2024-12-11 12:20:35.327502,2024-12-11 12:20:59.849345,0 days 00:00:24.521843,0.8063908717985501,0.933404562938734,0.02501276186879037,4,8,583,2.6618597989733215,1.641718335342563,0.7269497323875165,COMPLETE
83,0.494691955636846,0.4214985030595173,2024-12-11 12:20:59.850058,2024-12-11 12:21:27.423904,0 days 00:00:27.573846,0.8175634863882213,0.4182935105657989,0.039444773762414724,3,4,693,2.527835570042869,1.927918862476773,0.7241203174003193,COMPLETE
84,0.4189517269439115,0.45606770288472126,2024-12-11 12:21:27.424621,2024-12-11 12:21:42.996641,0 days 00:00:15.572020,0.7355323009018921,2.30274509700215,0.44658793004261893,5,8,686,0.8244482426111022,1.9560957648408759,0.8164201248312363,COMPLETE
