number,values_0,values_1,datetime_start,datetime_complete,duration,params_colsample_bytree,params_gamma,params_learning_rate,params_max_depth,params_min_child_weight,params_n_estimators,params_reg_alpha,params_reg_lambda,params_subsample,state
85,0.38476849679448,0.4665393950432053,2024-12-11 12:21:42.997348,2024-12-11 12:22:06.622997,0 days 00:00:23.625649,0.8188118108641425,1.0198797120150647,0.476015759802225,9,2,1013,1.5395512084622722,1.638084479373724,0.7782169778698382,COMPLETE
86,0.49249559889083516,0.4242500821813076,2024-12-11 12:22:06.623784,2024-12-11 12:22:37.424916,0 days 00:00:30.801132,0.6839742269024319,0.42466132062163053,0.030667469818931883,3,4,945,2.4506836509360888,1.7514058234090866,0.9612908276101407,COMPLETE
87,0.33236219014594615,0.5627987622967451,2024-12-11 12:22:37.425631,2024-12-11 12:22:57.113135,0 days 00:00:19.687504,0.8041016318537623,0.41082354103861013,0.0010539564046538746,2,10,613,0.6919191808294822,0.2056604947687981,0.6519717869405314,COMPLETE
88,0.46393135086543413,0.4507212530702769,2024-12-11 12:22:57.113871,2024-12-11 12:23:23.414522,0 days 00:00:26.300651,0.7767655489033791,2.914101741470744,0.03433458424654679,48,4,942,2.4688630370243274,1.7331928414673188,0.8709770450914505,COMPLETE
89,0.42081749572581584,0.45417066632418435,2024-12-11 12:23:23.415237,2024-12-11 12:23:36.269596,0 days 00:00:12.854359,0.6864502864457387,2.207790629162046,0.36153865015624415,61,5,506,1.3121276054260895,2.4841569720578645,0.6718986855843555,COMPLETE
90,0.4728663837011234,0.43919936540844107,2024-12-11 12:23:36.270375,2024-12-11 12:23:57.645984,0 days 00:00:21.375609,0.9821868702096064,2.0612399078084422,0.0980970759023187,52,7,768,0.33225788722244126,1.8052372117973698,0.7223850650516292,COMPLETE
91,0.33351056486639374,0.5100474162747725,2024-12-11 12:23:57.646760,2024-12-11 12:24:02.331505,0 days 00:00:04.684745,0.8783094162542693,0.6832646614054285,0.5810824491010398,3,2,84,0.589929961963558,1.60425674412944,0.6313515770387227,COMPLETE
92,0.44912759579967815,0.4419355418455632,2024-12-11 12:24:02.332246,2024-12-11 12:24:28.632504,0 days 00:00:26.300258,0.8148245359193256,0.09742312380911994,0.13364865011443194,64,4,468,0.7382372097533906,1.9993000683670128,0.6097685112296926,COMPLETE
93,0.36398880146252804,0.49239487437284435,2024-12-11 12:24:28.633252,2024-12-11 12:24:45.701244,0 days 00:00:17.067992,0.9316339894105636,2.626477256101662,0.6660767698028778,7,6,722,0.458040219039131,1.8350278990918358,0.6359708629150067,COMPLETE
94,0.33564586896493676,0.5094938874111159,2024-12-11 12:24:45.701999,2024-12-11 12:25:04.904892,0 days 00:00:19.202893,0.51806095433901,0.2146395334487927,0.7574563292737424,5,9,842,0.5189068351694235,1.8976911957071587,0.9613011039462556,COMPLETE
95,0.47177967935887544,0.4381071272049639,2024-12-11 12:25:04.905661,2024-12-11 12:25:30.094208,0 days 00:00:25.188547,0.712086418039205,2.4282068673439374,0.046807924101680984,57,37,909,0.8388930459579952,1.6942872482466815,0.6477258744150043,COMPLETE
96,0.47613057148313553,0.4350856210790254,2024-12-11 12:25:30.094934,2024-12-11 12:25:54.208541,0 days 00:00:24.113607,0.6993332117419186,0.9698333807850701,0.0745218397831433,41,3,673,0.9454514065732248,2.904107296473674,0.5745263175980451,COMPLETE
97,0.48780322352765015,0.4306340870629521,2024-12-11 12:25:54.209285,2024-12-11 12:27:04.224493,0 days 00:01:10.015208,0.8522168925019671,0.3016331825732722,0.020957321625763636,35,1,785,0.3851366721904719,1.5906680567657012,0.6882167249950434,COMPLETE
98,0.4494155727368455,0.44428136196520834,2024-12-11 12:27:04.225243,2024-12-11 12:27:21.460942,0 days 00:00:17.235699,0.8840352813135797,1.730313993697952,0.19111548152517244,9,4,612,1.0842057205595284,2.6411019473373143,0.6165790179887995,COMPLETE
99,0.4808150477379297,0.42699637803745977,2024-12-11 12:27:21.461700,2024-12-11 12:27:45.018240,0 days 00:00:23.556540,0.736277344044792,1.5754419167227447,0.11371507419778465,2,7,988,0.6491784581382241,0.5925760326358446,0.7484132379704248,COMPLETE
