number,values_0,values_1,datetime_start,datetime_complete,duration,params_batch_size,params_dropout,params_lr,params_n_layers,params_neurons,state
0,0.4573458010027669,0.37435566879178206,2024-12-11 19:17:29.032240,2024-12-11 19:18:31.646610,0 days 00:01:02.614370,16,0.30000000000000004,0.0002633700371835941,3,500,COMPLETE
1,0.44759467356434185,0.3706169476377233,2024-12-11 19:18:31.647331,2024-12-11 19:19:40.894120,0 days 00:01:09.246789,128,0.2,0.00012565098239559802,3,1900,COMPLETE
2,0.42000532318842143,0.37847297426431237,2024-12-11 19:19:40.894869,2024-12-11 19:20:19.162873,0 days 00:00:38.268004,128,0.1,0.0004951234621204492,1,100,COMPLETE
3,0.4510716947737679,0.3657816328734663,2024-12-11 19:20:19.168602,2024-12-11 19:21:53.066518,0 days 00:01:33.897916,128,0.15000000000000002,0.0001795114754364181,2,100,COMPLETE
4,0.3870881227803801,0.4054259536467969,2024-12-11 19:21:53.074954,2024-12-11 19:22:26.122328,0 days 00:00:33.047374,16,0.45,0.0004713664298157085,1,300,COMPLETE
5,0.4030867300619524,0.3967234379062895,2024-12-11 19:22:26.123059,2024-12-11 19:23:01.298434,0 days 00:00:35.175375,128,0.15000000000000002,0.0005938156423496549,1,1800,COMPLETE
6,0.4353005331282942,0.3786805535554362,2024-12-11 19:23:01.304877,2024-12-11 19:23:50.884560,0 days 00:00:49.579683,16,0.05,0.0005515639501444422,1,400,COMPLETE
7,0.38378523578376406,0.42973909326212,2024-12-11 19:23:50.890057,2024-12-11 19:24:26.651313,0 days 00:00:35.761256,32,0.35000000000000003,0.0005561830567303254,3,1100,COMPLETE
8,0.44910072373215976,0.3771684283624919,2024-12-11 19:24:26.651996,2024-12-11 19:25:16.042021,0 days 00:00:49.390025,16,0.15000000000000002,0.0005474123674362733,1,500,COMPLETE
9,0.44195885468681073,0.3955373199686908,2024-12-11 19:25:16.044440,2024-12-11 19:26:10.430091,0 days 00:00:54.385651,16,0.25,0.0003993852242996349,3,1000,COMPLETE
10,0.439990818334274,0.37521956088123043,2024-12-11 19:26:10.430943,2024-12-11 19:26:46.434603,0 days 00:00:36.003660,64,0.0,0.00021438953516097957,2,1000,COMPLETE
11,0.4576874445371658,0.3647342193007695,2024-12-11 19:26:46.444764,2024-12-11 19:27:49.899853,0 days 00:01:03.455089,128,0.30000000000000004,0.0002367216415534914,2,700,COMPLETE
12,0.3770067760154549,0.4173740572678589,2024-12-11 19:27:49.900558,2024-12-11 19:28:14.204531,0 days 00:00:24.303973,128,0.5,0.0008742450093173913,2,1400,COMPLETE
13,0.44538232239302006,0.3717076091983862,2024-12-11 19:28:14.214338,2024-12-11 19:28:58.603683,0 days 00:00:44.389345,32,0.4,0.00018709702334498854,2,800,COMPLETE
14,0.44420899398325303,0.37554611122111553,2024-12-11 19:28:58.608412,2024-12-11 19:29:43.630633,0 days 00:00:45.022221,64,0.30000000000000004,0.00031336878745403076,2,1400,COMPLETE
15,0.4494368151954006,0.36643978920859566,2024-12-11 19:29:43.641422,2024-12-11 19:31:10.422417,0 days 00:01:26.780995,128,0.35000000000000003,0.00010660238155892414,2,700,COMPLETE
16,0.44591046066875856,0.37177916574004316,2024-12-11 19:31:10.431588,2024-12-11 19:32:06.436052,0 days 00:00:56.004464,128,0.25,0.0001664029479849041,2,1500,COMPLETE
17,0.3831526951266636,0.3969025269833897,2024-12-11 19:32:06.446789,2024-12-11 19:32:52.356874,0 days 00:00:45.910085,32,0.5,0.0002593409925063294,2,100,COMPLETE
18,0.4426261854014252,0.374273879270242,2024-12-11 19:32:52.360684,2024-12-11 19:34:02.399873,0 days 00:01:10.039189,64,0.4,0.0001520506807802287,3,700,COMPLETE
19,0.44791974900359355,0.3701359390661797,2024-12-11 19:34:02.400808,2024-12-11 19:34:55.002705,0 days 00:00:52.601897,128,0.30000000000000004,0.0002117268647615074,2,1200,COMPLETE
20,0.4396081160827444,0.37657038708076873,2024-12-11 19:34:55.012635,2024-12-11 19:35:54.328436,0 days 00:00:59.315801,128,0.2,0.0003760173728854051,2,1700,COMPLETE
21,0.458243085459063,0.3668267640540635,2024-12-11 19:35:54.338875,2024-12-11 19:36:55.507839,0 days 00:01:01.168964,128,0.30000000000000004,0.00025938973457220206,3,600,COMPLETE
22,0.4403934351045534,0.37088524659086797,2024-12-11 19:36:55.508637,2024-12-11 19:37:38.273361,0 days 00:00:42.764724,128,0.35000000000000003,0.00029455691182145603,3,800,COMPLETE
23,0.45623460782028913,0.3665872933060791,2024-12-11 19:37:38.274080,2024-12-11 19:38:33.211405,0 days 00:00:54.937325,128,0.25,0.00023660182386330458,2,700,COMPLETE
24,0.44328482729630714,0.3706465088374612,2024-12-11 19:38:33.220092,2024-12-11 19:39:21.728077,0 days 00:00:48.507985,64,0.4,0.00022939012381293841,2,600,COMPLETE
25,0.45913303017379514,0.3664669778995522,2024-12-11 19:39:21.737061,2024-12-11 19:40:28.091502,0 days 00:01:06.354441,32,0.2,0.00014681233599271967,3,900,COMPLETE
26,0.45383297717312265,0.3734041298370474,2024-12-11 19:40:28.091946,2024-12-11 19:41:27.943899,0 days 00:00:59.851953,32,0.2,0.0001461678799784388,3,900,COMPLETE
27,0.4468269807451201,0.3711927904726769,2024-12-11 19:41:27.957496,2024-12-11 19:42:18.862698,0 days 00:00:50.905202,32,0.1,0.00012946410565939682,3,1200,COMPLETE
28,0.45810997244190005,0.3634494695431418,2024-12-11 19:42:18.876044,2024-12-11 19:43:40.418441,0 days 00:01:21.542397,32,0.25,0.00010390882636026573,3,300,COMPLETE
29,0.4582865895710511,0.36048058096478197,2024-12-11 19:43:40.423665,2024-12-11 19:45:00.753732,0 days 00:01:20.330067,32,0.25,0.00010446734396075405,3,300,COMPLETE
30,0.45530276972145023,0.3648828525990614,2024-12-11 19:45:00.765648,2024-12-11 19:46:01.523442,0 days 00:01:00.757794,32,0.1,0.00012280877292372017,3,200,COMPLETE
31,0.45765266694320933,0.36303208151777777,2024-12-11 19:46:01.524190,2024-12-11 19:47:15.961542,0 days 00:01:14.437352,32,0.2,0.00010010796654074294,3,400,COMPLETE
32,0.46355471568747564,0.360748975641957,2024-12-11 19:47:15.962352,2024-12-11 19:48:26.054181,0 days 00:01:10.091829,32,0.2,0.00010215611380219704,3,500,COMPLETE
33,0.44699339098310736,0.37107787522305247,2024-12-11 19:48:26.054870,2024-12-11 19:49:41.458681,0 days 00:01:15.403811,32,0.2,0.0001019224262805624,3,2000,COMPLETE
34,0.4407367710650446,0.37549734747048624,2024-12-11 19:49:41.459391,2024-12-11 19:50:20.571352,0 days 00:00:39.111961,32,0.0,0.00012749702578532807,3,400,COMPLETE
35,0.46209538039735454,0.3628473592012368,2024-12-11 19:50:20.572031,2024-12-11 19:51:23.210960,0 days 00:01:02.638929,32,0.15000000000000002,0.00011563863597441501,3,500,COMPLETE
36,0.45206676966612547,0.36823660274729464,2024-12-11 19:51:23.216887,2024-12-11 19:52:21.649424,0 days 00:00:58.432537,32,0.15000000000000002,0.0001184814342557742,3,400,COMPLETE
37,0.4185166396116376,0.3827559246711864,2024-12-11 19:52:21.650329,2024-12-11 19:52:58.927838,0 days 00:00:37.277509,32,0.05,0.000101037107196809,1,500,COMPLETE
38,0.4593333980731241,0.36460249920279714,2024-12-11 19:52:58.930336,2024-12-11 19:54:13.523584,0 days 00:01:14.593248,16,0.15000000000000002,0.00012109150296336109,3,300,COMPLETE
39,0.4598323668034987,0.36567555813094205,2024-12-11 19:54:13.524335,2024-12-11 19:55:12.042302,0 days 00:00:58.517967,32,0.05,0.0001363450365684846,3,200,COMPLETE
40,0.4222501900560959,0.3854632414009013,2024-12-11 19:55:12.047765,2024-12-11 19:56:02.654258,0 days 00:00:50.606493,16,0.2,0.00011400948605257267,1,600,COMPLETE
41,0.4659993798749156,0.36076357842956536,2024-12-11 19:56:02.661224,2024-12-11 19:57:18.392054,0 days 00:01:15.730830,32,0.1,0.00014139196167250838,3,200,COMPLETE
42,0.46221756092009947,0.36124309985172587,2024-12-11 19:57:18.392852,2024-12-11 19:58:29.152816,0 days 00:01:10.759964,32,0.1,0.00018797014893359498,3,100,COMPLETE
43,0.416638024994709,0.3805967360976552,2024-12-11 19:58:29.161382,2024-12-11 19:59:27.550838,0 days 00:00:58.389456,64,0.1,0.00016779315911182415,1,100,COMPLETE
44,0.45211207558029554,0.3675524854795057,2024-12-11 19:59:27.556490,2024-12-11 20:00:25.287793,0 days 00:00:57.731303,32,0.05,0.00018718834725615232,3,200,COMPLETE
45,0.4989120608893969,0.34064323549931097,2024-12-11 20:00:25.288646,2024-12-11 20:02:22.396159,0 days 00:01:57.107513,16,0.0,0.0007766194356874464,3,100,COMPLETE
46,0.47819923537670694,0.34726460933170855,2024-12-11 20:02:22.396919,2024-12-11 20:03:56.002778,0 days 00:01:33.605859,16,0.0,0.0009200179618012465,3,100,COMPLETE
47,0.4263346515898091,0.38038243025061247,2024-12-11 20:03:56.003748,2024-12-11 20:04:31.496268,0 days 00:00:35.492520,16,0.0,0.0009032508776539203,1,200,COMPLETE
48,0.4947760393104626,0.34115385704917933,2024-12-11 20:04:31.498781,2024-12-11 20:05:51.045910,0 days 00:01:19.547129,16,0.0,0.0007586666665751005,3,1700,COMPLETE
49,0.49897352945760937,0.3418761348856232,2024-12-11 20:05:51.046667,2024-12-11 20:07:17.909245,0 days 00:01:26.862578,16,0.0,0.0007481807290239379,3,1600,COMPLETE
50,0.5074409018405379,0.33309488889914485,2024-12-11 20:07:17.910311,2024-12-11 20:08:53.013067,0 days 00:01:35.102756,16,0.0,0.000734673428856908,3,1700,COMPLETE
51,0.49677127275280003,0.34048021345677915,2024-12-11 20:08:53.014112,2024-12-11 20:10:28.061284,0 days 00:01:35.047172,16,0.0,0.0007140251471532393,3,1700,COMPLETE
52,0.4316500423918693,0.3827786621117423,2024-12-11 20:10:28.062026,2024-12-11 20:11:17.782034,0 days 00:00:49.720008,16,0.0,0.0007125408334008273,1,1700,COMPLETE
53,0.48316448969359965,0.3427485991880988,2024-12-11 20:11:17.785181,2024-12-11 20:12:56.607634,0 days 00:01:38.822453,16,0.0,0.0009967064746426216,3,1800,COMPLETE
54,0.4942856412855662,0.3442357922735743,2024-12-11 20:12:56.608395,2024-12-11 20:14:31.662800,0 days 00:01:35.054405,16,0.05,0.0006600177632550233,3,1600,COMPLETE
55,0.4987040842169031,0.34211846478827035,2024-12-11 20:14:31.677365,2024-12-11 20:16:36.383923,0 days 00:02:04.706558,16,0.05,0.0006798442520762964,3,1600,COMPLETE
56,0.2576654620355362,0.6339476936506347,2024-12-11 20:16:36.384849,2024-12-11 20:17:15.086451,0 days 00:00:38.701602,16,0.45,0.0007745961905506596,2,1900,COMPLETE
57,0.5073759705204375,0.34452151066949765,2024-12-11 20:17:15.087251,2024-12-11 20:19:01.055868,0 days 00:01:45.968617,16,0.05,0.0004972072218702357,3,1500,COMPLETE
58,0.41960362419652625,0.3849689665341784,2024-12-11 20:19:01.056527,2024-12-11 20:19:43.965233,0 days 00:00:42.908706,16,0.05,0.0005136704503379855,1,1500,COMPLETE
59,0.49901014281884876,0.34240496198235615,2024-12-11 20:19:43.968766,2024-12-11 20:21:35.001363,0 days 00:01:51.032597,16,0.0,0.000619346277064391,2,1400,COMPLETE
60,0.4664992181238592,0.36307922749641,2024-12-11 20:21:35.001903,2024-12-11 20:22:37.841451,0 days 00:01:02.839548,64,0.0,0.0006267395366141833,3,1300,COMPLETE
61,0.4971180912424639,0.3465526155597895,2024-12-11 20:22:37.841961,2024-12-11 20:24:55.046504,0 days 00:02:17.204543,16,0.05,0.0005636229361300779,2,1800,COMPLETE
62,0.31956963793386395,0.508552014220831,2024-12-11 20:24:55.057183,2024-12-11 20:25:41.978995,0 days 00:00:46.921812,16,0.45,0.00045357405502064835,3,1600,COMPLETE
63,0.4832274494696517,0.34472241980278584,2024-12-11 20:25:41.979801,2024-12-11 20:27:19.258773,0 days 00:01:37.278972,16,0.05,0.000817683077729979,3,1900,COMPLETE
64,0.4981406759308216,0.3418898496249311,2024-12-11 20:27:19.259586,2024-12-11 20:29:38.190597,0 days 00:02:18.931011,16,0.0,0.000671174516087149,2,1600,COMPLETE
65,0.3743779694120566,0.47356085848431295,2024-12-11 20:29:38.196461,2024-12-11 20:30:13.561386,0 days 00:00:35.364925,64,0.5,0.0006070623898310505,3,1500,COMPLETE
66,0.4342311163492217,0.38102766178993636,2024-12-11 20:30:13.562062,2024-12-11 20:31:01.105317,0 days 00:00:47.543255,16,0.0,0.0007146000702484919,1,2000,COMPLETE
67,0.4953279152588059,0.34403624178966846,2024-12-11 20:31:01.106162,2024-12-11 20:33:07.822293,0 days 00:02:06.716131,16,0.05,0.0004248465414139139,3,1400,COMPLETE
68,0.43846560063918555,0.3812705786887872,2024-12-11 20:33:07.829861,2024-12-11 20:33:57.506385,0 days 00:00:49.676524,64,0.0,0.0005224280831852219,2,1800,COMPLETE
69,0.4131199208697186,0.3923410815104499,2024-12-11 20:33:57.507086,2024-12-11 20:34:39.781149,0 days 00:00:42.274063,128,0.45,0.00037820931606297366,3,1700,COMPLETE
70,0.34787131230675483,0.47009267920556547,2024-12-11 20:34:39.795127,2024-12-11 20:35:24.484296,0 days 00:00:44.689169,16,0.35000000000000003,0.0005774703517321533,3,1600,COMPLETE
71,0.4895412107416172,0.3494282427332844,2024-12-11 20:35:24.485312,2024-12-11 20:37:09.592878,0 days 00:01:45.107566,16,0.0,0.00029177108915888933,3,1700,COMPLETE
72,0.49887173674579105,0.3414455664289685,2024-12-11 20:37:09.593892,2024-12-11 20:39:33.572211,0 days 00:02:23.978319,16,0.0,0.00033562493812789034,3,1100,COMPLETE
73,0.3346300328276611,0.5834640101537932,2024-12-11 20:39:33.579659,2024-12-11 20:40:20.306858,0 days 00:00:46.727199,16,0.4,0.0007742163919570908,3,1100,COMPLETE
74,0.43507078250548653,0.37653342764326125,2024-12-11 20:40:20.314055,2024-12-11 20:41:10.658155,0 days 00:00:50.344100,128,0.0,0.00031831543027310524,3,1900,COMPLETE
75,0.44081936363574703,0.37598800010793293,2024-12-11 20:41:10.665576,2024-12-11 20:41:48.846880,0 days 00:00:38.181304,64,0.0,0.00047242483689036223,2,1400,COMPLETE
76,0.49305851330702594,0.3432395801669027,2024-12-11 20:41:48.857316,2024-12-11 20:43:29.689231,0 days 00:01:40.831915,16,0.05,0.0006071892202596816,3,1800,COMPLETE
77,0.40910162711565734,0.4068730560468494,2024-12-11 20:43:29.690056,2024-12-11 20:44:17.315621,0 days 00:00:47.625565,16,0.5,0.0008400368148778622,1,1700,COMPLETE
78,0.43778318762570284,0.37402716229832067,2024-12-11 20:44:17.316536,2024-12-11 20:45:02.846771,0 days 00:00:45.530235,128,0.0,0.0002009437255351066,3,1500,COMPLETE
79,0.3788709487150896,0.509421999153124,2024-12-11 20:45:02.847715,2024-12-11 20:45:58.860808,0 days 00:00:56.013093,16,0.35000000000000003,0.0005529578067933944,3,2000,COMPLETE
80,0.4334753763283617,0.3808980502640762,2024-12-11 20:45:58.861841,2024-12-11 20:46:37.942287,0 days 00:00:39.080446,64,0.30000000000000004,0.0003411862248511409,2,1300,COMPLETE
81,0.48702581923171673,0.3516317866803001,2024-12-11 20:46:37.943095,2024-12-11 20:48:36.248347,0 days 00:01:58.305252,16,0.05,0.00024678871284069463,3,1700,COMPLETE
82,0.4809156255305359,0.35074791016953943,2024-12-11 20:48:36.254868,2024-12-11 20:51:26.113180,0 days 00:02:49.858312,16,0.0,0.00015496416152485575,3,1600,COMPLETE
83,0.5032471227300606,0.3434069099699478,2024-12-11 20:51:26.128319,2024-12-11 20:52:50.294501,0 days 00:01:24.166182,16,0.05,0.0004995243322767914,3,1000,COMPLETE
84,0.41008222902325403,0.3865421797128271,2024-12-11 20:52:50.308564,2024-12-11 20:53:22.516150,0 days 00:00:32.207586,128,0.0,0.00023115529624607352,1,1800,COMPLETE
85,0.4952866505449842,0.3443305406437413,2024-12-11 20:53:22.522882,2024-12-11 20:55:48.669946,0 days 00:02:26.147064,16,0.05,0.0002693369902480721,3,900,COMPLETE
86,0.48865820816066624,0.3531369539561525,2024-12-11 20:55:48.671068,2024-12-11 20:57:10.626593,0 days 00:01:21.955525,16,0.1,0.0007485014159756481,3,1900,COMPLETE
87,0.4798354675698614,0.35416733595287614,2024-12-11 20:57:10.634479,2024-12-11 20:58:15.397585,0 days 00:01:04.763106,64,0.0,0.0008244777177383948,3,800,COMPLETE
88,0.431503509938708,0.3837534415706213,2024-12-11 20:58:15.404456,2024-12-11 20:59:13.151847,0 days 00:00:57.747391,16,0.30000000000000004,0.0001313008674550025,1,1000,COMPLETE
89,0.4395073287704022,0.38018127888170616,2024-12-11 20:59:13.155106,2024-12-11 21:00:00.638112,0 days 00:00:47.483006,128,0.25,0.0006538191142256679,3,1700,COMPLETE
90,0.44026927165298346,0.3755627214509283,2024-12-11 21:00:00.652084,2024-12-11 21:00:58.234928,0 days 00:00:57.582844,16,0.4,0.0001081386028309933,2,1100,COMPLETE
91,0.4968675674085127,0.33921488115434417,2024-12-11 21:00:58.235830,2024-12-11 21:02:13.333545,0 days 00:01:15.097715,16,0.0,0.0006979533302194762,3,1500,COMPLETE
92,0.500259113349007,0.3400141867619316,2024-12-11 21:02:13.334709,2024-12-11 21:04:02.088281,0 days 00:01:48.753572,16,0.0,0.0007040964620954404,2,1600,COMPLETE
93,0.5019674962440167,0.338729795583284,2024-12-11 21:04:02.093710,2024-12-11 21:05:46.439433,0 days 00:01:44.345723,16,0.0,0.0006216499938105112,3,1500,COMPLETE
94,0.4754464311075878,0.368678446441768,2024-12-11 21:05:46.440431,2024-12-11 21:07:04.442907,0 days 00:01:18.002476,64,0.15000000000000002,0.0006362909418663161,3,1800,COMPLETE
95,0.5030975911802724,0.3378688358690851,2024-12-11 21:07:04.444085,2024-12-11 21:08:37.742822,0 days 00:01:33.298737,16,0.0,0.0009800432654445222,3,1500,COMPLETE
96,0.4101191113730711,0.3889738402366823,2024-12-11 21:08:37.743981,2024-12-11 21:09:05.694682,0 days 00:00:27.950701,128,0.05,0.0007061585284425342,1,1500,COMPLETE
97,0.4634421359535089,0.3689008496232901,2024-12-11 21:09:05.701230,2024-12-11 21:10:21.827865,0 days 00:01:16.126635,16,0.1,0.00022406650877815538,2,1800,COMPLETE
98,0.4693918344200645,0.3604297450618087,2024-12-11 21:10:21.829170,2024-12-11 21:11:42.757462,0 days 00:01:20.928292,16,0.0,0.0001742591643790844,3,1300,COMPLETE
99,0.5019029171929678,0.3413029974416296,2024-12-11 21:11:42.758498,2024-12-11 21:13:06.170863,0 days 00:01:23.412365,16,0.05,0.0005821506095002421,3,1400,COMPLETE
