number,values_0,values_1,datetime_start,datetime_complete,duration,params_amount_heads,params_attn_dropout,params_batch_size,params_dropout,params_encoder_output_dim,params_ff_dropout,params_head_dim,params_layer_norm,params_lr,params_n_layers,params_neurons,params_transformer_depth,state
0,0.41319823265075684,0.372100830078125,2025-01-19 15:03:47.507326,2025-01-19 15:30:46.739607,0 days 00:26:59.232281,2,0.45,128,0.25,273,0.30000000000000004,103,0,0.0004298244070774018,1,1600,5,COMPLETE
1,0.38544145226478577,0.38922733068466187,2025-01-19 15:30:46.740331,2025-01-19 15:41:11.997114,0 days 00:10:25.256783,5,0.15000000000000002,16,0.15000000000000002,238,0.1,48,0,0.00044852344703552214,3,900,3,COMPLETE
2,-0.00016400814638473094,0.5374122858047485,2025-01-19 15:41:11.997940,2025-01-19 15:43:42.925397,0 days 00:02:30.927457,3,0.1,32,0.45,191,0.2,44,1,0.0023322092684081603,2,1800,3,COMPLETE
3,0.010395574383437634,0.5357515215873718,2025-01-19 15:43:42.926254,2025-01-19 15:53:09.978172,0 days 00:09:27.051918,5,0.2,16,0.25,269,0.0,105,1,0.0014065469919119404,1,1400,4,COMPLETE
4,0.3698039650917053,0.38462868332862854,2025-01-19 15:53:09.979183,2025-01-19 16:03:47.382462,0 days 00:10:37.403279,2,0.30000000000000004,16,0.4,248,0.0,114,0,0.0017817748422750868,1,700,4,COMPLETE
5,0.4181177616119385,0.3657364845275879,2025-01-19 16:03:47.383451,2025-01-19 16:15:42.609377,0 days 00:11:55.225926,5,0.2,32,0.35000000000000003,158,0.2,65,1,0.00012811822782540674,2,1300,3,COMPLETE
6,-0.000465822231490165,0.5376409292221069,2025-01-19 16:15:42.610474,2025-01-19 16:18:51.130593,0 days 00:03:08.520119,5,0.05,16,0.1,173,0.4,48,1,0.0036945968376715208,2,1200,2,COMPLETE
7,0.41965317726135254,0.37119218707084656,2025-01-19 16:18:51.131405,2025-01-19 16:34:49.100331,0 days 00:15:57.968926,3,0.2,64,0.30000000000000004,172,0.35000000000000003,58,0,0.0011356937518640611,1,100,5,COMPLETE
8,0.4200304448604584,0.36223384737968445,2025-01-19 16:34:49.101128,2025-01-19 16:45:57.468432,0 days 00:11:08.367304,2,0.05,32,0.35000000000000003,139,0.45,70,0,0.00014932847877708322,3,1900,5,COMPLETE
9,0.4476292133331299,0.35159868001937866,2025-01-19 16:45:57.469594,2025-01-19 16:53:43.125267,0 days 00:07:45.655673,2,0.1,32,0.5,153,0.30000000000000004,123,0,0.0003725394910450448,1,1100,2,COMPLETE
10,0.3867131769657135,0.37977200746536255,2025-01-19 16:53:43.126101,2025-01-19 17:00:08.098804,0 days 00:06:24.972703,4,0.35000000000000003,64,0.5,130,0.5,88,0,0.005426323517159853,1,500,2,COMPLETE
11,0.42471393942832947,0.36306822299957275,2025-01-19 17:00:08.099694,2025-01-19 17:08:08.078794,0 days 00:07:59.979100,2,0.0,32,0.5,213,0.5,126,0,0.00043831978720536443,3,200,2,COMPLETE
12,0.013535392470657825,0.5345147848129272,2025-01-19 17:08:08.079630,2025-01-19 17:12:46.543988,0 days 00:04:38.464358,3,0.45,32,0.05,209,0.25,127,0,0.007357800909710745,2,800,2,COMPLETE
13,0.39518147706985474,0.3755587935447693,2025-01-19 17:12:46.545035,2025-01-19 17:26:01.722443,0 days 00:13:15.177408,2,0.0,128,0.5,297,0.1,83,0,0.0005622754672474905,2,300,2,COMPLETE
14,0.4447254240512848,0.3510945439338684,2025-01-19 17:26:01.723260,2025-01-19 17:38:34.709209,0 days 00:12:32.985949,4,0.35000000000000003,32,0.0,215,0.35000000000000003,127,0,0.00020490541495254522,3,1100,2,COMPLETE
15,0.3951660990715027,0.3816359043121338,2025-01-19 17:38:34.710192,2025-01-19 17:49:42.424147,0 days 00:11:07.713955,4,0.35000000000000003,32,0.0,192,0.35000000000000003,97,1,0.00021439924288194206,1,1100,3,COMPLETE
16,0.4094540476799011,0.3769039511680603,2025-01-19 17:49:42.425304,2025-01-19 17:57:17.668142,0 days 00:07:35.242838,4,0.1,32,0.2,154,0.25,115,0,0.000251693919027755,2,1500,2,COMPLETE
17,0.39195775985717773,0.3835030496120453,2025-01-19 17:57:17.668944,2025-01-19 18:13:01.360439,0 days 00:15:43.691495,3,0.5,128,0.4,239,0.35000000000000003,32,0,0.0008383992376018909,3,1000,4,COMPLETE
18,0.3879217505455017,0.3752826750278473,2025-01-19 18:13:01.361313,2025-01-19 18:26:48.620861,0 days 00:13:47.259548,4,0.30000000000000004,64,0.15000000000000002,199,0.15000000000000002,92,1,0.0001067975137054326,1,500,3,COMPLETE
19,0.032510578632354736,0.5266143083572388,2025-01-19 18:26:48.621673,2025-01-19 18:33:56.454807,0 days 00:07:07.833134,3,0.15000000000000002,32,0.0,170,0.4,75,0,0.009958958231129966,2,1700,2,COMPLETE
20,0.4129219651222229,0.3691781759262085,2025-01-19 18:33:56.455679,2025-01-19 18:44:28.907476,0 days 00:10:32.451797,2,0.25,32,0.30000000000000004,227,0.30000000000000004,116,0,0.0007900588884283506,1,1200,3,COMPLETE
21,0.41811761260032654,0.3706304430961609,2025-01-19 18:44:28.908460,2025-01-19 18:51:33.806558,0 days 00:07:04.898098,2,0.0,32,0.45,221,0.30000000000000004,127,0,0.00028321489114459996,3,700,2,COMPLETE
22,0.40638646483421326,0.37441301345825195,2025-01-19 18:51:33.807527,2025-01-19 18:57:22.287897,0 days 00:05:48.480370,2,0.4,32,0.5,147,0.5,121,0,0.00032408028307087455,3,2000,2,COMPLETE
23,0.4202525019645691,0.36502841114997864,2025-01-19 18:57:22.288754,2025-01-19 19:06:01.829474,0 days 00:08:39.540720,2,0.1,64,0.45,187,0.2,106,0,0.00017372701127778807,2,1000,2,COMPLETE
24,0.23720748722553253,0.44638580083847046,2025-01-19 19:06:01.830424,2025-01-19 19:18:43.567188,0 days 00:12:41.736764,3,0.25,128,0.4,210,0.4,81,1,0.0001930459218270297,3,1400,3,COMPLETE
25,0.4095993936061859,0.37173235416412354,2025-01-19 19:18:43.568053,2025-01-19 19:33:02.381764,0 days 00:14:18.813711,2,0.05,32,0.5,260,0.30000000000000004,98,0,0.0005361620399751083,1,1100,4,COMPLETE
26,0.41737961769104004,0.3629806935787201,2025-01-19 19:33:02.382792,2025-01-19 19:39:45.209988,0 days 00:06:42.827196,3,0.15000000000000002,32,0.45,130,0.45,59,0,0.0003363950395048005,2,600,2,COMPLETE
27,0.41294240951538086,0.3733472228050232,2025-01-19 19:39:45.210875,2025-01-19 19:59:46.075287,0 days 00:20:00.864412,4,0.30000000000000004,64,0.35000000000000003,292,0.1,110,0,0.00010227425379098613,1,900,2,COMPLETE
28,0.3523111343383789,0.39491233229637146,2025-01-19 19:59:46.076160,2025-01-19 20:11:06.109690,0 days 00:11:20.033530,2,0.0,128,0.5,165,0.25,121,1,0.0006949700724097589,3,1300,3,COMPLETE
29,0.42799752950668335,0.36577120423316956,2025-01-19 20:11:06.110549,2025-01-19 20:25:21.621484,0 days 00:14:15.510935,2,0.5,16,0.4,184,0.15000000000000002,102,0,0.0003592228224690941,1,1600,5,COMPLETE
30,0.3976179361343384,0.37830421328544617,2025-01-19 20:25:21.622610,2025-01-19 20:34:27.803750,0 days 00:09:06.181140,3,0.25,32,0.25,286,0.30000000000000004,90,0,0.00044090369099494223,2,300,2,COMPLETE
31,0.433098703622818,0.3605695366859436,2025-01-19 20:34:27.804556,2025-01-19 20:50:12.051094,0 days 00:15:44.246538,2,0.5,32,0.45,182,0.35000000000000003,122,0,0.00031209456904478765,1,1600,5,COMPLETE
32,0.44468021392822266,0.3529898524284363,2025-01-19 20:50:12.052166,2025-01-19 20:58:03.012024,0 days 00:07:50.959858,2,0.45,32,0.45,142,0.35000000000000003,122,0,0.00027443069278193754,1,1700,2,COMPLETE
33,0.4060854911804199,0.37503787875175476,2025-01-19 20:58:03.012904,2025-01-19 21:03:49.675746,0 days 00:05:46.662842,2,0.35000000000000003,128,0.45,148,0.35000000000000003,120,0,0.000996580416616346,1,900,2,COMPLETE
34,0.4029863476753235,0.3758482038974762,2025-01-19 21:03:49.676623,2025-01-19 21:13:25.407044,0 days 00:09:35.730421,5,0.4,16,0.15000000000000002,141,0.25,109,0,0.0002653397968855071,1,1500,3,COMPLETE
35,0.14737078547477722,0.4768124520778656,2025-01-19 21:13:25.408164,2025-01-19 21:17:15.325652,0 days 00:03:49.917488,2,0.15000000000000002,32,0.05,161,0.15000000000000002,121,1,0.002111632606934871,1,1200,2,COMPLETE
36,0.3315901756286621,0.40806180238723755,2025-01-19 21:17:15.326513,2025-01-19 21:26:53.448091,0 days 00:09:38.121578,4,0.2,16,0.2,182,0.05,112,0,0.0013499783090661593,1,800,4,COMPLETE
37,0.39628732204437256,0.37374696135520935,2025-01-19 21:26:53.449280,2025-01-19 21:36:13.920531,0 days 00:09:20.471251,3,0.1,32,0.45,198,0.2,32,1,0.00022113278491559823,1,1300,3,COMPLETE
38,0.4222627282142639,0.36691543459892273,2025-01-19 21:36:13.921420,2025-01-19 21:59:13.484890,0 days 00:22:59.563470,5,0.05,32,0.4,253,0.4,40,0,0.00013956157499259332,1,1700,5,COMPLETE
39,0.4134064316749573,0.3664967119693756,2025-01-19 21:59:13.485874,2025-01-19 22:05:49.424277,0 days 00:06:35.938403,2,0.30000000000000004,16,0.1,177,0.45,128,0,0.0005572505968886799,1,900,2,COMPLETE
40,0.3872133791446686,0.3815837800502777,2025-01-19 22:05:49.425290,2025-01-19 22:13:42.439026,0 days 00:07:53.013736,5,0.1,64,0.35000000000000003,152,0.35000000000000003,117,1,0.0034094288572063067,1,1400,2,COMPLETE
41,0.4334232211112976,0.3651667833328247,2025-01-19 22:13:42.440130,2025-01-19 22:20:34.209303,0 days 00:06:51.769173,2,0.2,32,0.5,140,0.30000000000000004,123,0,0.0004242747425968563,1,300,2,COMPLETE
42,0.41981202363967896,0.3686947226524353,2025-01-19 22:20:34.210283,2025-01-19 22:36:35.283495,0 days 00:16:01.073212,2,0.2,32,0.5,275,0.30000000000000004,120,0,0.00039286621242559026,1,1100,4,COMPLETE
43,0.34597933292388916,0.40282315015792847,2025-01-19 22:36:35.284517,2025-01-19 22:40:49.362081,0 days 00:04:14.077564,2,0.05,32,0.45,141,0.0,124,0,0.0017086575651044497,1,1200,2,COMPLETE
44,0.4167613983154297,0.36674976348876953,2025-01-19 22:40:49.362807,2025-01-19 22:58:53.785441,0 days 00:18:04.422634,2,0.15000000000000002,128,0.5,165,0.25,104,0,0.00015519124254987794,2,800,5,COMPLETE
45,0.43661028146743774,0.35544559359550476,2025-01-19 22:58:53.786404,2025-01-19 23:06:11.556502,0 days 00:07:17.770098,3,0.45,32,0.1,129,0.30000000000000004,52,0,0.00019540162415473017,1,500,2,COMPLETE
46,0.38639378547668457,0.3882870078086853,2025-01-19 23:06:11.557382,2025-01-19 23:14:00.656010,0 days 00:07:49.098628,4,0.45,16,0.05,129,0.35000000000000003,62,0,0.0011110120513267397,3,1000,3,COMPLETE
47,0.3949996531009674,0.37944796681404114,2025-01-19 23:14:00.656988,2025-01-19 23:24:24.219394,0 days 00:10:23.562406,3,0.4,64,0.1,202,0.2,113,1,0.00018264329682413468,1,1300,2,COMPLETE
48,0.41842252016067505,0.3731117248535156,2025-01-19 23:24:24.220261,2025-01-19 23:32:32.644520,0 days 00:08:08.424259,3,0.35000000000000003,32,0.30000000000000004,227,0.25,53,0,0.00023238929511026953,2,600,2,COMPLETE
49,0.4348633885383606,0.36339324712753296,2025-01-19 23:32:32.645308,2025-01-19 23:45:26.617072,0 days 00:12:53.971764,4,0.45,32,0.2,177,0.4,68,0,0.00012334282795369573,1,1800,3,COMPLETE
50,0.4098508954048157,0.37087273597717285,2025-01-19 23:45:26.617965,2025-01-19 23:56:36.052251,0 days 00:11:09.434286,5,0.30000000000000004,128,0.0,157,0.35000000000000003,117,1,0.0002851269987716062,2,100,2,COMPLETE
51,0.4207143187522888,0.3627893328666687,2025-01-19 23:56:36.053107,2025-01-20 00:04:45.076962,0 days 00:08:09.023855,4,0.15000000000000002,32,0.45,177,0.4,70,0,0.0001361305816366203,1,1100,2,COMPLETE
52,0.4155732989311218,0.3675984740257263,2025-01-20 00:04:45.077794,2025-01-20 00:16:41.300775,0 days 00:11:56.222981,2,0.25,32,0.2,236,0.05,128,0,0.0006445710035901093,1,1900,4,COMPLETE
53,0.41407567262649536,0.3646138310432434,2025-01-20 00:16:41.301775,2025-01-20 00:23:27.384511,0 days 00:06:46.082736,2,0.0,32,0.4,135,0.30000000000000004,109,0,0.0005047810022184824,3,1200,2,COMPLETE
54,0.4194776117801666,0.3663749098777771,2025-01-20 00:23:27.385397,2025-01-20 00:28:28.450707,0 days 00:05:01.065310,2,0.45,64,0.5,148,0.30000000000000004,124,0,0.0008830167851888724,1,1000,2,COMPLETE
55,0.42162570357322693,0.3638712763786316,2025-01-20 00:28:28.451587,2025-01-20 00:39:27.627891,0 days 00:10:59.176304,4,0.1,32,0.25,168,0.35000000000000003,86,0,0.0006978586898788235,2,1500,3,COMPLETE
56,0.39902597665786743,0.3744155466556549,2025-01-20 00:39:27.628780,2025-01-20 00:45:57.382237,0 days 00:06:29.753457,2,0.05,32,0.5,192,0.35000000000000003,75,0,0.002775589706964406,1,900,3,COMPLETE
57,0.4195006787776947,0.3703230917453766,2025-01-20 00:45:57.384495,2025-01-20 01:14:36.719400,0 days 00:28:39.334905,3,0.2,16,0.0,218,0.2,116,1,0.00012302327801767555,3,500,5,COMPLETE
58,0.43213051557540894,0.3605005741119385,2025-01-20 01:14:36.720470,2025-01-20 01:22:09.862374,0 days 00:07:33.141904,2,0.5,32,0.45,159,0.4,95,0,0.000314585601652953,1,700,2,COMPLETE
59,0.41679686307907104,0.3732231557369232,2025-01-20 01:22:09.863233,2025-01-20 01:37:51.459911,0 days 00:15:41.596678,4,0.25,128,0.05,269,0.25,125,0,0.00039224746869836633,3,1400,2,COMPLETE
60,0.29187479615211487,0.4222624897956848,2025-01-20 01:37:51.460893,2025-01-20 01:43:25.936935,0 days 00:05:34.476042,2,0.4,64,0.35000000000000003,242,0.30000000000000004,43,0,0.004499472284733515,1,1100,2,COMPLETE
61,0.4402971863746643,0.3589666783809662,2025-01-20 01:43:25.937751,2025-01-20 01:51:09.966859,0 days 00:07:44.029108,2,0.0,32,0.45,161,0.4,118,0,0.00021152495789890187,1,700,2,COMPLETE
62,0.43610429763793945,0.36210259795188904,2025-01-20 01:51:09.967698,2025-01-20 02:08:05.850481,0 days 00:16:55.882783,5,0.0,32,0.45,153,0.30000000000000004,119,0,0.0004772012970398613,1,1000,4,COMPLETE
63,0.42353183031082153,0.3676489293575287,2025-01-20 02:08:05.851395,2025-01-20 02:17:02.078083,0 days 00:08:56.226688,5,0.0,32,0.45,161,0.45,118,0,0.00048391387217368065,2,400,2,COMPLETE
64,0.42181792855262756,0.366330087184906,2025-01-20 02:17:02.078922,2025-01-20 02:25:29.818306,0 days 00:08:27.739384,2,0.1,32,0.15000000000000002,155,0.30000000000000004,96,1,0.0002462123898904534,1,700,2,COMPLETE
65,0.1431141197681427,0.48119020462036133,2025-01-20 02:25:29.819067,2025-01-20 02:29:06.399427,0 days 00:03:36.580360,2,0.35000000000000003,32,0.5,135,0.5,76,0,0.0063834619485445485,3,1000,2,COMPLETE
66,0.4238976538181305,0.3661910891532898,2025-01-20 02:29:06.400401,2025-01-20 02:42:51.000265,0 days 00:13:44.599864,3,0.30000000000000004,128,0.5,148,0.25,125,0,0.0003409631442812204,1,1200,4,COMPLETE
67,0.06273983418941498,0.5111576914787292,2025-01-20 02:42:51.001192,2025-01-20 02:49:51.242286,0 days 00:07:00.241094,2,0.05,16,0.45,231,0.0,113,0,0.008164950268891576,1,1400,2,COMPLETE
68,0.4148111343383789,0.3654206395149231,2025-01-20 02:49:51.243346,2025-01-20 02:58:40.362939,0 days 00:08:49.119593,2,0.15000000000000002,64,0.25,203,0.25,119,1,0.00030013788110447114,2,700,2,COMPLETE
69,0.41337066888809204,0.3722023367881775,2025-01-20 02:58:40.363690,2025-01-20 03:14:03.439933,0 days 00:15:23.076243,5,0.2,32,0.5,283,0.05,106,0,0.00016374313729162712,1,1300,2,COMPLETE
70,0.4254094958305359,0.3616083562374115,2025-01-20 03:14:03.440769,2025-01-20 03:37:55.911118,0 days 00:23:52.470349,2,0.0,32,0.30000000000000004,299,0.15000000000000002,54,0,0.00020264304279710312,3,800,5,COMPLETE
71,0.44169268012046814,0.36199647188186646,2025-01-20 03:37:55.912092,2025-01-20 03:47:47.761814,0 days 00:09:51.849722,2,0.5,32,0.1,260,0.35000000000000003,122,0,0.00030436861721300397,1,2000,2,COMPLETE
72,0.4269656240940094,0.3681488633155823,2025-01-20 03:47:47.762671,2025-01-20 03:54:12.468977,0 days 00:06:24.706306,3,0.25,32,0.1,152,0.1,101,0,0.0002687551421647044,1,1000,2,COMPLETE
73,0.41569000482559204,0.37059181928634644,2025-01-20 03:54:12.469875,2025-01-20 04:03:42.022082,0 days 00:09:29.552207,2,0.1,32,0.5,161,0.30000000000000004,36,1,0.0003732631787797967,1,900,4,COMPLETE
74,0.38254839181900024,0.3844930827617645,2025-01-20 04:03:42.023130,2025-01-20 04:10:12.313108,0 days 00:06:30.289978,2,0.15000000000000002,16,0.4,248,0.35000000000000003,128,0,0.000463404393534952,2,200,2,COMPLETE
75,0.4229465425014496,0.36518651247024536,2025-01-20 04:10:12.314026,2025-01-20 04:21:21.633308,0 days 00:11:09.319282,5,0.05,128,0.45,145,0.30000000000000004,122,0,0.00021025610139714155,3,2000,2,COMPLETE
76,0.4224754869937897,0.3696195185184479,2025-01-20 04:21:21.634206,2025-01-20 04:28:29.964185,0 days 00:07:08.329979,2,0.35000000000000003,32,0.05,259,0.4,50,0,0.0005977893145744331,1,1200,2,COMPLETE
77,0.4213184416294098,0.36197349429130554,2025-01-20 04:28:29.965058,2025-01-20 04:41:01.044602,0 days 00:12:31.079544,3,0.30000000000000004,64,0.15000000000000002,166,0.35000000000000003,115,1,0.0003147785769845275,1,1100,3,COMPLETE
78,0.41100698709487915,0.37145620584487915,2025-01-20 04:41:01.045449,2025-01-20 04:47:59.528046,0 days 00:06:58.482597,2,0.5,32,0.5,144,0.25,126,0,0.00017847838074826902,1,1100,2,COMPLETE
79,0.43415528535842896,0.36060643196105957,2025-01-20 04:47:59.529091,2025-01-20 04:56:03.542534,0 days 00:08:04.013443,2,0.4,32,0.45,173,0.30000000000000004,119,0,0.00042783540775061176,2,600,2,COMPLETE
80,0.334391713142395,0.4051181375980377,2025-01-20 04:56:03.543422,2025-01-20 05:03:14.917201,0 days 00:07:11.373779,4,0.2,16,0.0,135,0.2,111,0,0.0015078281362101858,1,1500,3,COMPLETE
81,0.3206222653388977,0.4149937629699707,2025-01-20 05:03:14.918090,2025-01-20 05:07:32.714420,0 days 00:04:17.796330,2,0.25,32,0.5,152,0.30000000000000004,123,0,0.002178580687979956,3,1200,2,COMPLETE
82,0.4462865889072418,0.36114197969436646,2025-01-20 05:07:32.715359,2025-01-20 05:21:27.946194,0 days 00:13:55.230835,2,0.1,32,0.45,159,0.25,119,0,0.00041999750317224223,1,1000,5,COMPLETE
83,0.4367815852165222,0.3628687858581543,2025-01-20 05:21:27.947310,2025-01-20 05:29:40.503956,0 days 00:08:12.556646,4,0.1,32,0.05,160,0.35000000000000003,126,0,0.0005351887825832972,3,1700,2,COMPLETE
84,0.42591992020606995,0.36282631754875183,2025-01-20 05:29:40.504580,2025-01-20 05:39:37.813905,0 days 00:09:57.309325,5,0.15000000000000002,32,0.0,172,0.4,122,0,0.00024248012451109476,2,1300,2,COMPLETE
85,0.42600518465042114,0.36057648062705994,2025-01-20 05:39:37.814778,2025-01-20 06:04:54.693037,0 days 00:25:16.878259,3,0.05,128,0.1,278,0.30000000000000004,115,0,0.0003301865929407702,1,1000,4,COMPLETE
86,0.3867785334587097,0.38352152705192566,2025-01-20 06:04:54.694000,2025-01-20 06:15:48.891590,0 days 00:10:54.197590,2,0.1,32,0.45,293,0.35000000000000003,94,1,0.00019725686087207839,1,400,2,COMPLETE
87,0.4254550039768219,0.36384281516075134,2025-01-20 06:15:48.892689,2025-01-20 06:35:30.822232,0 days 00:19:41.929543,3,0.0,64,0.5,208,0.45,120,0,0.0002785629526667087,3,1800,5,COMPLETE
88,0.4378131330013275,0.36701488494873047,2025-01-20 06:35:30.823224,2025-01-20 06:43:42.760676,0 days 00:08:11.937452,4,0.15000000000000002,32,0.5,156,0.35000000000000003,124,0,0.0007832228233439425,1,1100,2,COMPLETE
89,0.4218165874481201,0.36353355646133423,2025-01-20 06:43:42.761884,2025-01-20 06:50:38.444470,0 days 00:06:55.682586,2,0.05,32,0.05,215,0.05,107,0,0.0003660053538108334,2,200,2,COMPLETE
90,0.4007250666618347,0.3750649392604828,2025-01-20 06:50:38.445495,2025-01-20 07:02:13.106114,0 days 00:11:34.660619,5,0.45,16,0.2,261,0.25,85,0,0.00010508085219318527,1,900,2,COMPLETE
91,0.3848232626914978,0.37699079513549805,2025-01-20 07:02:13.106990,2025-01-20 07:07:21.273663,0 days 00:05:08.166673,4,0.15000000000000002,32,0.1,155,0.35000000000000003,128,0,0.001318842071928036,1,1100,2,COMPLETE
92,0.00021774768538307399,0.5371642112731934,2025-01-20 07:07:21.274694,2025-01-20 07:09:59.843688,0 days 00:02:38.568994,2,0.35000000000000003,32,0.5,144,0.30000000000000004,124,1,0.004565159809316422,1,1100,4,COMPLETE
93,0.3846239745616913,0.38616007566452026,2025-01-20 07:09:59.844688,2025-01-20 07:16:39.691212,0 days 00:06:39.846524,2,0.2,32,0.45,223,0.1,79,0,0.00022535829065104505,2,1200,2,COMPLETE
94,0.03865169361233711,0.5177639722824097,2025-01-20 07:16:39.692180,2025-01-20 07:21:37.283517,0 days 00:04:57.591337,2,0.1,128,0.4,149,0.5,117,0,0.009921281511274506,3,1000,2,COMPLETE
95,0.4231572151184082,0.3638627827167511,2025-01-20 07:21:37.284567,2025-01-20 07:30:57.570306,0 days 00:09:20.285739,4,0.4,32,0.5,189,0.4,63,0,0.0007722355951397329,1,1000,3,COMPLETE
96,0.4009357988834381,0.3776925206184387,2025-01-20 07:30:57.571364,2025-01-20 07:37:27.250321,0 days 00:06:29.678957,2,0.5,64,0.5,158,0.25,126,1,0.0004186216628321973,1,1300,2,COMPLETE
97,0.346261590719223,0.3967990279197693,2025-01-20 07:37:27.251126,2025-01-20 07:43:20.457781,0 days 00:05:53.206655,2,0.15000000000000002,32,0.15000000000000002,164,0.30000000000000004,121,0,0.0018786157929218676,1,1200,2,COMPLETE
98,0.3108382225036621,0.4175885319709778,2025-01-20 07:43:20.458397,2025-01-20 08:03:45.647108,0 days 00:20:25.188711,5,0.05,32,0.35000000000000003,195,0.2,90,0,0.003008302620373972,1,1100,5,COMPLETE
99,0.4142340123653412,0.3749149441719055,2025-01-20 08:03:45.648161,2025-01-20 08:12:26.516966,0 days 00:08:40.868805,2,0.25,16,0.45,138,0.35000000000000003,45,0,0.0004814148678421651,3,900,2,COMPLETE
