number,values_0,values_1,datetime_start,datetime_complete,duration,params_colsample_bytree,params_gamma,params_learning_rate,params_max_depth,params_min_child_weight,params_n_estimators,params_reg_alpha,params_reg_lambda,params_subsample,state
85,0.4331925258167371,0.36867705205106743,2024-12-11 13:22:40.870661,2024-12-11 13:24:19.113652,0 days 00:01:38.242991,0.53010527817986,0.0031026943551725333,0.07220079353638348,73,30,1871,1.2263290606359682,1.4951555225081214,0.5710982242747096,COMPLETE
86,0.4188196255828055,0.3848133512893986,2024-12-11 13:24:19.114429,2024-12-11 13:24:35.635432,0 days 00:00:16.521003,0.5098135988190523,1.7053422055303928,0.028055002698522458,54,36,413,1.5217028003827853,2.322079087443944,0.6794335696708493,COMPLETE
87,0.4181152171327029,0.37801193104015396,2024-12-11 13:24:35.636199,2024-12-11 13:24:50.684236,0 days 00:00:15.048037,0.5499198037315002,1.621703631556257,0.10694297113897824,47,32,581,0.8670385134717866,2.7937970773538403,0.5879848227024299,COMPLETE
88,0.3102701826434385,0.41524464824862684,2024-12-11 13:24:50.684983,2024-12-11 13:25:25.664941,0 days 00:00:34.979958,0.5858761891819119,2.4601043257027926,0.606556113607634,52,25,1774,2.680351370769616,1.2501400000081768,0.5568281663050462,COMPLETE
89,0.23502453989676617,0.4723951625478751,2024-12-11 13:25:25.665660,2024-12-11 13:26:00.307710,0 days 00:00:34.642050,0.5579156074642365,0.16701882844400665,0.6799874621824068,56,34,1572,1.293046457418276,0.7282521308497216,0.6604456372813396,COMPLETE
90,0.21815257751984846,0.49501711693067046,2024-12-11 13:26:00.308543,2024-12-11 13:26:38.840236,0 days 00:00:38.531693,0.5254685634407037,0.38713411031852707,0.8451001780787806,40,13,1864,1.5816522881757156,0.994242351496353,0.6998217750692408,COMPLETE
91,0.4329047252935917,0.36893746475433015,2024-12-11 13:26:38.840971,2024-12-11 13:27:20.112393,0 days 00:00:41.271422,0.5379544850624735,0.08349088131314365,0.06451777159870621,51,31,1012,0.9301823423307302,0.07354145310776361,0.7622436574932754,COMPLETE
92,0.44904952188196817,0.3633006658724945,2024-12-11 13:27:20.113165,2024-12-11 13:28:20.515051,0 days 00:01:00.401886,0.9933196149412109,0.13877260731938562,0.0597673517296155,45,29,1683,1.350856816360902,0.30308805909574965,0.6079690401650133,COMPLETE
93,0.3725152769684738,0.3921272595034041,2024-12-11 13:28:20.515810,2024-12-11 13:28:30.837743,0 days 00:00:10.321933,0.5041654444949322,0.3106913688616922,0.2757122717518018,45,1,246,1.0537597208587108,1.1424154334604528,0.999026362290546,COMPLETE
94,0.20534271706875482,0.509461837361693,2024-12-11 13:28:30.838512,2024-12-11 13:28:35.170760,0 days 00:00:04.332248,0.9961514142603967,1.3799036447060766,0.9977248976131616,48,28,64,1.7700938781268458,2.002020221834653,0.6091642743417034,COMPLETE
95,0.3855734328008065,0.383851037175987,2024-12-11 13:28:35.171505,2024-12-11 13:29:13.989342,0 days 00:00:38.817837,0.7776795556806699,1.8191684524651404,0.235771892179362,43,19,1892,1.1478817108456711,1.7929622685975342,0.7449556599037322,COMPLETE
96,0.36644987141279284,0.4955342672096103,2024-12-11 13:29:13.990074,2024-12-11 13:30:45.184213,0 days 00:01:31.194139,0.5681099040583706,0.44849877216841405,0.0004121137954199959,49,29,869,2.941301890935922,0.2758266632474564,0.7173681225726964,COMPLETE
97,0.39458838433151255,0.3896911661424562,2024-12-11 13:30:45.184997,2024-12-11 13:31:21.822865,0 days 00:00:36.637868,0.6265345022591918,2.6333879775350213,0.13429771264376744,66,35,1817,1.3351946921978954,1.3410686860231147,0.6828831287795656,COMPLETE
98,0.4295832112057427,0.3692631475918475,2024-12-11 13:31:21.823564,2024-12-11 13:32:15.309237,0 days 00:00:53.485673,0.6977078829427065,0.1937271641170216,0.048290023801519075,46,37,1204,1.418807843474147,0.3819791252946205,0.5008978510971638,COMPLETE
99,0.31547384484771646,0.4139785609529637,2024-12-11 13:32:15.309961,2024-12-11 13:32:54.516186,0 days 00:00:39.206225,0.6639541146101945,2.002509755494669,0.45202232238688217,50,26,1956,1.861623287854504,0.5702936326833324,0.5342668123793857,COMPLETE
