number,values_0,values_1,datetime_start,datetime_complete,duration,params_colsample_bytree,params_gamma,params_learning_rate,params_max_depth,params_min_child_weight,params_n_estimators,params_reg_alpha,params_reg_lambda,params_subsample,state
0,0.28648060397107056,0.42644056277920817,2024-12-11 12:27:45.323046,2024-12-11 12:27:59.596927,0 days 00:00:14.273881,0.6494150261190401,2.3837800112718743,0.8323770923301818,72,14,632,1.869565649031123,0.285435900049407,0.6893787649168501,COMPLETE
1,0.39897059054612505,0.38761032850038035,2024-12-11 12:27:59.597598,2024-12-11 12:28:11.412286,0 days 00:00:11.814688,0.6721674437567815,2.5406999439759974,0.09980870578971791,4,14,468,1.1028398740711198,0.866088384490826,0.5251785913851028,COMPLETE
2,0.31470795097444343,0.4073586332582382,2024-12-11 12:28:11.412934,2024-12-11 12:28:37.672687,0 days 00:00:26.259753,0.9081043205118527,1.5122182143816447,0.6491004002670592,14,3,1179,1.5056909894435924,1.0316381821180438,0.9740281470929255,COMPLETE
3,0.2974979819150284,0.418678382093802,2024-12-11 12:28:37.673434,2024-12-11 12:29:14.861055,0 days 00:00:37.187621,0.8719927712205282,1.6700287292646452,0.7567548169422371,63,43,1760,2.6238106860617183,1.7327168099773127,0.7732512403009013,COMPLETE
4,0.3356751959488752,0.4085554211170826,2024-12-11 12:29:14.861691,2024-12-11 12:29:30.115078,0 days 00:00:15.253387,0.6076894948819567,0.12892525298984403,0.4259603191578817,49,47,464,1.1418237701678542,1.8970267546746102,0.701024222163634,COMPLETE
5,0.27307355212067685,0.4406957115896798,2024-12-11 12:29:30.115757,2024-12-11 12:29:50.909711,0 days 00:00:20.793954,0.5693900603884976,2.8016213284551172,0.8239754015799556,2,33,1004,1.4951592640583602,2.1684357543655772,0.5612866089456715,COMPLETE
6,0.3811299153924225,0.3899565006673983,2024-12-11 12:29:50.910342,2024-12-11 12:29:56.214578,0 days 00:00:05.304236,0.7588218826250464,1.9027462052014599,0.24421272723220305,12,29,142,2.463335496215717,0.48487417623783785,0.7851295582371448,COMPLETE
7,0.4231255301602824,0.372894668498832,2024-12-11 12:29:56.215237,2024-12-11 12:30:34.186276,0 days 00:00:37.971039,0.9683872641534776,1.1654652462975177,0.08195438323195314,44,41,1533,0.090581784130758,0.35977439932034827,0.5950194140035043,COMPLETE
8,0.19133681616519288,0.5199173545090237,2024-12-11 12:30:34.186928,2024-12-11 12:30:49.651939,0 days 00:00:15.465011,0.6045964928326064,0.048524884267337365,0.8667396556036776,59,17,522,1.0849519951265525,0.22865266973640247,0.7276705518791937,COMPLETE
9,0.417368827495941,0.37689719568233804,2024-12-11 12:30:49.652641,2024-12-11 12:31:15.614535,0 days 00:00:25.961894,0.5988705729489341,1.3902785116347396,0.08915977446689549,48,22,1115,1.1828350717444538,2.684518153522482,0.6564385017323597,COMPLETE
10,0.44043221219906137,0.36731147534407127,2024-12-11 12:31:15.615180,2024-12-11 12:32:36.868213,0 days 00:01:21.253033,0.9789038792198559,0.9218467789818001,0.013686362596147153,28,38,1971,0.038018218191996134,1.170418704028783,0.5204826250287047,COMPLETE
11,0.44127997391552665,0.3675847070882267,2024-12-11 12:32:36.868883,2024-12-11 12:33:39.287253,0 days 00:01:02.418370,0.980797589827934,0.9647026762592678,0.02725449776841756,28,38,1992,0.05388248123601437,1.212327032249808,0.5038525628662323,COMPLETE
12,0.3440295404905835,0.40566722759737006,2024-12-11 12:33:39.287964,2024-12-11 12:34:23.913895,0 days 00:00:44.625931,0.9912365459529642,0.7905829838018534,0.31915868743567705,30,35,1998,0.02625044864706942,1.2921190353581578,0.507641352408079,COMPLETE
13,0.4462885897255841,0.3674348792606309,2024-12-11 12:34:23.914561,2024-12-11 12:35:50.487196,0 days 00:01:26.572635,0.847157752998227,0.834586979093164,0.010874976932587911,28,38,1992,0.4838557526734475,1.3461370049071713,0.6006594637718756,COMPLETE
14,0.37921176083148844,0.3854295498278848,2024-12-11 12:35:50.487935,2024-12-11 12:36:24.026074,0 days 00:00:33.538139,0.5054280657608221,0.6163673423090251,0.22178696603519607,29,26,1537,0.7174159094446952,1.5179859301262129,0.6238198470816432,COMPLETE
15,0.1395545219987456,0.6355498482019108,2024-12-11 12:36:24.026828,2024-12-11 12:37:01.885058,0 days 00:00:37.858230,0.7929092540057918,0.47276479037099417,0.9585058430782836,20,49,1681,0.5988590948173661,0.7779070038057639,0.6200548674395866,COMPLETE
16,0.4299406713927483,0.37860811950087525,2024-12-11 12:37:01.885725,2024-12-11 12:37:57.188186,0 days 00:00:55.302461,0.8266612459627373,1.0884685547674455,0.010375776132810753,36,31,1316,2.933694329967179,2.9174752769225583,0.8272592653819361,COMPLETE
17,0.2398715546398719,0.4634895380410737,2024-12-11 12:37:57.188863,2024-12-11 12:38:36.207981,0 days 00:00:39.019118,0.7419181921993399,0.4271800153972192,0.5520025582375736,39,3,1803,0.524854265830551,0.04248486214947489,0.5859906803976724,COMPLETE
18,0.4048662933694234,0.37897370662015395,2024-12-11 12:38:36.208674,2024-12-11 12:39:08.678159,0 days 00:00:32.469485,0.9006061517559024,0.8002405192354782,0.1849419359379968,19,42,1416,0.546669571673544,1.436078475598556,0.6602898421015806,COMPLETE
19,0.35133009479883126,0.3932122494117308,2024-12-11 12:39:08.678833,2024-12-11 12:39:25.657429,0 days 00:00:16.978596,0.724245904934441,2.0968228031881697,0.3613541432199275,56,23,781,1.9141229969179427,0.6826015559140391,0.5568673696292256,COMPLETE
20,0.40184892168465475,0.377644706040972,2024-12-11 12:39:25.658104,2024-12-11 12:40:05.143937,0 days 00:00:39.485833,0.8336174336797754,1.3092968915306218,0.15719548645636439,24,37,1839,0.43697187183356556,1.1642018194367614,0.5571980717440194,COMPLETE
21,0.42015173970439906,0.3831736954748779,2024-12-11 12:40:05.144599,2024-12-11 12:43:05.229926,0 days 00:03:00.085327,0.9268341568362086,0.9815001507121623,0.0018903281096050994,33,38,1980,0.2514460921406987,1.0436527023536017,0.5086057157101285,COMPLETE
22,0.3809496451379129,0.3850512082481847,2024-12-11 12:43:05.230685,2024-12-11 12:43:39.705005,0 days 00:00:34.474320,0.86186018495293,0.9039727876164967,0.2949418570249,27,43,1650,0.8367112317639436,2.193419381706903,0.8359222513078586,COMPLETE
23,0.43701710488526374,0.37325409697778034,2024-12-11 12:43:39.705675,2024-12-11 12:45:32.738195,0 days 00:01:53.032520,0.7987343000036784,1.1646768424549487,0.004573268173023486,11,47,1981,0.21205386653268454,1.47042055163968,0.6406947544179818,COMPLETE
24,0.3196155183944461,0.4052227560106402,2024-12-11 12:45:32.738910,2024-12-11 12:45:38.650535,0 days 00:00:05.911625,0.9452600705187311,1.6059185108085985,0.4801594519250884,41,29,165,0.3477126563211407,0.6122475491943985,0.7233638949166029,COMPLETE
25,0.39945044463054835,0.3771691262170964,2024-12-11 12:45:38.651221,2024-12-11 12:46:22.444792,0 days 00:00:43.793571,0.9832288204212543,0.325579143682308,0.15739402535029723,21,9,1854,0.8245833974259454,0.9134661938336899,0.6738494930354202,COMPLETE
26,0.33308978696203617,0.4124818060050548,2024-12-11 12:46:22.445472,2024-12-11 12:46:57.235794,0 days 00:00:34.790322,0.8780631371833076,0.6149725116193259,0.36596660719569885,75,38,1569,0.04416142951678714,1.2158686770890959,0.6063147752579171,COMPLETE
27,0.33906613470068203,0.40272462142941734,2024-12-11 12:46:57.236480,2024-12-11 12:47:23.443304,0 days 00:00:26.206824,0.9383201257529039,0.24050889192928893,0.2546665134865439,35,35,915,0.3866297315516827,1.7177290903712623,0.5404987911974578,COMPLETE
28,0.4236034850063314,0.3721777190963743,2024-12-11 12:47:23.444013,2024-12-11 12:47:57.685626,0 days 00:00:34.241613,0.7110142701682653,0.6769650710395534,0.0944781907515331,7,26,1434,0.7981140949657947,0.5906681076331244,0.6332119441099942,COMPLETE
29,0.2765116546395995,0.4445133959792583,2024-12-11 12:47:57.686386,2024-12-11 12:48:35.630356,0 days 00:00:37.943970,0.683896760060557,0.9807769710926608,0.5608893188344936,68,16,1861,0.27393689450926995,1.2469363954508144,0.584470129330338,COMPLETE
30,0.3893657878153153,0.38972802076235863,2024-12-11 12:48:35.631034,2024-12-11 12:48:44.117329,0 days 00:00:08.486295,0.7717021995077469,2.2838303650063443,0.17332687691808124,16,45,305,1.9038046745012653,0.8971131538560247,0.6838463432195983,COMPLETE
31,0.4259702067394473,0.37659120587846906,2024-12-11 12:48:44.118014,2024-12-11 12:49:42.234010,0 days 00:00:58.115996,0.7998164637288077,1.2874688989608893,0.015819966315042365,25,38,1992,2.1293138549663486,1.4104388623057829,0.6526710461007144,COMPLETE
32,0.3900623258823032,0.3937320332537613,2024-12-11 12:49:42.234690,2024-12-11 12:50:18.545232,0 days 00:00:36.310542,0.8408323503296977,2.9128495740649716,0.054441143735654174,8,50,1705,1.5196532798249507,1.564301067948407,0.5349954213327519,COMPLETE
33,0.4077270767750357,0.38397251090825096,2024-12-11 12:50:18.545885,2024-12-11 12:50:58.712713,0 days 00:00:40.166828,0.7909098615105069,1.1490161562887211,0.13973820792962544,32,9,1892,0.9893579898791018,1.051844394043045,0.9711172904312924,COMPLETE
34,0.38942294359341245,0.39363507612482296,2024-12-11 12:50:58.713379,2024-12-11 12:51:16.810255,0 days 00:00:18.096876,0.9032340791038811,2.6997930388475946,0.04726885572151291,51,41,691,1.3131682202825172,0.7961835866637027,0.5046681879786602,COMPLETE
35,0.317665727591783,0.4146589494753897,2024-12-11 12:51:16.810948,2024-12-11 12:51:42.786562,0 days 00:00:25.975614,0.6807783189231578,2.4920907010753526,0.6495262678221632,43,32,1286,0.9466763231211189,1.9146007691551858,0.641944125991376,COMPLETE
36,0.4101502725145094,0.3784311105899961,2024-12-11 12:51:42.787300,2024-12-11 12:52:20.516908,0 days 00:00:37.729608,0.9559168017685135,1.7709682306744123,0.11378564598274332,11,46,1739,0.6707841158708557,1.3346079381443063,0.5801736575427052,COMPLETE
37,0.4217428721616934,0.37758724027461266,2024-12-11 12:52:20.517665,2024-12-11 12:53:01.918894,0 days 00:00:41.401229,0.6395597007170082,1.4762882909425863,0.06805964006021664,16,35,1917,1.6644485860211091,1.0774396844247427,0.6066827166309489,COMPLETE
38,0.3829667201093273,0.38813090813300277,2024-12-11 12:53:01.919592,2024-12-11 12:53:34.947643,0 days 00:00:33.028051,0.8849080491809467,2.972704586211737,0.19642302164018888,69,29,1619,1.236627459664223,1.5768254106131283,0.5662618532229274,COMPLETE
39,0.40828883552276485,0.3816059535120345,2024-12-11 12:53:34.948341,2024-12-11 12:54:13.834379,0 days 00:00:38.886038,0.923082235018824,1.897719299521523,0.11539362743329443,23,1,1779,0.23016989075918626,0.9923920841401389,0.6921610635322232,COMPLETE
40,0.19519894498971957,0.5085916779678913,2024-12-11 12:54:13.835059,2024-12-11 12:54:38.896960,0 days 00:00:25.061901,0.8500591592840144,0.0476446604039924,0.7382653898672986,46,20,919,1.3256651227423417,0.3830770771702129,0.6171291764817521,COMPLETE
41,0.42475638016644135,0.3717210321322586,2024-12-11 12:54:38.897658,2024-12-11 12:55:12.923696,0 days 00:00:34.026038,0.7053429012539061,0.6694856981708369,0.08894976515068581,5,11,1412,0.7602833956411041,0.5075909960032985,0.5363014731287625,COMPLETE
42,0.1015440401606292,0.7737586950611692,2024-12-11 12:55:12.924433,2024-12-11 12:55:29.201022,0 days 00:00:16.276589,0.9967241742676798,0.18424548380283357,0.9840227490213871,27,11,364,0.4431681842644646,1.1781003165405304,0.5288514402177573,COMPLETE
43,0.4334753959827144,0.37216728688150746,2024-12-11 12:55:29.201783,2024-12-11 12:56:15.915991,0 days 00:00:46.714208,0.958476272687396,1.25611759838594,0.048297058251371865,38,40,1926,0.15094417978522406,1.388287747288905,0.7105732115917085,COMPLETE
44,0.3837497595282844,0.38507915335184223,2024-12-11 12:56:15.916724,2024-12-11 12:56:52.346091,0 days 00:00:36.429367,0.8172248696853524,1.4920946898963598,0.25541457003871554,54,46,1764,0.6642245476533908,0.16594095191902758,0.6389917445051247,COMPLETE
45,0.32562339103815663,0.4268024792261106,2024-12-11 12:56:52.346758,2024-12-11 12:57:22.552601,0 days 00:00:30.205843,0.8614465220559471,0.790140620001943,0.0037010855583302863,1,33,1445,0.9997875575543189,0.448922874390264,0.5960679134540555,COMPLETE
46,0.41560597739985006,0.3747570173187723,2024-12-11 12:57:22.553365,2024-12-11 12:58:05.495176,0 days 00:00:42.941811,0.7465715946523828,1.0626006261714012,0.12559727964289302,64,44,2000,0.5051826649863125,0.010036967307394562,0.6748804333288894,COMPLETE
47,0.23262658877134434,0.4788833786655757,2024-12-11 12:58:05.495891,2024-12-11 12:58:30.968127,0 days 00:00:25.472236,0.770747623177349,0.5155404376327498,0.8963907814438719,30,48,1152,2.4620975758903665,2.468852842412352,0.7319847691169347,COMPLETE
48,0.40019043374558266,0.3775800223795005,2024-12-11 12:58:30.968795,2024-12-11 12:58:46.373260,0 days 00:00:15.404465,0.8168822513661151,0.8659594326082808,0.22015077301700506,33,27,589,0.598260778352822,2.9592407900798823,0.7604616159872318,COMPLETE
49,0.419596919719155,0.37468122060105735,2024-12-11 12:58:46.373984,2024-12-11 12:59:32.858981,0 days 00:00:46.484997,0.8855850456189124,0.6680556314908328,0.09503484162651635,17,22,1916,0.177604037731598,1.8324993290016693,0.5668835874542244,COMPLETE
50,0.18559476873533037,0.5359123143275611,2024-12-11 12:59:32.859663,2024-12-11 13:00:03.392697,0 days 00:00:30.533034,0.910775605695882,0.29451512042502226,0.7597746845711237,22,40,1295,0.38185807448506703,1.6108179867871455,0.6203071819570186,COMPLETE
51,0.43348833860425967,0.3777629602813332,2024-12-11 13:00:03.393389,2024-12-11 13:00:45.960843,0 days 00:00:42.567454,0.5371820323524539,1.2975309905644261,0.048190151035652655,38,40,1923,0.09648852509623834,1.3954967314442515,0.9203313108136917,COMPLETE
52,0.3681379989408836,0.38654765043616124,2024-12-11 13:00:45.961546,2024-12-11 13:01:21.334558,0 days 00:00:35.373012,0.5652842930169326,2.23921219851581,0.4384111826795803,28,34,1825,2.857888635900059,1.2939527641401176,0.7040329482761678,COMPLETE
53,0.4297086343802551,0.3782076455202212,2024-12-11 13:01:21.335400,2024-12-11 13:01:35.157545,0 days 00:00:13.822145,0.9662174944181564,0.0007624049934773502,0.04008355438432501,37,31,81,0.5726763124085117,1.422032115204747,0.7803840482173704,COMPLETE
54,0.3985416532668314,0.39086975004909885,2024-12-11 13:01:35.158267,2024-12-11 13:01:59.158011,0 days 00:00:23.999744,0.6530604798699796,2.6267940132329963,0.07276463180784748,12,40,1069,0.7111862881237713,0.7804450070873014,0.6534785067546269,COMPLETE
55,0.19731189241192984,0.564651482652172,2024-12-11 13:01:59.158706,2024-12-11 13:02:40.575730,0 days 00:00:41.417024,0.8636744726992228,1.2317145934691647,0.9003603180679958,60,36,1926,1.0931264903896851,1.1213239872399476,0.5491586294979939,COMPLETE
56,0.4229889461324975,0.3804264682064173,2024-12-11 13:02:40.576453,2024-12-11 13:04:51.182262,0 days 00:02:10.605809,0.7139692039487853,1.0327270940562001,0.002786006376209479,41,43,1628,0.1711300021151227,0.9728551728474968,0.5232387015770992,COMPLETE
57,0.3873363619414036,0.37947683674207416,2024-12-11 13:04:51.183025,2024-12-11 13:05:32.137109,0 days 00:00:40.954084,0.8460675339046027,0.42196745177734307,0.1451084662689351,25,5,1706,0.29413999004539626,0.29524952797685855,0.5802577488561529,COMPLETE
58,0.38008796204457396,0.38587672830894715,2024-12-11 13:05:32.137812,2024-12-11 13:06:11.027983,0 days 00:00:38.890171,0.9772469806761314,1.3832022454048536,0.2836473422522046,19,38,1800,0.4717153879678355,1.5076456956292223,0.5985304916041617,COMPLETE
59,0.3764537260258475,0.3869164292586569,2024-12-11 13:06:11.028748,2024-12-11 13:06:30.584277,0 days 00:00:19.555529,0.9506986960800378,0.9002199015089207,0.3365576103345211,32,14,809,0.877769851532052,2.108741847818556,0.8098087545602608,COMPLETE
60,0.3672622665226285,0.3928596559817625,2024-12-11 13:06:30.585018,2024-12-11 13:06:37.370719,0 days 00:00:06.785701,0.7578785120238036,1.184803110528126,0.38838987826548077,4,36,232,0.7622686260465209,2.8077278434874886,0.8642573014398846,COMPLETE
61,0.4394013117462732,0.36783893468322576,2024-12-11 13:06:37.371399,2024-12-11 13:07:31.738234,0 days 00:00:54.366835,0.924919539441191,0.763318075542851,0.04487722846444423,39,40,1945,0.10602041270076934,2.557504636410227,0.6261482450329959,COMPLETE
62,0.3929767138552663,0.3808633320176956,2024-12-11 13:07:31.738935,2024-12-11 13:08:13.436405,0 days 00:00:41.697470,0.8285115109832639,0.7450472663271923,0.19283707859460636,35,39,1964,0.3387031765908244,1.2745678357043602,0.745507339474569,COMPLETE
63,0.42290148490258206,0.3733767269657527,2024-12-11 13:08:13.437112,2024-12-11 13:08:30.211667,0 days 00:00:16.774555,0.9311267078425453,0.602303069153018,0.09368929266902187,26,19,455,2.2668745561474912,2.580190185690493,0.7087370221412288,COMPLETE
64,0.43320634238175604,0.37188269331144025,2024-12-11 13:08:30.212409,2024-12-11 13:09:24.733665,0 days 00:00:54.521256,0.8817594459551803,0.9563028047990574,0.028608432813344284,49,42,1948,1.7403571441924028,0.5209998481500663,0.6682715958212391,COMPLETE
65,0.31779564465166954,0.4225295751933148,2024-12-11 13:09:24.734369,2024-12-11 13:10:02.225648,0 days 00:00:37.491279,0.6112261784936917,0.9646680136762689,0.5555843392086155,30,42,1840,1.650792674223314,1.6861249899443929,0.6671106235617377,COMPLETE
66,0.43808617321663307,0.3698978113099412,2024-12-11 13:10:02.226483,2024-12-11 13:10:46.402291,0 days 00:00:44.175808,0.8058441108545985,1.1051639705413558,0.030690479760911864,49,33,1509,0.038568111138091,0.8714674997961855,0.6291084938290811,COMPLETE
67,0.45530452424033446,0.3631698901858755,2024-12-11 13:10:46.403035,2024-12-11 13:12:04.994866,0 days 00:01:18.591831,0.5040456357682221,0.12244798675369806,0.030614533159020515,48,32,1876,1.2112599836946008,1.1528350935124287,0.6316610721252384,COMPLETE
68,0.40264180895400725,0.3815171703146544,2024-12-11 13:12:04.995588,2024-12-11 13:12:44.466462,0 days 00:00:39.470874,0.5137352244016984,0.09468555013881996,0.15789200585174357,54,24,1506,1.3436511196812206,0.6592710012205844,0.686309937759495,COMPLETE
69,0.28347700608647,0.43778915935592444,2024-12-11 13:12:44.467169,2024-12-11 13:13:19.440201,0 days 00:00:34.973032,0.5775311155255395,0.18826473817763933,0.47544044130054697,44,30,1575,1.1780344721323952,0.8382477642851734,0.6264396044425712,COMPLETE
70,0.4111652520301635,0.3755707067601013,2024-12-11 13:13:19.440895,2024-12-11 13:13:57.445281,0 days 00:00:38.004386,0.5006812417437144,0.13883406164425607,0.12370856603187304,51,28,1361,1.4498357182477561,1.0965264666897507,0.6494045155096773,COMPLETE
71,0.2038754607116866,0.5082368752297359,2024-12-11 13:13:57.445970,2024-12-11 13:14:30.622158,0 days 00:00:33.176188,0.7311277515310743,0.26236504837468405,0.8028984783204158,47,24,1493,2.042203245829626,1.1910794887849852,0.6370136257593696,COMPLETE
72,0.4412894763859187,0.37104621238920044,2024-12-11 13:14:30.622855,2024-12-11 13:15:19.140880,0 days 00:00:48.518025,0.6285667336101957,0.3721001068621997,0.029240620922967437,50,32,1566,1.8150301208659658,0.92430647324358,0.9917941734297728,COMPLETE
73,0.23259736507104867,0.47229671497627007,2024-12-11 13:15:19.141612,2024-12-11 13:15:45.971513,0 days 00:00:26.829901,0.5224938068768001,0.3600578097500917,0.6330697577178381,57,33,1202,1.0731917210376,0.8932132262426813,0.6115743839828535,COMPLETE
74,0.4383866116955213,0.3665956485827936,2024-12-11 13:15:45.972324,2024-12-11 13:16:31.678598,0 days 00:00:45.706274,0.5341944440481383,0.094838816468908,0.06809548016947548,53,31,1666,1.2373002359966099,0.7395214815934434,0.9994649758990615,COMPLETE
75,0.43740716003154534,0.3673667443618652,2024-12-11 13:16:31.679335,2024-12-11 13:17:22.230374,0 days 00:00:50.551039,0.5345531943286425,0.1263690447510322,0.06788338410134899,52,31,1670,0.9278473860595188,0.6886993250894738,0.7589517194093397,COMPLETE
76,0.4434752116301084,0.3655732543110749,2024-12-11 13:17:22.231099,2024-12-11 13:18:15.227174,0 days 00:00:52.996075,0.528582881070155,0.1110659283821251,0.06372756113193591,61,31,1725,1.153187366057491,0.7241199584338861,0.7693334180147091,COMPLETE
77,0.21224753575318372,0.5033847231893592,2024-12-11 13:18:15.227919,2024-12-11 13:18:53.172059,0 days 00:00:37.944140,0.5006315369293695,0.3481709865775192,0.9480499853484312,41,28,1869,1.22774801138497,0.9619134479820741,0.7955346289647791,COMPLETE
78,0.2916841970214486,0.4288859030564766,2024-12-11 13:18:53.172765,2024-12-11 13:19:30.516281,0 days 00:00:37.343516,0.5415144706430348,0.21881896591604466,0.5229823064016523,63,30,1739,1.432672977236649,1.130744399011689,0.6936469454916678,COMPLETE
79,0.34143951372234926,0.40209611953812274,2024-12-11 13:19:30.517126,2024-12-11 13:20:11.004923,0 days 00:00:40.487797,0.5170190793356163,0.06561635132186136,0.4031796076457178,45,32,1804,1.1529497769776864,1.0419383453321251,0.7344308701249606,COMPLETE
80,0.37264511272043127,0.3895218717953453,2024-12-11 13:20:11.005696,2024-12-11 13:20:30.559731,0 days 00:00:19.554035,0.5475028632867153,2.8316317482219886,0.30460204326896845,57,6,927,1.012809145324468,1.3337965318544742,0.7190277273633725,COMPLETE
81,0.4373489711200671,0.36697914597680104,2024-12-11 13:20:30.560471,2024-12-11 13:21:24.746337,0 days 00:00:54.185866,0.5173774372157165,0.1556147464674722,0.07071544264086685,52,31,1677,0.8672744971966241,1.2284319699504245,0.5180930607266081,COMPLETE
82,0.3574630007052294,0.39217226421679785,2024-12-11 13:21:24.747116,2024-12-11 13:21:39.594484,0 days 00:00:14.847368,0.5253765555769443,2.0935934438223724,0.3385846333875393,42,16,662,1.2734279517618345,1.2011586580664415,0.518004236774187,COMPLETE
83,0.36876808751955903,0.39341979191475324,2024-12-11 13:21:39.595247,2024-12-11 13:22:17.387491,0 days 00:00:37.792244,0.513821494193853,0.5169529703501197,0.21974930958431985,61,34,1713,1.1373826054326501,0.20870248388389068,0.5450279160336408,COMPLETE
84,0.3848070048479783,0.3879467767971767,2024-12-11 13:22:17.388243,2024-12-11 13:22:40.869909,0 days 00:00:23.481666,0.5564884306557331,0.2604830275523985,0.17253701734612797,68,27,754,1.388365523819353,0.13371925844507837,0.5088063883025591,COMPLETE
